[2025-07-10T04:35:19.318+0000] {local_task_job_runner.py:123} INFO - ::group::Pre task execution logs
[2025-07-10T04:35:19.356+0000] {taskinstance.py:2614} INFO - Dependencies all met for dep_context=non-requeueable deps ti=<TaskInstance: fraud_detection_training.cleanup_resources scheduled__2025-07-09T03:00:00+00:00 [queued]>
[2025-07-10T04:35:19.399+0000] {taskinstance.py:2614} INFO - Dependencies all met for dep_context=requeueable deps ti=<TaskInstance: fraud_detection_training.cleanup_resources scheduled__2025-07-09T03:00:00+00:00 [queued]>
[2025-07-10T04:35:19.404+0000] {taskinstance.py:2867} INFO - Starting attempt 1 of 1
[2025-07-10T04:35:19.448+0000] {taskinstance.py:2890} INFO - Executing <Task(BashOperator): cleanup_resources> on 2025-07-09 03:00:00+00:00
[2025-07-10T04:35:19.472+0000] {warnings.py:112} WARNING - /home/***/.local/lib/python3.12/site-packages/***/task/task_runner/standard_task_runner.py:70: DeprecationWarning: This process (pid=3740) is multi-threaded, use of fork() may lead to deadlocks in the child.
  pid = os.fork()

[2025-07-10T04:35:19.474+0000] {standard_task_runner.py:72} INFO - Started process 3741 to run task
[2025-07-10T04:35:19.474+0000] {standard_task_runner.py:104} INFO - Running: ['***', 'tasks', 'run', 'fraud_detection_training', 'cleanup_resources', 'scheduled__2025-07-09T03:00:00+00:00', '--job-id', '68', '--raw', '--subdir', 'DAGS_FOLDER/fraud_detection_training_dag.py', '--cfg-path', '/tmp/tmph2ysf2kn']
[2025-07-10T04:35:19.475+0000] {standard_task_runner.py:105} INFO - Job 68: Subtask cleanup_resources
[2025-07-10T04:35:19.560+0000] {task_command.py:467} INFO - Running <TaskInstance: fraud_detection_training.cleanup_resources scheduled__2025-07-09T03:00:00+00:00 [running]> on host 4b05f88abac2
[2025-07-10T04:35:19.690+0000] {taskinstance.py:3134} INFO - Exporting env vars: AIRFLOW_CTX_DAG_OWNER='Jasjot Parmar' AIRFLOW_CTX_DAG_ID='fraud_detection_training' AIRFLOW_CTX_TASK_ID='cleanup_resources' AIRFLOW_CTX_EXECUTION_DATE='2025-07-09T03:00:00+00:00' AIRFLOW_CTX_TRY_NUMBER='1' AIRFLOW_CTX_DAG_RUN_ID='scheduled__2025-07-09T03:00:00+00:00'
[2025-07-10T04:35:19.692+0000] {taskinstance.py:732} INFO - ::endgroup::
[2025-07-10T04:35:19.713+0000] {subprocess.py:78} INFO - Tmp dir root location: /tmp
[2025-07-10T04:35:19.716+0000] {subprocess.py:88} INFO - Running command: ['/usr/bin/bash', '-c', 'rm -f /app/tmp/*.pkl']
[2025-07-10T04:35:19.735+0000] {subprocess.py:99} INFO - Output:
[2025-07-10T04:35:19.742+0000] {subprocess.py:110} INFO - Command exited with return code 0
[2025-07-10T04:35:19.781+0000] {taskinstance.py:341} INFO - ::group::Post task execution logs
[2025-07-10T04:35:19.782+0000] {taskinstance.py:353} INFO - Marking task as SUCCESS. dag_id=fraud_detection_training, task_id=cleanup_resources, run_id=scheduled__2025-07-09T03:00:00+00:00, execution_date=20250709T030000, start_date=20250710T043519, end_date=20250710T043519
[2025-07-10T04:35:19.851+0000] {local_task_job_runner.py:266} INFO - Task exited with return code 0
[2025-07-10T04:35:19.877+0000] {taskinstance.py:3901} INFO - 0 downstream tasks scheduled from follow-on schedule check
[2025-07-10T04:35:19.880+0000] {local_task_job_runner.py:245} INFO - ::endgroup::
