[2025-06-27T00:00:17.863+0000] {processor.py:186} INFO - Started process (PID=12345) to work on /opt/airflow/dags/fraud_detection_training_dag.py
[2025-06-27T00:00:17.864+0000] {processor.py:914} INFO - Processing file /opt/airflow/dags/fraud_detection_training_dag.py for tasks to queue
[2025-06-27T00:00:17.867+0000] {logging_mixin.py:190} INFO - [2025-06-27T00:00:17.866+0000] {dagbag.py:588} INFO - Filling up the DagBag from /opt/airflow/dags/fraud_detection_training_dag.py
[2025-06-27T00:00:17.884+0000] {processor.py:925} INFO - DAG(s) 'fraud_detection_training' retrieved from /opt/airflow/dags/fraud_detection_training_dag.py
[2025-06-27T00:00:17.911+0000] {logging_mixin.py:190} INFO - [2025-06-27T00:00:17.911+0000] {dag.py:3239} INFO - Sync 1 DAGs
[2025-06-27T00:00:17.935+0000] {logging_mixin.py:190} INFO - [2025-06-27T00:00:17.935+0000] {dag.py:4180} INFO - Setting next_dagrun for fraud_detection_training to 2025-06-26 03:00:00+00:00, run_after=2025-06-27 03:00:00+00:00
[2025-06-27T00:00:17.954+0000] {processor.py:208} INFO - Processing /opt/airflow/dags/fraud_detection_training_dag.py took 0.097 seconds
[2025-06-27T00:00:48.075+0000] {processor.py:186} INFO - Started process (PID=12352) to work on /opt/airflow/dags/fraud_detection_training_dag.py
[2025-06-27T00:00:48.076+0000] {processor.py:914} INFO - Processing file /opt/airflow/dags/fraud_detection_training_dag.py for tasks to queue
[2025-06-27T00:00:48.078+0000] {logging_mixin.py:190} INFO - [2025-06-27T00:00:48.078+0000] {dagbag.py:588} INFO - Filling up the DagBag from /opt/airflow/dags/fraud_detection_training_dag.py
[2025-06-27T00:00:48.094+0000] {processor.py:925} INFO - DAG(s) 'fraud_detection_training' retrieved from /opt/airflow/dags/fraud_detection_training_dag.py
[2025-06-27T00:00:48.121+0000] {logging_mixin.py:190} INFO - [2025-06-27T00:00:48.121+0000] {dag.py:3239} INFO - Sync 1 DAGs
[2025-06-27T00:00:48.148+0000] {logging_mixin.py:190} INFO - [2025-06-27T00:00:48.148+0000] {dag.py:4180} INFO - Setting next_dagrun for fraud_detection_training to 2025-06-26 03:00:00+00:00, run_after=2025-06-27 03:00:00+00:00
[2025-06-27T00:00:48.168+0000] {processor.py:208} INFO - Processing /opt/airflow/dags/fraud_detection_training_dag.py took 0.099 seconds
[2025-06-27T00:01:18.374+0000] {processor.py:186} INFO - Started process (PID=12360) to work on /opt/airflow/dags/fraud_detection_training_dag.py
[2025-06-27T00:01:18.375+0000] {processor.py:914} INFO - Processing file /opt/airflow/dags/fraud_detection_training_dag.py for tasks to queue
[2025-06-27T00:01:18.377+0000] {logging_mixin.py:190} INFO - [2025-06-27T00:01:18.377+0000] {dagbag.py:588} INFO - Filling up the DagBag from /opt/airflow/dags/fraud_detection_training_dag.py
[2025-06-27T00:01:18.393+0000] {processor.py:925} INFO - DAG(s) 'fraud_detection_training' retrieved from /opt/airflow/dags/fraud_detection_training_dag.py
[2025-06-27T00:01:18.416+0000] {logging_mixin.py:190} INFO - [2025-06-27T00:01:18.416+0000] {dag.py:3239} INFO - Sync 1 DAGs
[2025-06-27T00:01:18.437+0000] {logging_mixin.py:190} INFO - [2025-06-27T00:01:18.437+0000] {dag.py:4180} INFO - Setting next_dagrun for fraud_detection_training to 2025-06-26 03:00:00+00:00, run_after=2025-06-27 03:00:00+00:00
[2025-06-27T00:01:18.453+0000] {processor.py:208} INFO - Processing /opt/airflow/dags/fraud_detection_training_dag.py took 0.086 seconds
[2025-06-27T00:01:48.582+0000] {processor.py:186} INFO - Started process (PID=12366) to work on /opt/airflow/dags/fraud_detection_training_dag.py
[2025-06-27T00:01:48.582+0000] {processor.py:914} INFO - Processing file /opt/airflow/dags/fraud_detection_training_dag.py for tasks to queue
[2025-06-27T00:01:48.585+0000] {logging_mixin.py:190} INFO - [2025-06-27T00:01:48.584+0000] {dagbag.py:588} INFO - Filling up the DagBag from /opt/airflow/dags/fraud_detection_training_dag.py
[2025-06-27T00:01:48.601+0000] {processor.py:925} INFO - DAG(s) 'fraud_detection_training' retrieved from /opt/airflow/dags/fraud_detection_training_dag.py
[2025-06-27T00:01:48.625+0000] {logging_mixin.py:190} INFO - [2025-06-27T00:01:48.625+0000] {dag.py:3239} INFO - Sync 1 DAGs
[2025-06-27T00:01:48.649+0000] {logging_mixin.py:190} INFO - [2025-06-27T00:01:48.649+0000] {dag.py:4180} INFO - Setting next_dagrun for fraud_detection_training to 2025-06-26 03:00:00+00:00, run_after=2025-06-27 03:00:00+00:00
[2025-06-27T00:01:48.666+0000] {processor.py:208} INFO - Processing /opt/airflow/dags/fraud_detection_training_dag.py took 0.089 seconds
[2025-06-27T00:02:18.845+0000] {processor.py:186} INFO - Started process (PID=12373) to work on /opt/airflow/dags/fraud_detection_training_dag.py
[2025-06-27T00:02:18.846+0000] {processor.py:914} INFO - Processing file /opt/airflow/dags/fraud_detection_training_dag.py for tasks to queue
[2025-06-27T00:02:18.848+0000] {logging_mixin.py:190} INFO - [2025-06-27T00:02:18.848+0000] {dagbag.py:588} INFO - Filling up the DagBag from /opt/airflow/dags/fraud_detection_training_dag.py
[2025-06-27T00:02:18.864+0000] {processor.py:925} INFO - DAG(s) 'fraud_detection_training' retrieved from /opt/airflow/dags/fraud_detection_training_dag.py
[2025-06-27T00:02:18.887+0000] {logging_mixin.py:190} INFO - [2025-06-27T00:02:18.887+0000] {dag.py:3239} INFO - Sync 1 DAGs
[2025-06-27T00:02:18.909+0000] {logging_mixin.py:190} INFO - [2025-06-27T00:02:18.909+0000] {dag.py:4180} INFO - Setting next_dagrun for fraud_detection_training to 2025-06-26 03:00:00+00:00, run_after=2025-06-27 03:00:00+00:00
[2025-06-27T00:02:18.926+0000] {processor.py:208} INFO - Processing /opt/airflow/dags/fraud_detection_training_dag.py took 0.085 seconds
[2025-06-27T00:02:49.049+0000] {processor.py:186} INFO - Started process (PID=12380) to work on /opt/airflow/dags/fraud_detection_training_dag.py
[2025-06-27T00:02:49.050+0000] {processor.py:914} INFO - Processing file /opt/airflow/dags/fraud_detection_training_dag.py for tasks to queue
[2025-06-27T00:02:49.053+0000] {logging_mixin.py:190} INFO - [2025-06-27T00:02:49.053+0000] {dagbag.py:588} INFO - Filling up the DagBag from /opt/airflow/dags/fraud_detection_training_dag.py
[2025-06-27T00:02:49.068+0000] {processor.py:925} INFO - DAG(s) 'fraud_detection_training' retrieved from /opt/airflow/dags/fraud_detection_training_dag.py
[2025-06-27T00:02:49.094+0000] {logging_mixin.py:190} INFO - [2025-06-27T00:02:49.094+0000] {dag.py:3239} INFO - Sync 1 DAGs
[2025-06-27T00:02:49.120+0000] {logging_mixin.py:190} INFO - [2025-06-27T00:02:49.119+0000] {dag.py:4180} INFO - Setting next_dagrun for fraud_detection_training to 2025-06-26 03:00:00+00:00, run_after=2025-06-27 03:00:00+00:00
[2025-06-27T00:02:49.139+0000] {processor.py:208} INFO - Processing /opt/airflow/dags/fraud_detection_training_dag.py took 0.095 seconds
[2025-06-27T00:03:19.352+0000] {processor.py:186} INFO - Started process (PID=12387) to work on /opt/airflow/dags/fraud_detection_training_dag.py
[2025-06-27T00:03:19.353+0000] {processor.py:914} INFO - Processing file /opt/airflow/dags/fraud_detection_training_dag.py for tasks to queue
[2025-06-27T00:03:19.355+0000] {logging_mixin.py:190} INFO - [2025-06-27T00:03:19.355+0000] {dagbag.py:588} INFO - Filling up the DagBag from /opt/airflow/dags/fraud_detection_training_dag.py
[2025-06-27T00:03:19.372+0000] {processor.py:925} INFO - DAG(s) 'fraud_detection_training' retrieved from /opt/airflow/dags/fraud_detection_training_dag.py
[2025-06-27T00:03:19.394+0000] {logging_mixin.py:190} INFO - [2025-06-27T00:03:19.394+0000] {dag.py:3239} INFO - Sync 1 DAGs
[2025-06-27T00:03:19.416+0000] {logging_mixin.py:190} INFO - [2025-06-27T00:03:19.415+0000] {dag.py:4180} INFO - Setting next_dagrun for fraud_detection_training to 2025-06-26 03:00:00+00:00, run_after=2025-06-27 03:00:00+00:00
[2025-06-27T00:03:19.432+0000] {processor.py:208} INFO - Processing /opt/airflow/dags/fraud_detection_training_dag.py took 0.086 seconds
[2025-06-27T00:03:49.564+0000] {processor.py:186} INFO - Started process (PID=12393) to work on /opt/airflow/dags/fraud_detection_training_dag.py
[2025-06-27T00:03:49.565+0000] {processor.py:914} INFO - Processing file /opt/airflow/dags/fraud_detection_training_dag.py for tasks to queue
[2025-06-27T00:03:49.567+0000] {logging_mixin.py:190} INFO - [2025-06-27T00:03:49.567+0000] {dagbag.py:588} INFO - Filling up the DagBag from /opt/airflow/dags/fraud_detection_training_dag.py
[2025-06-27T00:03:49.587+0000] {processor.py:925} INFO - DAG(s) 'fraud_detection_training' retrieved from /opt/airflow/dags/fraud_detection_training_dag.py
[2025-06-27T00:03:49.614+0000] {logging_mixin.py:190} INFO - [2025-06-27T00:03:49.614+0000] {dag.py:3239} INFO - Sync 1 DAGs
[2025-06-27T00:03:49.640+0000] {logging_mixin.py:190} INFO - [2025-06-27T00:03:49.640+0000] {dag.py:4180} INFO - Setting next_dagrun for fraud_detection_training to 2025-06-26 03:00:00+00:00, run_after=2025-06-27 03:00:00+00:00
[2025-06-27T00:03:49.658+0000] {processor.py:208} INFO - Processing /opt/airflow/dags/fraud_detection_training_dag.py took 0.100 seconds
[2025-06-27T00:04:19.839+0000] {processor.py:186} INFO - Started process (PID=12400) to work on /opt/airflow/dags/fraud_detection_training_dag.py
[2025-06-27T00:04:19.840+0000] {processor.py:914} INFO - Processing file /opt/airflow/dags/fraud_detection_training_dag.py for tasks to queue
[2025-06-27T00:04:19.842+0000] {logging_mixin.py:190} INFO - [2025-06-27T00:04:19.842+0000] {dagbag.py:588} INFO - Filling up the DagBag from /opt/airflow/dags/fraud_detection_training_dag.py
[2025-06-27T00:04:19.858+0000] {processor.py:925} INFO - DAG(s) 'fraud_detection_training' retrieved from /opt/airflow/dags/fraud_detection_training_dag.py
[2025-06-27T00:04:19.880+0000] {logging_mixin.py:190} INFO - [2025-06-27T00:04:19.880+0000] {dag.py:3239} INFO - Sync 1 DAGs
[2025-06-27T00:04:19.903+0000] {logging_mixin.py:190} INFO - [2025-06-27T00:04:19.902+0000] {dag.py:4180} INFO - Setting next_dagrun for fraud_detection_training to 2025-06-26 03:00:00+00:00, run_after=2025-06-27 03:00:00+00:00
[2025-06-27T00:04:19.921+0000] {processor.py:208} INFO - Processing /opt/airflow/dags/fraud_detection_training_dag.py took 0.087 seconds
[2025-06-27T00:04:50.059+0000] {processor.py:186} INFO - Started process (PID=12407) to work on /opt/airflow/dags/fraud_detection_training_dag.py
[2025-06-27T00:04:50.061+0000] {processor.py:914} INFO - Processing file /opt/airflow/dags/fraud_detection_training_dag.py for tasks to queue
[2025-06-27T00:04:50.064+0000] {logging_mixin.py:190} INFO - [2025-06-27T00:04:50.064+0000] {dagbag.py:588} INFO - Filling up the DagBag from /opt/airflow/dags/fraud_detection_training_dag.py
[2025-06-27T00:04:50.081+0000] {processor.py:925} INFO - DAG(s) 'fraud_detection_training' retrieved from /opt/airflow/dags/fraud_detection_training_dag.py
[2025-06-27T00:04:50.106+0000] {logging_mixin.py:190} INFO - [2025-06-27T00:04:50.106+0000] {dag.py:3239} INFO - Sync 1 DAGs
[2025-06-27T00:04:50.129+0000] {logging_mixin.py:190} INFO - [2025-06-27T00:04:50.129+0000] {dag.py:4180} INFO - Setting next_dagrun for fraud_detection_training to 2025-06-26 03:00:00+00:00, run_after=2025-06-27 03:00:00+00:00
[2025-06-27T00:04:50.147+0000] {processor.py:208} INFO - Processing /opt/airflow/dags/fraud_detection_training_dag.py took 0.095 seconds
[2025-06-27T00:05:20.318+0000] {processor.py:186} INFO - Started process (PID=12414) to work on /opt/airflow/dags/fraud_detection_training_dag.py
[2025-06-27T00:05:20.319+0000] {processor.py:914} INFO - Processing file /opt/airflow/dags/fraud_detection_training_dag.py for tasks to queue
[2025-06-27T00:05:20.321+0000] {logging_mixin.py:190} INFO - [2025-06-27T00:05:20.321+0000] {dagbag.py:588} INFO - Filling up the DagBag from /opt/airflow/dags/fraud_detection_training_dag.py
[2025-06-27T00:05:20.336+0000] {processor.py:925} INFO - DAG(s) 'fraud_detection_training' retrieved from /opt/airflow/dags/fraud_detection_training_dag.py
[2025-06-27T00:05:20.359+0000] {logging_mixin.py:190} INFO - [2025-06-27T00:05:20.358+0000] {dag.py:3239} INFO - Sync 1 DAGs
[2025-06-27T00:05:20.382+0000] {logging_mixin.py:190} INFO - [2025-06-27T00:05:20.381+0000] {dag.py:4180} INFO - Setting next_dagrun for fraud_detection_training to 2025-06-26 03:00:00+00:00, run_after=2025-06-27 03:00:00+00:00
[2025-06-27T00:05:20.398+0000] {processor.py:208} INFO - Processing /opt/airflow/dags/fraud_detection_training_dag.py took 0.085 seconds
[2025-06-27T00:05:50.533+0000] {processor.py:186} INFO - Started process (PID=12421) to work on /opt/airflow/dags/fraud_detection_training_dag.py
[2025-06-27T00:05:50.534+0000] {processor.py:914} INFO - Processing file /opt/airflow/dags/fraud_detection_training_dag.py for tasks to queue
[2025-06-27T00:05:50.538+0000] {logging_mixin.py:190} INFO - [2025-06-27T00:05:50.538+0000] {dagbag.py:588} INFO - Filling up the DagBag from /opt/airflow/dags/fraud_detection_training_dag.py
[2025-06-27T00:05:50.557+0000] {processor.py:925} INFO - DAG(s) 'fraud_detection_training' retrieved from /opt/airflow/dags/fraud_detection_training_dag.py
[2025-06-27T00:05:50.583+0000] {logging_mixin.py:190} INFO - [2025-06-27T00:05:50.583+0000] {dag.py:3239} INFO - Sync 1 DAGs
[2025-06-27T00:05:50.607+0000] {logging_mixin.py:190} INFO - [2025-06-27T00:05:50.606+0000] {dag.py:4180} INFO - Setting next_dagrun for fraud_detection_training to 2025-06-26 03:00:00+00:00, run_after=2025-06-27 03:00:00+00:00
[2025-06-27T00:05:50.625+0000] {processor.py:208} INFO - Processing /opt/airflow/dags/fraud_detection_training_dag.py took 0.097 seconds
[2025-06-27T00:06:20.801+0000] {processor.py:186} INFO - Started process (PID=12428) to work on /opt/airflow/dags/fraud_detection_training_dag.py
[2025-06-27T00:06:20.802+0000] {processor.py:914} INFO - Processing file /opt/airflow/dags/fraud_detection_training_dag.py for tasks to queue
[2025-06-27T00:06:20.805+0000] {logging_mixin.py:190} INFO - [2025-06-27T00:06:20.804+0000] {dagbag.py:588} INFO - Filling up the DagBag from /opt/airflow/dags/fraud_detection_training_dag.py
[2025-06-27T00:06:20.820+0000] {processor.py:925} INFO - DAG(s) 'fraud_detection_training' retrieved from /opt/airflow/dags/fraud_detection_training_dag.py
[2025-06-27T00:06:20.846+0000] {logging_mixin.py:190} INFO - [2025-06-27T00:06:20.845+0000] {dag.py:3239} INFO - Sync 1 DAGs
[2025-06-27T00:06:20.872+0000] {logging_mixin.py:190} INFO - [2025-06-27T00:06:20.872+0000] {dag.py:4180} INFO - Setting next_dagrun for fraud_detection_training to 2025-06-26 03:00:00+00:00, run_after=2025-06-27 03:00:00+00:00
[2025-06-27T00:06:20.901+0000] {processor.py:208} INFO - Processing /opt/airflow/dags/fraud_detection_training_dag.py took 0.106 seconds
[2025-06-27T00:06:51.023+0000] {processor.py:186} INFO - Started process (PID=12435) to work on /opt/airflow/dags/fraud_detection_training_dag.py
[2025-06-27T00:06:51.024+0000] {processor.py:914} INFO - Processing file /opt/airflow/dags/fraud_detection_training_dag.py for tasks to queue
[2025-06-27T00:06:51.026+0000] {logging_mixin.py:190} INFO - [2025-06-27T00:06:51.026+0000] {dagbag.py:588} INFO - Filling up the DagBag from /opt/airflow/dags/fraud_detection_training_dag.py
[2025-06-27T00:06:51.045+0000] {processor.py:925} INFO - DAG(s) 'fraud_detection_training' retrieved from /opt/airflow/dags/fraud_detection_training_dag.py
[2025-06-27T00:06:51.072+0000] {logging_mixin.py:190} INFO - [2025-06-27T00:06:51.072+0000] {dag.py:3239} INFO - Sync 1 DAGs
[2025-06-27T00:06:51.096+0000] {logging_mixin.py:190} INFO - [2025-06-27T00:06:51.096+0000] {dag.py:4180} INFO - Setting next_dagrun for fraud_detection_training to 2025-06-26 03:00:00+00:00, run_after=2025-06-27 03:00:00+00:00
[2025-06-27T00:06:51.112+0000] {processor.py:208} INFO - Processing /opt/airflow/dags/fraud_detection_training_dag.py took 0.096 seconds
[2025-06-27T00:07:21.306+0000] {processor.py:186} INFO - Started process (PID=12442) to work on /opt/airflow/dags/fraud_detection_training_dag.py
[2025-06-27T00:07:21.307+0000] {processor.py:914} INFO - Processing file /opt/airflow/dags/fraud_detection_training_dag.py for tasks to queue
[2025-06-27T00:07:21.310+0000] {logging_mixin.py:190} INFO - [2025-06-27T00:07:21.309+0000] {dagbag.py:588} INFO - Filling up the DagBag from /opt/airflow/dags/fraud_detection_training_dag.py
[2025-06-27T00:07:21.328+0000] {processor.py:925} INFO - DAG(s) 'fraud_detection_training' retrieved from /opt/airflow/dags/fraud_detection_training_dag.py
[2025-06-27T00:07:21.354+0000] {logging_mixin.py:190} INFO - [2025-06-27T00:07:21.354+0000] {dag.py:3239} INFO - Sync 1 DAGs
[2025-06-27T00:07:21.376+0000] {logging_mixin.py:190} INFO - [2025-06-27T00:07:21.376+0000] {dag.py:4180} INFO - Setting next_dagrun for fraud_detection_training to 2025-06-26 03:00:00+00:00, run_after=2025-06-27 03:00:00+00:00
[2025-06-27T00:07:21.395+0000] {processor.py:208} INFO - Processing /opt/airflow/dags/fraud_detection_training_dag.py took 0.094 seconds
[2025-06-27T00:07:51.511+0000] {processor.py:186} INFO - Started process (PID=12449) to work on /opt/airflow/dags/fraud_detection_training_dag.py
[2025-06-27T00:07:51.512+0000] {processor.py:914} INFO - Processing file /opt/airflow/dags/fraud_detection_training_dag.py for tasks to queue
[2025-06-27T00:07:51.514+0000] {logging_mixin.py:190} INFO - [2025-06-27T00:07:51.513+0000] {dagbag.py:588} INFO - Filling up the DagBag from /opt/airflow/dags/fraud_detection_training_dag.py
[2025-06-27T00:07:51.530+0000] {processor.py:925} INFO - DAG(s) 'fraud_detection_training' retrieved from /opt/airflow/dags/fraud_detection_training_dag.py
[2025-06-27T00:07:51.554+0000] {logging_mixin.py:190} INFO - [2025-06-27T00:07:51.554+0000] {dag.py:3239} INFO - Sync 1 DAGs
[2025-06-27T00:07:51.575+0000] {logging_mixin.py:190} INFO - [2025-06-27T00:07:51.575+0000] {dag.py:4180} INFO - Setting next_dagrun for fraud_detection_training to 2025-06-26 03:00:00+00:00, run_after=2025-06-27 03:00:00+00:00
[2025-06-27T00:07:51.594+0000] {processor.py:208} INFO - Processing /opt/airflow/dags/fraud_detection_training_dag.py took 0.088 seconds
[2025-06-27T00:08:21.821+0000] {processor.py:186} INFO - Started process (PID=12456) to work on /opt/airflow/dags/fraud_detection_training_dag.py
[2025-06-27T00:08:21.822+0000] {processor.py:914} INFO - Processing file /opt/airflow/dags/fraud_detection_training_dag.py for tasks to queue
[2025-06-27T00:08:21.824+0000] {logging_mixin.py:190} INFO - [2025-06-27T00:08:21.824+0000] {dagbag.py:588} INFO - Filling up the DagBag from /opt/airflow/dags/fraud_detection_training_dag.py
[2025-06-27T00:08:21.846+0000] {processor.py:925} INFO - DAG(s) 'fraud_detection_training' retrieved from /opt/airflow/dags/fraud_detection_training_dag.py
[2025-06-27T00:08:21.871+0000] {logging_mixin.py:190} INFO - [2025-06-27T00:08:21.870+0000] {dag.py:3239} INFO - Sync 1 DAGs
[2025-06-27T00:08:21.892+0000] {logging_mixin.py:190} INFO - [2025-06-27T00:08:21.892+0000] {dag.py:4180} INFO - Setting next_dagrun for fraud_detection_training to 2025-06-26 03:00:00+00:00, run_after=2025-06-27 03:00:00+00:00
[2025-06-27T00:08:21.908+0000] {processor.py:208} INFO - Processing /opt/airflow/dags/fraud_detection_training_dag.py took 0.094 seconds
[2025-06-27T00:08:52.026+0000] {processor.py:186} INFO - Started process (PID=12464) to work on /opt/airflow/dags/fraud_detection_training_dag.py
[2025-06-27T00:08:52.027+0000] {processor.py:914} INFO - Processing file /opt/airflow/dags/fraud_detection_training_dag.py for tasks to queue
[2025-06-27T00:08:52.030+0000] {logging_mixin.py:190} INFO - [2025-06-27T00:08:52.030+0000] {dagbag.py:588} INFO - Filling up the DagBag from /opt/airflow/dags/fraud_detection_training_dag.py
[2025-06-27T00:08:52.051+0000] {processor.py:925} INFO - DAG(s) 'fraud_detection_training' retrieved from /opt/airflow/dags/fraud_detection_training_dag.py
[2025-06-27T00:08:52.078+0000] {logging_mixin.py:190} INFO - [2025-06-27T00:08:52.077+0000] {dag.py:3239} INFO - Sync 1 DAGs
[2025-06-27T00:08:52.109+0000] {logging_mixin.py:190} INFO - [2025-06-27T00:08:52.109+0000] {dag.py:4180} INFO - Setting next_dagrun for fraud_detection_training to 2025-06-26 03:00:00+00:00, run_after=2025-06-27 03:00:00+00:00
[2025-06-27T00:08:52.128+0000] {processor.py:208} INFO - Processing /opt/airflow/dags/fraud_detection_training_dag.py took 0.108 seconds
[2025-06-27T00:09:22.293+0000] {processor.py:186} INFO - Started process (PID=12472) to work on /opt/airflow/dags/fraud_detection_training_dag.py
[2025-06-27T00:09:22.294+0000] {processor.py:914} INFO - Processing file /opt/airflow/dags/fraud_detection_training_dag.py for tasks to queue
[2025-06-27T00:09:22.296+0000] {logging_mixin.py:190} INFO - [2025-06-27T00:09:22.296+0000] {dagbag.py:588} INFO - Filling up the DagBag from /opt/airflow/dags/fraud_detection_training_dag.py
[2025-06-27T00:09:22.312+0000] {processor.py:925} INFO - DAG(s) 'fraud_detection_training' retrieved from /opt/airflow/dags/fraud_detection_training_dag.py
[2025-06-27T00:09:22.337+0000] {logging_mixin.py:190} INFO - [2025-06-27T00:09:22.336+0000] {dag.py:3239} INFO - Sync 1 DAGs
[2025-06-27T00:09:22.361+0000] {logging_mixin.py:190} INFO - [2025-06-27T00:09:22.361+0000] {dag.py:4180} INFO - Setting next_dagrun for fraud_detection_training to 2025-06-26 03:00:00+00:00, run_after=2025-06-27 03:00:00+00:00
[2025-06-27T00:09:22.379+0000] {processor.py:208} INFO - Processing /opt/airflow/dags/fraud_detection_training_dag.py took 0.092 seconds
[2025-06-27T00:09:52.530+0000] {processor.py:186} INFO - Started process (PID=12479) to work on /opt/airflow/dags/fraud_detection_training_dag.py
[2025-06-27T00:09:52.531+0000] {processor.py:914} INFO - Processing file /opt/airflow/dags/fraud_detection_training_dag.py for tasks to queue
[2025-06-27T00:09:52.532+0000] {logging_mixin.py:190} INFO - [2025-06-27T00:09:52.532+0000] {dagbag.py:588} INFO - Filling up the DagBag from /opt/airflow/dags/fraud_detection_training_dag.py
[2025-06-27T00:09:52.548+0000] {processor.py:925} INFO - DAG(s) 'fraud_detection_training' retrieved from /opt/airflow/dags/fraud_detection_training_dag.py
[2025-06-27T00:09:52.571+0000] {logging_mixin.py:190} INFO - [2025-06-27T00:09:52.571+0000] {dag.py:3239} INFO - Sync 1 DAGs
[2025-06-27T00:09:52.599+0000] {logging_mixin.py:190} INFO - [2025-06-27T00:09:52.598+0000] {dag.py:4180} INFO - Setting next_dagrun for fraud_detection_training to 2025-06-26 03:00:00+00:00, run_after=2025-06-27 03:00:00+00:00
[2025-06-27T00:09:52.619+0000] {processor.py:208} INFO - Processing /opt/airflow/dags/fraud_detection_training_dag.py took 0.094 seconds
[2025-06-27T00:10:22.788+0000] {processor.py:186} INFO - Started process (PID=12485) to work on /opt/airflow/dags/fraud_detection_training_dag.py
[2025-06-27T00:10:22.789+0000] {processor.py:914} INFO - Processing file /opt/airflow/dags/fraud_detection_training_dag.py for tasks to queue
[2025-06-27T00:10:22.792+0000] {logging_mixin.py:190} INFO - [2025-06-27T00:10:22.791+0000] {dagbag.py:588} INFO - Filling up the DagBag from /opt/airflow/dags/fraud_detection_training_dag.py
[2025-06-27T00:10:22.808+0000] {processor.py:925} INFO - DAG(s) 'fraud_detection_training' retrieved from /opt/airflow/dags/fraud_detection_training_dag.py
[2025-06-27T00:10:22.835+0000] {logging_mixin.py:190} INFO - [2025-06-27T00:10:22.835+0000] {dag.py:3239} INFO - Sync 1 DAGs
[2025-06-27T00:10:22.857+0000] {logging_mixin.py:190} INFO - [2025-06-27T00:10:22.857+0000] {dag.py:4180} INFO - Setting next_dagrun for fraud_detection_training to 2025-06-26 03:00:00+00:00, run_after=2025-06-27 03:00:00+00:00
[2025-06-27T00:10:22.873+0000] {processor.py:208} INFO - Processing /opt/airflow/dags/fraud_detection_training_dag.py took 0.090 seconds
[2025-06-27T00:10:52.999+0000] {processor.py:186} INFO - Started process (PID=12491) to work on /opt/airflow/dags/fraud_detection_training_dag.py
[2025-06-27T00:10:53.000+0000] {processor.py:914} INFO - Processing file /opt/airflow/dags/fraud_detection_training_dag.py for tasks to queue
[2025-06-27T00:10:53.002+0000] {logging_mixin.py:190} INFO - [2025-06-27T00:10:53.002+0000] {dagbag.py:588} INFO - Filling up the DagBag from /opt/airflow/dags/fraud_detection_training_dag.py
[2025-06-27T00:10:53.021+0000] {processor.py:925} INFO - DAG(s) 'fraud_detection_training' retrieved from /opt/airflow/dags/fraud_detection_training_dag.py
[2025-06-27T00:10:53.047+0000] {logging_mixin.py:190} INFO - [2025-06-27T00:10:53.047+0000] {dag.py:3239} INFO - Sync 1 DAGs
[2025-06-27T00:10:53.074+0000] {logging_mixin.py:190} INFO - [2025-06-27T00:10:53.074+0000] {dag.py:4180} INFO - Setting next_dagrun for fraud_detection_training to 2025-06-26 03:00:00+00:00, run_after=2025-06-27 03:00:00+00:00
[2025-06-27T00:10:53.093+0000] {processor.py:208} INFO - Processing /opt/airflow/dags/fraud_detection_training_dag.py took 0.100 seconds
[2025-06-27T00:11:23.280+0000] {processor.py:186} INFO - Started process (PID=12498) to work on /opt/airflow/dags/fraud_detection_training_dag.py
[2025-06-27T00:11:23.281+0000] {processor.py:914} INFO - Processing file /opt/airflow/dags/fraud_detection_training_dag.py for tasks to queue
[2025-06-27T00:11:23.284+0000] {logging_mixin.py:190} INFO - [2025-06-27T00:11:23.283+0000] {dagbag.py:588} INFO - Filling up the DagBag from /opt/airflow/dags/fraud_detection_training_dag.py
[2025-06-27T00:11:23.307+0000] {processor.py:925} INFO - DAG(s) 'fraud_detection_training' retrieved from /opt/airflow/dags/fraud_detection_training_dag.py
[2025-06-27T00:11:23.334+0000] {logging_mixin.py:190} INFO - [2025-06-27T00:11:23.334+0000] {dag.py:3239} INFO - Sync 1 DAGs
[2025-06-27T00:11:23.360+0000] {logging_mixin.py:190} INFO - [2025-06-27T00:11:23.360+0000] {dag.py:4180} INFO - Setting next_dagrun for fraud_detection_training to 2025-06-26 03:00:00+00:00, run_after=2025-06-27 03:00:00+00:00
[2025-06-27T00:11:23.380+0000] {processor.py:208} INFO - Processing /opt/airflow/dags/fraud_detection_training_dag.py took 0.107 seconds
[2025-06-27T00:11:53.492+0000] {processor.py:186} INFO - Started process (PID=12505) to work on /opt/airflow/dags/fraud_detection_training_dag.py
[2025-06-27T00:11:53.494+0000] {processor.py:914} INFO - Processing file /opt/airflow/dags/fraud_detection_training_dag.py for tasks to queue
[2025-06-27T00:11:53.497+0000] {logging_mixin.py:190} INFO - [2025-06-27T00:11:53.497+0000] {dagbag.py:588} INFO - Filling up the DagBag from /opt/airflow/dags/fraud_detection_training_dag.py
[2025-06-27T00:11:53.517+0000] {processor.py:925} INFO - DAG(s) 'fraud_detection_training' retrieved from /opt/airflow/dags/fraud_detection_training_dag.py
[2025-06-27T00:11:53.555+0000] {logging_mixin.py:190} INFO - [2025-06-27T00:11:53.554+0000] {dag.py:3239} INFO - Sync 1 DAGs
[2025-06-27T00:11:53.581+0000] {logging_mixin.py:190} INFO - [2025-06-27T00:11:53.581+0000] {dag.py:4180} INFO - Setting next_dagrun for fraud_detection_training to 2025-06-26 03:00:00+00:00, run_after=2025-06-27 03:00:00+00:00
[2025-06-27T00:11:53.602+0000] {processor.py:208} INFO - Processing /opt/airflow/dags/fraud_detection_training_dag.py took 0.117 seconds
[2025-06-27T00:12:23.773+0000] {processor.py:186} INFO - Started process (PID=12511) to work on /opt/airflow/dags/fraud_detection_training_dag.py
[2025-06-27T00:12:23.774+0000] {processor.py:914} INFO - Processing file /opt/airflow/dags/fraud_detection_training_dag.py for tasks to queue
[2025-06-27T00:12:23.776+0000] {logging_mixin.py:190} INFO - [2025-06-27T00:12:23.776+0000] {dagbag.py:588} INFO - Filling up the DagBag from /opt/airflow/dags/fraud_detection_training_dag.py
[2025-06-27T00:12:23.792+0000] {processor.py:925} INFO - DAG(s) 'fraud_detection_training' retrieved from /opt/airflow/dags/fraud_detection_training_dag.py
[2025-06-27T00:12:23.816+0000] {logging_mixin.py:190} INFO - [2025-06-27T00:12:23.816+0000] {dag.py:3239} INFO - Sync 1 DAGs
[2025-06-27T00:12:23.840+0000] {logging_mixin.py:190} INFO - [2025-06-27T00:12:23.840+0000] {dag.py:4180} INFO - Setting next_dagrun for fraud_detection_training to 2025-06-26 03:00:00+00:00, run_after=2025-06-27 03:00:00+00:00
[2025-06-27T00:12:23.858+0000] {processor.py:208} INFO - Processing /opt/airflow/dags/fraud_detection_training_dag.py took 0.091 seconds
[2025-06-27T00:12:53.988+0000] {processor.py:186} INFO - Started process (PID=12518) to work on /opt/airflow/dags/fraud_detection_training_dag.py
[2025-06-27T00:12:53.989+0000] {processor.py:914} INFO - Processing file /opt/airflow/dags/fraud_detection_training_dag.py for tasks to queue
[2025-06-27T00:12:53.991+0000] {logging_mixin.py:190} INFO - [2025-06-27T00:12:53.990+0000] {dagbag.py:588} INFO - Filling up the DagBag from /opt/airflow/dags/fraud_detection_training_dag.py
[2025-06-27T00:12:54.007+0000] {processor.py:925} INFO - DAG(s) 'fraud_detection_training' retrieved from /opt/airflow/dags/fraud_detection_training_dag.py
[2025-06-27T00:12:54.033+0000] {logging_mixin.py:190} INFO - [2025-06-27T00:12:54.033+0000] {dag.py:3239} INFO - Sync 1 DAGs
[2025-06-27T00:12:54.058+0000] {logging_mixin.py:190} INFO - [2025-06-27T00:12:54.058+0000] {dag.py:4180} INFO - Setting next_dagrun for fraud_detection_training to 2025-06-26 03:00:00+00:00, run_after=2025-06-27 03:00:00+00:00
[2025-06-27T00:12:54.075+0000] {processor.py:208} INFO - Processing /opt/airflow/dags/fraud_detection_training_dag.py took 0.093 seconds
[2025-06-27T00:13:24.281+0000] {processor.py:186} INFO - Started process (PID=12525) to work on /opt/airflow/dags/fraud_detection_training_dag.py
[2025-06-27T00:13:24.282+0000] {processor.py:914} INFO - Processing file /opt/airflow/dags/fraud_detection_training_dag.py for tasks to queue
[2025-06-27T00:13:24.284+0000] {logging_mixin.py:190} INFO - [2025-06-27T00:13:24.284+0000] {dagbag.py:588} INFO - Filling up the DagBag from /opt/airflow/dags/fraud_detection_training_dag.py
[2025-06-27T00:13:24.303+0000] {processor.py:925} INFO - DAG(s) 'fraud_detection_training' retrieved from /opt/airflow/dags/fraud_detection_training_dag.py
[2025-06-27T00:13:24.335+0000] {logging_mixin.py:190} INFO - [2025-06-27T00:13:24.335+0000] {dag.py:3239} INFO - Sync 1 DAGs
[2025-06-27T00:13:24.360+0000] {logging_mixin.py:190} INFO - [2025-06-27T00:13:24.359+0000] {dag.py:4180} INFO - Setting next_dagrun for fraud_detection_training to 2025-06-26 03:00:00+00:00, run_after=2025-06-27 03:00:00+00:00
[2025-06-27T00:13:24.379+0000] {processor.py:208} INFO - Processing /opt/airflow/dags/fraud_detection_training_dag.py took 0.102 seconds
[2025-06-27T00:13:54.493+0000] {processor.py:186} INFO - Started process (PID=12532) to work on /opt/airflow/dags/fraud_detection_training_dag.py
[2025-06-27T00:13:54.494+0000] {processor.py:914} INFO - Processing file /opt/airflow/dags/fraud_detection_training_dag.py for tasks to queue
[2025-06-27T00:13:54.497+0000] {logging_mixin.py:190} INFO - [2025-06-27T00:13:54.496+0000] {dagbag.py:588} INFO - Filling up the DagBag from /opt/airflow/dags/fraud_detection_training_dag.py
[2025-06-27T00:13:54.513+0000] {processor.py:925} INFO - DAG(s) 'fraud_detection_training' retrieved from /opt/airflow/dags/fraud_detection_training_dag.py
[2025-06-27T00:13:54.538+0000] {logging_mixin.py:190} INFO - [2025-06-27T00:13:54.538+0000] {dag.py:3239} INFO - Sync 1 DAGs
[2025-06-27T00:13:54.562+0000] {logging_mixin.py:190} INFO - [2025-06-27T00:13:54.562+0000] {dag.py:4180} INFO - Setting next_dagrun for fraud_detection_training to 2025-06-26 03:00:00+00:00, run_after=2025-06-27 03:00:00+00:00
[2025-06-27T00:13:54.579+0000] {processor.py:208} INFO - Processing /opt/airflow/dags/fraud_detection_training_dag.py took 0.092 seconds
[2025-06-27T00:14:24.777+0000] {processor.py:186} INFO - Started process (PID=12539) to work on /opt/airflow/dags/fraud_detection_training_dag.py
[2025-06-27T00:14:24.778+0000] {processor.py:914} INFO - Processing file /opt/airflow/dags/fraud_detection_training_dag.py for tasks to queue
[2025-06-27T00:14:24.780+0000] {logging_mixin.py:190} INFO - [2025-06-27T00:14:24.780+0000] {dagbag.py:588} INFO - Filling up the DagBag from /opt/airflow/dags/fraud_detection_training_dag.py
[2025-06-27T00:14:24.796+0000] {processor.py:925} INFO - DAG(s) 'fraud_detection_training' retrieved from /opt/airflow/dags/fraud_detection_training_dag.py
[2025-06-27T00:14:24.820+0000] {logging_mixin.py:190} INFO - [2025-06-27T00:14:24.820+0000] {dag.py:3239} INFO - Sync 1 DAGs
[2025-06-27T00:14:24.843+0000] {logging_mixin.py:190} INFO - [2025-06-27T00:14:24.843+0000] {dag.py:4180} INFO - Setting next_dagrun for fraud_detection_training to 2025-06-26 03:00:00+00:00, run_after=2025-06-27 03:00:00+00:00
[2025-06-27T00:14:24.861+0000] {processor.py:208} INFO - Processing /opt/airflow/dags/fraud_detection_training_dag.py took 0.089 seconds
[2025-06-27T00:14:54.984+0000] {processor.py:186} INFO - Started process (PID=12546) to work on /opt/airflow/dags/fraud_detection_training_dag.py
[2025-06-27T00:14:54.985+0000] {processor.py:914} INFO - Processing file /opt/airflow/dags/fraud_detection_training_dag.py for tasks to queue
[2025-06-27T00:14:54.988+0000] {logging_mixin.py:190} INFO - [2025-06-27T00:14:54.988+0000] {dagbag.py:588} INFO - Filling up the DagBag from /opt/airflow/dags/fraud_detection_training_dag.py
[2025-06-27T00:14:55.007+0000] {processor.py:925} INFO - DAG(s) 'fraud_detection_training' retrieved from /opt/airflow/dags/fraud_detection_training_dag.py
[2025-06-27T00:14:55.033+0000] {logging_mixin.py:190} INFO - [2025-06-27T00:14:55.033+0000] {dag.py:3239} INFO - Sync 1 DAGs
[2025-06-27T00:14:55.057+0000] {logging_mixin.py:190} INFO - [2025-06-27T00:14:55.057+0000] {dag.py:4180} INFO - Setting next_dagrun for fraud_detection_training to 2025-06-26 03:00:00+00:00, run_after=2025-06-27 03:00:00+00:00
[2025-06-27T00:14:55.073+0000] {processor.py:208} INFO - Processing /opt/airflow/dags/fraud_detection_training_dag.py took 0.094 seconds
[2025-06-27T00:15:25.265+0000] {processor.py:186} INFO - Started process (PID=12553) to work on /opt/airflow/dags/fraud_detection_training_dag.py
[2025-06-27T00:15:25.266+0000] {processor.py:914} INFO - Processing file /opt/airflow/dags/fraud_detection_training_dag.py for tasks to queue
[2025-06-27T00:15:25.268+0000] {logging_mixin.py:190} INFO - [2025-06-27T00:15:25.267+0000] {dagbag.py:588} INFO - Filling up the DagBag from /opt/airflow/dags/fraud_detection_training_dag.py
[2025-06-27T00:15:25.285+0000] {processor.py:925} INFO - DAG(s) 'fraud_detection_training' retrieved from /opt/airflow/dags/fraud_detection_training_dag.py
[2025-06-27T00:15:25.310+0000] {logging_mixin.py:190} INFO - [2025-06-27T00:15:25.310+0000] {dag.py:3239} INFO - Sync 1 DAGs
[2025-06-27T00:15:25.335+0000] {logging_mixin.py:190} INFO - [2025-06-27T00:15:25.334+0000] {dag.py:4180} INFO - Setting next_dagrun for fraud_detection_training to 2025-06-26 03:00:00+00:00, run_after=2025-06-27 03:00:00+00:00
[2025-06-27T00:15:25.356+0000] {processor.py:208} INFO - Processing /opt/airflow/dags/fraud_detection_training_dag.py took 0.096 seconds
[2025-06-27T00:15:55.480+0000] {processor.py:186} INFO - Started process (PID=12560) to work on /opt/airflow/dags/fraud_detection_training_dag.py
[2025-06-27T00:15:55.481+0000] {processor.py:914} INFO - Processing file /opt/airflow/dags/fraud_detection_training_dag.py for tasks to queue
[2025-06-27T00:15:55.483+0000] {logging_mixin.py:190} INFO - [2025-06-27T00:15:55.483+0000] {dagbag.py:588} INFO - Filling up the DagBag from /opt/airflow/dags/fraud_detection_training_dag.py
[2025-06-27T00:15:55.500+0000] {processor.py:925} INFO - DAG(s) 'fraud_detection_training' retrieved from /opt/airflow/dags/fraud_detection_training_dag.py
[2025-06-27T00:15:55.527+0000] {logging_mixin.py:190} INFO - [2025-06-27T00:15:55.527+0000] {dag.py:3239} INFO - Sync 1 DAGs
[2025-06-27T00:15:55.555+0000] {logging_mixin.py:190} INFO - [2025-06-27T00:15:55.554+0000] {dag.py:4180} INFO - Setting next_dagrun for fraud_detection_training to 2025-06-26 03:00:00+00:00, run_after=2025-06-27 03:00:00+00:00
[2025-06-27T00:15:55.576+0000] {processor.py:208} INFO - Processing /opt/airflow/dags/fraud_detection_training_dag.py took 0.103 seconds
[2025-06-27T00:16:25.759+0000] {processor.py:186} INFO - Started process (PID=12566) to work on /opt/airflow/dags/fraud_detection_training_dag.py
[2025-06-27T00:16:25.759+0000] {processor.py:914} INFO - Processing file /opt/airflow/dags/fraud_detection_training_dag.py for tasks to queue
[2025-06-27T00:16:25.761+0000] {logging_mixin.py:190} INFO - [2025-06-27T00:16:25.761+0000] {dagbag.py:588} INFO - Filling up the DagBag from /opt/airflow/dags/fraud_detection_training_dag.py
[2025-06-27T00:16:25.777+0000] {processor.py:925} INFO - DAG(s) 'fraud_detection_training' retrieved from /opt/airflow/dags/fraud_detection_training_dag.py
[2025-06-27T00:16:25.801+0000] {logging_mixin.py:190} INFO - [2025-06-27T00:16:25.800+0000] {dag.py:3239} INFO - Sync 1 DAGs
[2025-06-27T00:16:25.822+0000] {logging_mixin.py:190} INFO - [2025-06-27T00:16:25.822+0000] {dag.py:4180} INFO - Setting next_dagrun for fraud_detection_training to 2025-06-26 03:00:00+00:00, run_after=2025-06-27 03:00:00+00:00
[2025-06-27T00:16:25.839+0000] {processor.py:208} INFO - Processing /opt/airflow/dags/fraud_detection_training_dag.py took 0.086 seconds
[2025-06-27T00:16:55.971+0000] {processor.py:186} INFO - Started process (PID=12573) to work on /opt/airflow/dags/fraud_detection_training_dag.py
[2025-06-27T00:16:55.972+0000] {processor.py:914} INFO - Processing file /opt/airflow/dags/fraud_detection_training_dag.py for tasks to queue
[2025-06-27T00:16:55.974+0000] {logging_mixin.py:190} INFO - [2025-06-27T00:16:55.973+0000] {dagbag.py:588} INFO - Filling up the DagBag from /opt/airflow/dags/fraud_detection_training_dag.py
[2025-06-27T00:16:55.992+0000] {processor.py:925} INFO - DAG(s) 'fraud_detection_training' retrieved from /opt/airflow/dags/fraud_detection_training_dag.py
[2025-06-27T00:16:56.017+0000] {logging_mixin.py:190} INFO - [2025-06-27T00:16:56.017+0000] {dag.py:3239} INFO - Sync 1 DAGs
[2025-06-27T00:16:56.039+0000] {logging_mixin.py:190} INFO - [2025-06-27T00:16:56.039+0000] {dag.py:4180} INFO - Setting next_dagrun for fraud_detection_training to 2025-06-26 03:00:00+00:00, run_after=2025-06-27 03:00:00+00:00
[2025-06-27T00:16:56.056+0000] {processor.py:208} INFO - Processing /opt/airflow/dags/fraud_detection_training_dag.py took 0.091 seconds
[2025-06-27T00:17:26.236+0000] {processor.py:186} INFO - Started process (PID=12581) to work on /opt/airflow/dags/fraud_detection_training_dag.py
[2025-06-27T00:17:26.237+0000] {processor.py:914} INFO - Processing file /opt/airflow/dags/fraud_detection_training_dag.py for tasks to queue
[2025-06-27T00:17:26.240+0000] {logging_mixin.py:190} INFO - [2025-06-27T00:17:26.239+0000] {dagbag.py:588} INFO - Filling up the DagBag from /opt/airflow/dags/fraud_detection_training_dag.py
[2025-06-27T00:17:26.257+0000] {processor.py:925} INFO - DAG(s) 'fraud_detection_training' retrieved from /opt/airflow/dags/fraud_detection_training_dag.py
[2025-06-27T00:17:26.284+0000] {logging_mixin.py:190} INFO - [2025-06-27T00:17:26.284+0000] {dag.py:3239} INFO - Sync 1 DAGs
[2025-06-27T00:17:26.310+0000] {logging_mixin.py:190} INFO - [2025-06-27T00:17:26.309+0000] {dag.py:4180} INFO - Setting next_dagrun for fraud_detection_training to 2025-06-26 03:00:00+00:00, run_after=2025-06-27 03:00:00+00:00
[2025-06-27T00:17:26.332+0000] {processor.py:208} INFO - Processing /opt/airflow/dags/fraud_detection_training_dag.py took 0.101 seconds
[2025-06-27T00:17:56.445+0000] {processor.py:186} INFO - Started process (PID=12588) to work on /opt/airflow/dags/fraud_detection_training_dag.py
[2025-06-27T00:17:56.446+0000] {processor.py:914} INFO - Processing file /opt/airflow/dags/fraud_detection_training_dag.py for tasks to queue
[2025-06-27T00:17:56.449+0000] {logging_mixin.py:190} INFO - [2025-06-27T00:17:56.448+0000] {dagbag.py:588} INFO - Filling up the DagBag from /opt/airflow/dags/fraud_detection_training_dag.py
[2025-06-27T00:17:56.465+0000] {processor.py:925} INFO - DAG(s) 'fraud_detection_training' retrieved from /opt/airflow/dags/fraud_detection_training_dag.py
[2025-06-27T00:17:56.492+0000] {logging_mixin.py:190} INFO - [2025-06-27T00:17:56.492+0000] {dag.py:3239} INFO - Sync 1 DAGs
[2025-06-27T00:17:56.518+0000] {logging_mixin.py:190} INFO - [2025-06-27T00:17:56.517+0000] {dag.py:4180} INFO - Setting next_dagrun for fraud_detection_training to 2025-06-26 03:00:00+00:00, run_after=2025-06-27 03:00:00+00:00
[2025-06-27T00:17:56.538+0000] {processor.py:208} INFO - Processing /opt/airflow/dags/fraud_detection_training_dag.py took 0.099 seconds
[2025-06-27T00:18:26.751+0000] {processor.py:186} INFO - Started process (PID=12595) to work on /opt/airflow/dags/fraud_detection_training_dag.py
[2025-06-27T00:18:26.752+0000] {processor.py:914} INFO - Processing file /opt/airflow/dags/fraud_detection_training_dag.py for tasks to queue
[2025-06-27T00:18:26.754+0000] {logging_mixin.py:190} INFO - [2025-06-27T00:18:26.753+0000] {dagbag.py:588} INFO - Filling up the DagBag from /opt/airflow/dags/fraud_detection_training_dag.py
[2025-06-27T00:18:26.772+0000] {processor.py:925} INFO - DAG(s) 'fraud_detection_training' retrieved from /opt/airflow/dags/fraud_detection_training_dag.py
[2025-06-27T00:18:26.797+0000] {logging_mixin.py:190} INFO - [2025-06-27T00:18:26.797+0000] {dag.py:3239} INFO - Sync 1 DAGs
[2025-06-27T00:18:26.822+0000] {logging_mixin.py:190} INFO - [2025-06-27T00:18:26.822+0000] {dag.py:4180} INFO - Setting next_dagrun for fraud_detection_training to 2025-06-26 03:00:00+00:00, run_after=2025-06-27 03:00:00+00:00
[2025-06-27T00:18:26.840+0000] {processor.py:208} INFO - Processing /opt/airflow/dags/fraud_detection_training_dag.py took 0.095 seconds
[2025-06-27T00:18:56.964+0000] {processor.py:186} INFO - Started process (PID=12602) to work on /opt/airflow/dags/fraud_detection_training_dag.py
[2025-06-27T00:18:56.965+0000] {processor.py:914} INFO - Processing file /opt/airflow/dags/fraud_detection_training_dag.py for tasks to queue
[2025-06-27T00:18:56.967+0000] {logging_mixin.py:190} INFO - [2025-06-27T00:18:56.967+0000] {dagbag.py:588} INFO - Filling up the DagBag from /opt/airflow/dags/fraud_detection_training_dag.py
[2025-06-27T00:18:56.985+0000] {processor.py:925} INFO - DAG(s) 'fraud_detection_training' retrieved from /opt/airflow/dags/fraud_detection_training_dag.py
[2025-06-27T00:18:57.012+0000] {logging_mixin.py:190} INFO - [2025-06-27T00:18:57.011+0000] {dag.py:3239} INFO - Sync 1 DAGs
[2025-06-27T00:18:57.038+0000] {logging_mixin.py:190} INFO - [2025-06-27T00:18:57.038+0000] {dag.py:4180} INFO - Setting next_dagrun for fraud_detection_training to 2025-06-26 03:00:00+00:00, run_after=2025-06-27 03:00:00+00:00
[2025-06-27T00:18:57.058+0000] {processor.py:208} INFO - Processing /opt/airflow/dags/fraud_detection_training_dag.py took 0.100 seconds
[2025-06-27T00:19:27.243+0000] {processor.py:186} INFO - Started process (PID=12610) to work on /opt/airflow/dags/fraud_detection_training_dag.py
[2025-06-27T00:19:27.244+0000] {processor.py:914} INFO - Processing file /opt/airflow/dags/fraud_detection_training_dag.py for tasks to queue
[2025-06-27T00:19:27.247+0000] {logging_mixin.py:190} INFO - [2025-06-27T00:19:27.246+0000] {dagbag.py:588} INFO - Filling up the DagBag from /opt/airflow/dags/fraud_detection_training_dag.py
[2025-06-27T00:19:27.271+0000] {processor.py:925} INFO - DAG(s) 'fraud_detection_training' retrieved from /opt/airflow/dags/fraud_detection_training_dag.py
[2025-06-27T00:19:27.306+0000] {logging_mixin.py:190} INFO - [2025-06-27T00:19:27.305+0000] {dag.py:3239} INFO - Sync 1 DAGs
[2025-06-27T00:19:27.332+0000] {logging_mixin.py:190} INFO - [2025-06-27T00:19:27.331+0000] {dag.py:4180} INFO - Setting next_dagrun for fraud_detection_training to 2025-06-26 03:00:00+00:00, run_after=2025-06-27 03:00:00+00:00
[2025-06-27T00:19:27.350+0000] {processor.py:208} INFO - Processing /opt/airflow/dags/fraud_detection_training_dag.py took 0.115 seconds
[2025-06-27T00:19:57.444+0000] {processor.py:186} INFO - Started process (PID=12617) to work on /opt/airflow/dags/fraud_detection_training_dag.py
[2025-06-27T00:19:57.445+0000] {processor.py:914} INFO - Processing file /opt/airflow/dags/fraud_detection_training_dag.py for tasks to queue
[2025-06-27T00:19:57.447+0000] {logging_mixin.py:190} INFO - [2025-06-27T00:19:57.447+0000] {dagbag.py:588} INFO - Filling up the DagBag from /opt/airflow/dags/fraud_detection_training_dag.py
[2025-06-27T00:19:57.463+0000] {processor.py:925} INFO - DAG(s) 'fraud_detection_training' retrieved from /opt/airflow/dags/fraud_detection_training_dag.py
[2025-06-27T00:19:57.488+0000] {logging_mixin.py:190} INFO - [2025-06-27T00:19:57.487+0000] {dag.py:3239} INFO - Sync 1 DAGs
[2025-06-27T00:19:57.511+0000] {logging_mixin.py:190} INFO - [2025-06-27T00:19:57.510+0000] {dag.py:4180} INFO - Setting next_dagrun for fraud_detection_training to 2025-06-26 03:00:00+00:00, run_after=2025-06-27 03:00:00+00:00
[2025-06-27T00:19:57.528+0000] {processor.py:208} INFO - Processing /opt/airflow/dags/fraud_detection_training_dag.py took 0.090 seconds
[2025-06-27T00:20:27.736+0000] {processor.py:186} INFO - Started process (PID=12624) to work on /opt/airflow/dags/fraud_detection_training_dag.py
[2025-06-27T00:20:27.737+0000] {processor.py:914} INFO - Processing file /opt/airflow/dags/fraud_detection_training_dag.py for tasks to queue
[2025-06-27T00:20:27.740+0000] {logging_mixin.py:190} INFO - [2025-06-27T00:20:27.740+0000] {dagbag.py:588} INFO - Filling up the DagBag from /opt/airflow/dags/fraud_detection_training_dag.py
[2025-06-27T00:20:27.757+0000] {processor.py:925} INFO - DAG(s) 'fraud_detection_training' retrieved from /opt/airflow/dags/fraud_detection_training_dag.py
[2025-06-27T00:20:27.782+0000] {logging_mixin.py:190} INFO - [2025-06-27T00:20:27.781+0000] {dag.py:3239} INFO - Sync 1 DAGs
[2025-06-27T00:20:27.804+0000] {logging_mixin.py:190} INFO - [2025-06-27T00:20:27.804+0000] {dag.py:4180} INFO - Setting next_dagrun for fraud_detection_training to 2025-06-26 03:00:00+00:00, run_after=2025-06-27 03:00:00+00:00
[2025-06-27T00:20:27.823+0000] {processor.py:208} INFO - Processing /opt/airflow/dags/fraud_detection_training_dag.py took 0.094 seconds
[2025-06-27T00:20:57.930+0000] {processor.py:186} INFO - Started process (PID=12631) to work on /opt/airflow/dags/fraud_detection_training_dag.py
[2025-06-27T00:20:57.931+0000] {processor.py:914} INFO - Processing file /opt/airflow/dags/fraud_detection_training_dag.py for tasks to queue
[2025-06-27T00:20:57.934+0000] {logging_mixin.py:190} INFO - [2025-06-27T00:20:57.933+0000] {dagbag.py:588} INFO - Filling up the DagBag from /opt/airflow/dags/fraud_detection_training_dag.py
[2025-06-27T00:20:57.950+0000] {processor.py:925} INFO - DAG(s) 'fraud_detection_training' retrieved from /opt/airflow/dags/fraud_detection_training_dag.py
[2025-06-27T00:20:57.975+0000] {logging_mixin.py:190} INFO - [2025-06-27T00:20:57.975+0000] {dag.py:3239} INFO - Sync 1 DAGs
[2025-06-27T00:20:57.999+0000] {logging_mixin.py:190} INFO - [2025-06-27T00:20:57.998+0000] {dag.py:4180} INFO - Setting next_dagrun for fraud_detection_training to 2025-06-26 03:00:00+00:00, run_after=2025-06-27 03:00:00+00:00
[2025-06-27T00:20:58.015+0000] {processor.py:208} INFO - Processing /opt/airflow/dags/fraud_detection_training_dag.py took 0.090 seconds
[2025-06-27T00:21:28.228+0000] {processor.py:186} INFO - Started process (PID=12638) to work on /opt/airflow/dags/fraud_detection_training_dag.py
[2025-06-27T00:21:28.228+0000] {processor.py:914} INFO - Processing file /opt/airflow/dags/fraud_detection_training_dag.py for tasks to queue
[2025-06-27T00:21:28.231+0000] {logging_mixin.py:190} INFO - [2025-06-27T00:21:28.230+0000] {dagbag.py:588} INFO - Filling up the DagBag from /opt/airflow/dags/fraud_detection_training_dag.py
[2025-06-27T00:21:28.247+0000] {processor.py:925} INFO - DAG(s) 'fraud_detection_training' retrieved from /opt/airflow/dags/fraud_detection_training_dag.py
[2025-06-27T00:21:28.272+0000] {logging_mixin.py:190} INFO - [2025-06-27T00:21:28.272+0000] {dag.py:3239} INFO - Sync 1 DAGs
[2025-06-27T00:21:28.296+0000] {logging_mixin.py:190} INFO - [2025-06-27T00:21:28.296+0000] {dag.py:4180} INFO - Setting next_dagrun for fraud_detection_training to 2025-06-26 03:00:00+00:00, run_after=2025-06-27 03:00:00+00:00
[2025-06-27T00:21:28.312+0000] {processor.py:208} INFO - Processing /opt/airflow/dags/fraud_detection_training_dag.py took 0.089 seconds
[2025-06-27T00:21:58.441+0000] {processor.py:186} INFO - Started process (PID=12645) to work on /opt/airflow/dags/fraud_detection_training_dag.py
[2025-06-27T00:21:58.443+0000] {processor.py:914} INFO - Processing file /opt/airflow/dags/fraud_detection_training_dag.py for tasks to queue
[2025-06-27T00:21:58.445+0000] {logging_mixin.py:190} INFO - [2025-06-27T00:21:58.444+0000] {dagbag.py:588} INFO - Filling up the DagBag from /opt/airflow/dags/fraud_detection_training_dag.py
[2025-06-27T00:21:58.459+0000] {processor.py:925} INFO - DAG(s) 'fraud_detection_training' retrieved from /opt/airflow/dags/fraud_detection_training_dag.py
[2025-06-27T00:21:58.486+0000] {logging_mixin.py:190} INFO - [2025-06-27T00:21:58.486+0000] {dag.py:3239} INFO - Sync 1 DAGs
[2025-06-27T00:21:58.513+0000] {logging_mixin.py:190} INFO - [2025-06-27T00:21:58.513+0000] {dag.py:4180} INFO - Setting next_dagrun for fraud_detection_training to 2025-06-26 03:00:00+00:00, run_after=2025-06-27 03:00:00+00:00
[2025-06-27T00:21:58.530+0000] {processor.py:208} INFO - Processing /opt/airflow/dags/fraud_detection_training_dag.py took 0.095 seconds
[2025-06-27T00:22:28.712+0000] {processor.py:186} INFO - Started process (PID=12652) to work on /opt/airflow/dags/fraud_detection_training_dag.py
[2025-06-27T00:22:28.713+0000] {processor.py:914} INFO - Processing file /opt/airflow/dags/fraud_detection_training_dag.py for tasks to queue
[2025-06-27T00:22:28.715+0000] {logging_mixin.py:190} INFO - [2025-06-27T00:22:28.714+0000] {dagbag.py:588} INFO - Filling up the DagBag from /opt/airflow/dags/fraud_detection_training_dag.py
[2025-06-27T00:22:28.731+0000] {processor.py:925} INFO - DAG(s) 'fraud_detection_training' retrieved from /opt/airflow/dags/fraud_detection_training_dag.py
[2025-06-27T00:22:28.755+0000] {logging_mixin.py:190} INFO - [2025-06-27T00:22:28.755+0000] {dag.py:3239} INFO - Sync 1 DAGs
[2025-06-27T00:22:28.778+0000] {logging_mixin.py:190} INFO - [2025-06-27T00:22:28.777+0000] {dag.py:4180} INFO - Setting next_dagrun for fraud_detection_training to 2025-06-26 03:00:00+00:00, run_after=2025-06-27 03:00:00+00:00
[2025-06-27T00:22:28.794+0000] {processor.py:208} INFO - Processing /opt/airflow/dags/fraud_detection_training_dag.py took 0.087 seconds
[2025-06-27T00:22:58.942+0000] {processor.py:186} INFO - Started process (PID=12660) to work on /opt/airflow/dags/fraud_detection_training_dag.py
[2025-06-27T00:22:58.944+0000] {processor.py:914} INFO - Processing file /opt/airflow/dags/fraud_detection_training_dag.py for tasks to queue
[2025-06-27T00:22:58.946+0000] {logging_mixin.py:190} INFO - [2025-06-27T00:22:58.945+0000] {dagbag.py:588} INFO - Filling up the DagBag from /opt/airflow/dags/fraud_detection_training_dag.py
[2025-06-27T00:22:58.962+0000] {processor.py:925} INFO - DAG(s) 'fraud_detection_training' retrieved from /opt/airflow/dags/fraud_detection_training_dag.py
[2025-06-27T00:22:58.989+0000] {logging_mixin.py:190} INFO - [2025-06-27T00:22:58.989+0000] {dag.py:3239} INFO - Sync 1 DAGs
[2025-06-27T00:22:59.011+0000] {logging_mixin.py:190} INFO - [2025-06-27T00:22:59.011+0000] {dag.py:4180} INFO - Setting next_dagrun for fraud_detection_training to 2025-06-26 03:00:00+00:00, run_after=2025-06-27 03:00:00+00:00
[2025-06-27T00:22:59.029+0000] {processor.py:208} INFO - Processing /opt/airflow/dags/fraud_detection_training_dag.py took 0.094 seconds
[2025-06-27T00:23:29.225+0000] {processor.py:186} INFO - Started process (PID=12668) to work on /opt/airflow/dags/fraud_detection_training_dag.py
[2025-06-27T00:23:29.226+0000] {processor.py:914} INFO - Processing file /opt/airflow/dags/fraud_detection_training_dag.py for tasks to queue
[2025-06-27T00:23:29.229+0000] {logging_mixin.py:190} INFO - [2025-06-27T00:23:29.228+0000] {dagbag.py:588} INFO - Filling up the DagBag from /opt/airflow/dags/fraud_detection_training_dag.py
[2025-06-27T00:23:29.244+0000] {processor.py:925} INFO - DAG(s) 'fraud_detection_training' retrieved from /opt/airflow/dags/fraud_detection_training_dag.py
[2025-06-27T00:23:29.268+0000] {logging_mixin.py:190} INFO - [2025-06-27T00:23:29.268+0000] {dag.py:3239} INFO - Sync 1 DAGs
[2025-06-27T00:23:29.294+0000] {logging_mixin.py:190} INFO - [2025-06-27T00:23:29.294+0000] {dag.py:4180} INFO - Setting next_dagrun for fraud_detection_training to 2025-06-26 03:00:00+00:00, run_after=2025-06-27 03:00:00+00:00
[2025-06-27T00:23:29.313+0000] {processor.py:208} INFO - Processing /opt/airflow/dags/fraud_detection_training_dag.py took 0.092 seconds
[2025-06-27T00:23:59.462+0000] {processor.py:186} INFO - Started process (PID=12676) to work on /opt/airflow/dags/fraud_detection_training_dag.py
[2025-06-27T00:23:59.463+0000] {processor.py:914} INFO - Processing file /opt/airflow/dags/fraud_detection_training_dag.py for tasks to queue
[2025-06-27T00:23:59.467+0000] {logging_mixin.py:190} INFO - [2025-06-27T00:23:59.466+0000] {dagbag.py:588} INFO - Filling up the DagBag from /opt/airflow/dags/fraud_detection_training_dag.py
[2025-06-27T00:23:59.491+0000] {processor.py:925} INFO - DAG(s) 'fraud_detection_training' retrieved from /opt/airflow/dags/fraud_detection_training_dag.py
[2025-06-27T00:23:59.519+0000] {logging_mixin.py:190} INFO - [2025-06-27T00:23:59.519+0000] {dag.py:3239} INFO - Sync 1 DAGs
[2025-06-27T00:23:59.545+0000] {logging_mixin.py:190} INFO - [2025-06-27T00:23:59.545+0000] {dag.py:4180} INFO - Setting next_dagrun for fraud_detection_training to 2025-06-26 03:00:00+00:00, run_after=2025-06-27 03:00:00+00:00
[2025-06-27T00:23:59.566+0000] {processor.py:208} INFO - Processing /opt/airflow/dags/fraud_detection_training_dag.py took 0.110 seconds
[2025-06-27T00:24:29.707+0000] {processor.py:186} INFO - Started process (PID=12683) to work on /opt/airflow/dags/fraud_detection_training_dag.py
[2025-06-27T00:24:29.709+0000] {processor.py:914} INFO - Processing file /opt/airflow/dags/fraud_detection_training_dag.py for tasks to queue
[2025-06-27T00:24:29.713+0000] {logging_mixin.py:190} INFO - [2025-06-27T00:24:29.712+0000] {dagbag.py:588} INFO - Filling up the DagBag from /opt/airflow/dags/fraud_detection_training_dag.py
[2025-06-27T00:24:29.735+0000] {processor.py:925} INFO - DAG(s) 'fraud_detection_training' retrieved from /opt/airflow/dags/fraud_detection_training_dag.py
[2025-06-27T00:24:29.762+0000] {logging_mixin.py:190} INFO - [2025-06-27T00:24:29.761+0000] {dag.py:3239} INFO - Sync 1 DAGs
[2025-06-27T00:24:29.786+0000] {logging_mixin.py:190} INFO - [2025-06-27T00:24:29.786+0000] {dag.py:4180} INFO - Setting next_dagrun for fraud_detection_training to 2025-06-26 03:00:00+00:00, run_after=2025-06-27 03:00:00+00:00
[2025-06-27T00:24:29.807+0000] {processor.py:208} INFO - Processing /opt/airflow/dags/fraud_detection_training_dag.py took 0.108 seconds
[2025-06-27T00:24:59.983+0000] {processor.py:186} INFO - Started process (PID=12690) to work on /opt/airflow/dags/fraud_detection_training_dag.py
[2025-06-27T00:24:59.984+0000] {processor.py:914} INFO - Processing file /opt/airflow/dags/fraud_detection_training_dag.py for tasks to queue
[2025-06-27T00:24:59.987+0000] {logging_mixin.py:190} INFO - [2025-06-27T00:24:59.987+0000] {dagbag.py:588} INFO - Filling up the DagBag from /opt/airflow/dags/fraud_detection_training_dag.py
[2025-06-27T00:25:00.012+0000] {processor.py:925} INFO - DAG(s) 'fraud_detection_training' retrieved from /opt/airflow/dags/fraud_detection_training_dag.py
[2025-06-27T00:25:00.056+0000] {logging_mixin.py:190} INFO - [2025-06-27T00:25:00.055+0000] {dag.py:3239} INFO - Sync 1 DAGs
[2025-06-27T00:25:00.102+0000] {logging_mixin.py:190} INFO - [2025-06-27T00:25:00.101+0000] {dag.py:4180} INFO - Setting next_dagrun for fraud_detection_training to 2025-06-26 03:00:00+00:00, run_after=2025-06-27 03:00:00+00:00
[2025-06-27T00:25:00.148+0000] {processor.py:208} INFO - Processing /opt/airflow/dags/fraud_detection_training_dag.py took 0.174 seconds
[2025-06-27T00:25:30.375+0000] {processor.py:186} INFO - Started process (PID=12697) to work on /opt/airflow/dags/fraud_detection_training_dag.py
[2025-06-27T00:25:30.376+0000] {processor.py:914} INFO - Processing file /opt/airflow/dags/fraud_detection_training_dag.py for tasks to queue
[2025-06-27T00:25:30.378+0000] {logging_mixin.py:190} INFO - [2025-06-27T00:25:30.378+0000] {dagbag.py:588} INFO - Filling up the DagBag from /opt/airflow/dags/fraud_detection_training_dag.py
[2025-06-27T00:25:30.397+0000] {processor.py:925} INFO - DAG(s) 'fraud_detection_training' retrieved from /opt/airflow/dags/fraud_detection_training_dag.py
[2025-06-27T00:25:30.425+0000] {logging_mixin.py:190} INFO - [2025-06-27T00:25:30.425+0000] {dag.py:3239} INFO - Sync 1 DAGs
[2025-06-27T00:25:30.450+0000] {logging_mixin.py:190} INFO - [2025-06-27T00:25:30.449+0000] {dag.py:4180} INFO - Setting next_dagrun for fraud_detection_training to 2025-06-26 03:00:00+00:00, run_after=2025-06-27 03:00:00+00:00
[2025-06-27T00:25:30.470+0000] {processor.py:208} INFO - Processing /opt/airflow/dags/fraud_detection_training_dag.py took 0.101 seconds
[2025-06-27T00:26:00.584+0000] {processor.py:186} INFO - Started process (PID=12704) to work on /opt/airflow/dags/fraud_detection_training_dag.py
[2025-06-27T00:26:00.585+0000] {processor.py:914} INFO - Processing file /opt/airflow/dags/fraud_detection_training_dag.py for tasks to queue
[2025-06-27T00:26:00.587+0000] {logging_mixin.py:190} INFO - [2025-06-27T00:26:00.587+0000] {dagbag.py:588} INFO - Filling up the DagBag from /opt/airflow/dags/fraud_detection_training_dag.py
[2025-06-27T00:26:00.604+0000] {processor.py:925} INFO - DAG(s) 'fraud_detection_training' retrieved from /opt/airflow/dags/fraud_detection_training_dag.py
[2025-06-27T00:26:00.628+0000] {logging_mixin.py:190} INFO - [2025-06-27T00:26:00.628+0000] {dag.py:3239} INFO - Sync 1 DAGs
[2025-06-27T00:26:00.650+0000] {logging_mixin.py:190} INFO - [2025-06-27T00:26:00.650+0000] {dag.py:4180} INFO - Setting next_dagrun for fraud_detection_training to 2025-06-26 03:00:00+00:00, run_after=2025-06-27 03:00:00+00:00
[2025-06-27T00:26:00.670+0000] {processor.py:208} INFO - Processing /opt/airflow/dags/fraud_detection_training_dag.py took 0.092 seconds
[2025-06-27T00:26:30.857+0000] {processor.py:186} INFO - Started process (PID=12711) to work on /opt/airflow/dags/fraud_detection_training_dag.py
[2025-06-27T00:26:30.858+0000] {processor.py:914} INFO - Processing file /opt/airflow/dags/fraud_detection_training_dag.py for tasks to queue
[2025-06-27T00:26:30.860+0000] {logging_mixin.py:190} INFO - [2025-06-27T00:26:30.860+0000] {dagbag.py:588} INFO - Filling up the DagBag from /opt/airflow/dags/fraud_detection_training_dag.py
[2025-06-27T00:26:30.875+0000] {processor.py:925} INFO - DAG(s) 'fraud_detection_training' retrieved from /opt/airflow/dags/fraud_detection_training_dag.py
[2025-06-27T00:26:30.898+0000] {logging_mixin.py:190} INFO - [2025-06-27T00:26:30.898+0000] {dag.py:3239} INFO - Sync 1 DAGs
[2025-06-27T00:26:30.922+0000] {logging_mixin.py:190} INFO - [2025-06-27T00:26:30.922+0000] {dag.py:4180} INFO - Setting next_dagrun for fraud_detection_training to 2025-06-26 03:00:00+00:00, run_after=2025-06-27 03:00:00+00:00
[2025-06-27T00:26:30.941+0000] {processor.py:208} INFO - Processing /opt/airflow/dags/fraud_detection_training_dag.py took 0.088 seconds
[2025-06-27T00:27:01.057+0000] {processor.py:186} INFO - Started process (PID=12717) to work on /opt/airflow/dags/fraud_detection_training_dag.py
[2025-06-27T00:27:01.058+0000] {processor.py:914} INFO - Processing file /opt/airflow/dags/fraud_detection_training_dag.py for tasks to queue
[2025-06-27T00:27:01.060+0000] {logging_mixin.py:190} INFO - [2025-06-27T00:27:01.060+0000] {dagbag.py:588} INFO - Filling up the DagBag from /opt/airflow/dags/fraud_detection_training_dag.py
[2025-06-27T00:27:01.075+0000] {processor.py:925} INFO - DAG(s) 'fraud_detection_training' retrieved from /opt/airflow/dags/fraud_detection_training_dag.py
[2025-06-27T00:27:01.099+0000] {logging_mixin.py:190} INFO - [2025-06-27T00:27:01.099+0000] {dag.py:3239} INFO - Sync 1 DAGs
[2025-06-27T00:27:01.120+0000] {logging_mixin.py:190} INFO - [2025-06-27T00:27:01.120+0000] {dag.py:4180} INFO - Setting next_dagrun for fraud_detection_training to 2025-06-26 03:00:00+00:00, run_after=2025-06-27 03:00:00+00:00
[2025-06-27T00:27:01.136+0000] {processor.py:208} INFO - Processing /opt/airflow/dags/fraud_detection_training_dag.py took 0.084 seconds
[2025-06-27T00:27:31.348+0000] {processor.py:186} INFO - Started process (PID=12724) to work on /opt/airflow/dags/fraud_detection_training_dag.py
[2025-06-27T00:27:31.349+0000] {processor.py:914} INFO - Processing file /opt/airflow/dags/fraud_detection_training_dag.py for tasks to queue
[2025-06-27T00:27:31.353+0000] {logging_mixin.py:190} INFO - [2025-06-27T00:27:31.351+0000] {dagbag.py:588} INFO - Filling up the DagBag from /opt/airflow/dags/fraud_detection_training_dag.py
[2025-06-27T00:27:31.369+0000] {processor.py:925} INFO - DAG(s) 'fraud_detection_training' retrieved from /opt/airflow/dags/fraud_detection_training_dag.py
[2025-06-27T00:27:31.393+0000] {logging_mixin.py:190} INFO - [2025-06-27T00:27:31.393+0000] {dag.py:3239} INFO - Sync 1 DAGs
[2025-06-27T00:27:31.415+0000] {logging_mixin.py:190} INFO - [2025-06-27T00:27:31.414+0000] {dag.py:4180} INFO - Setting next_dagrun for fraud_detection_training to 2025-06-26 03:00:00+00:00, run_after=2025-06-27 03:00:00+00:00
[2025-06-27T00:27:31.431+0000] {processor.py:208} INFO - Processing /opt/airflow/dags/fraud_detection_training_dag.py took 0.089 seconds
[2025-06-27T00:28:01.552+0000] {processor.py:186} INFO - Started process (PID=12731) to work on /opt/airflow/dags/fraud_detection_training_dag.py
[2025-06-27T00:28:01.553+0000] {processor.py:914} INFO - Processing file /opt/airflow/dags/fraud_detection_training_dag.py for tasks to queue
[2025-06-27T00:28:01.555+0000] {logging_mixin.py:190} INFO - [2025-06-27T00:28:01.555+0000] {dagbag.py:588} INFO - Filling up the DagBag from /opt/airflow/dags/fraud_detection_training_dag.py
[2025-06-27T00:28:01.570+0000] {processor.py:925} INFO - DAG(s) 'fraud_detection_training' retrieved from /opt/airflow/dags/fraud_detection_training_dag.py
[2025-06-27T00:28:01.594+0000] {logging_mixin.py:190} INFO - [2025-06-27T00:28:01.594+0000] {dag.py:3239} INFO - Sync 1 DAGs
[2025-06-27T00:28:01.615+0000] {logging_mixin.py:190} INFO - [2025-06-27T00:28:01.615+0000] {dag.py:4180} INFO - Setting next_dagrun for fraud_detection_training to 2025-06-26 03:00:00+00:00, run_after=2025-06-27 03:00:00+00:00
[2025-06-27T00:28:01.632+0000] {processor.py:208} INFO - Processing /opt/airflow/dags/fraud_detection_training_dag.py took 0.085 seconds
[2025-06-27T00:28:31.847+0000] {processor.py:186} INFO - Started process (PID=12738) to work on /opt/airflow/dags/fraud_detection_training_dag.py
[2025-06-27T00:28:31.848+0000] {processor.py:914} INFO - Processing file /opt/airflow/dags/fraud_detection_training_dag.py for tasks to queue
[2025-06-27T00:28:31.851+0000] {logging_mixin.py:190} INFO - [2025-06-27T00:28:31.851+0000] {dagbag.py:588} INFO - Filling up the DagBag from /opt/airflow/dags/fraud_detection_training_dag.py
[2025-06-27T00:28:31.868+0000] {processor.py:925} INFO - DAG(s) 'fraud_detection_training' retrieved from /opt/airflow/dags/fraud_detection_training_dag.py
[2025-06-27T00:28:31.894+0000] {logging_mixin.py:190} INFO - [2025-06-27T00:28:31.894+0000] {dag.py:3239} INFO - Sync 1 DAGs
[2025-06-27T00:28:31.917+0000] {logging_mixin.py:190} INFO - [2025-06-27T00:28:31.917+0000] {dag.py:4180} INFO - Setting next_dagrun for fraud_detection_training to 2025-06-26 03:00:00+00:00, run_after=2025-06-27 03:00:00+00:00
[2025-06-27T00:28:31.935+0000] {processor.py:208} INFO - Processing /opt/airflow/dags/fraud_detection_training_dag.py took 0.093 seconds
[2025-06-27T00:29:02.072+0000] {processor.py:186} INFO - Started process (PID=12746) to work on /opt/airflow/dags/fraud_detection_training_dag.py
[2025-06-27T00:29:02.073+0000] {processor.py:914} INFO - Processing file /opt/airflow/dags/fraud_detection_training_dag.py for tasks to queue
[2025-06-27T00:29:02.076+0000] {logging_mixin.py:190} INFO - [2025-06-27T00:29:02.075+0000] {dagbag.py:588} INFO - Filling up the DagBag from /opt/airflow/dags/fraud_detection_training_dag.py
[2025-06-27T00:29:02.092+0000] {processor.py:925} INFO - DAG(s) 'fraud_detection_training' retrieved from /opt/airflow/dags/fraud_detection_training_dag.py
[2025-06-27T00:29:02.118+0000] {logging_mixin.py:190} INFO - [2025-06-27T00:29:02.118+0000] {dag.py:3239} INFO - Sync 1 DAGs
[2025-06-27T00:29:02.145+0000] {logging_mixin.py:190} INFO - [2025-06-27T00:29:02.144+0000] {dag.py:4180} INFO - Setting next_dagrun for fraud_detection_training to 2025-06-26 03:00:00+00:00, run_after=2025-06-27 03:00:00+00:00
[2025-06-27T00:29:02.163+0000] {processor.py:208} INFO - Processing /opt/airflow/dags/fraud_detection_training_dag.py took 0.097 seconds
[2025-06-27T00:29:32.356+0000] {processor.py:186} INFO - Started process (PID=12753) to work on /opt/airflow/dags/fraud_detection_training_dag.py
[2025-06-27T00:29:32.357+0000] {processor.py:914} INFO - Processing file /opt/airflow/dags/fraud_detection_training_dag.py for tasks to queue
[2025-06-27T00:29:32.359+0000] {logging_mixin.py:190} INFO - [2025-06-27T00:29:32.358+0000] {dagbag.py:588} INFO - Filling up the DagBag from /opt/airflow/dags/fraud_detection_training_dag.py
[2025-06-27T00:29:32.375+0000] {processor.py:925} INFO - DAG(s) 'fraud_detection_training' retrieved from /opt/airflow/dags/fraud_detection_training_dag.py
[2025-06-27T00:29:32.400+0000] {logging_mixin.py:190} INFO - [2025-06-27T00:29:32.399+0000] {dag.py:3239} INFO - Sync 1 DAGs
[2025-06-27T00:29:32.424+0000] {logging_mixin.py:190} INFO - [2025-06-27T00:29:32.423+0000] {dag.py:4180} INFO - Setting next_dagrun for fraud_detection_training to 2025-06-26 03:00:00+00:00, run_after=2025-06-27 03:00:00+00:00
[2025-06-27T00:29:32.440+0000] {processor.py:208} INFO - Processing /opt/airflow/dags/fraud_detection_training_dag.py took 0.090 seconds
[2025-06-27T00:30:02.557+0000] {processor.py:186} INFO - Started process (PID=12760) to work on /opt/airflow/dags/fraud_detection_training_dag.py
[2025-06-27T00:30:02.558+0000] {processor.py:914} INFO - Processing file /opt/airflow/dags/fraud_detection_training_dag.py for tasks to queue
[2025-06-27T00:30:02.560+0000] {logging_mixin.py:190} INFO - [2025-06-27T00:30:02.560+0000] {dagbag.py:588} INFO - Filling up the DagBag from /opt/airflow/dags/fraud_detection_training_dag.py
[2025-06-27T00:30:02.577+0000] {processor.py:925} INFO - DAG(s) 'fraud_detection_training' retrieved from /opt/airflow/dags/fraud_detection_training_dag.py
[2025-06-27T00:30:02.605+0000] {logging_mixin.py:190} INFO - [2025-06-27T00:30:02.605+0000] {dag.py:3239} INFO - Sync 1 DAGs
[2025-06-27T00:30:02.628+0000] {logging_mixin.py:190} INFO - [2025-06-27T00:30:02.628+0000] {dag.py:4180} INFO - Setting next_dagrun for fraud_detection_training to 2025-06-26 03:00:00+00:00, run_after=2025-06-27 03:00:00+00:00
[2025-06-27T00:30:02.645+0000] {processor.py:208} INFO - Processing /opt/airflow/dags/fraud_detection_training_dag.py took 0.093 seconds
[2025-06-27T00:30:32.838+0000] {processor.py:186} INFO - Started process (PID=12767) to work on /opt/airflow/dags/fraud_detection_training_dag.py
[2025-06-27T00:30:32.839+0000] {processor.py:914} INFO - Processing file /opt/airflow/dags/fraud_detection_training_dag.py for tasks to queue
[2025-06-27T00:30:32.842+0000] {logging_mixin.py:190} INFO - [2025-06-27T00:30:32.842+0000] {dagbag.py:588} INFO - Filling up the DagBag from /opt/airflow/dags/fraud_detection_training_dag.py
[2025-06-27T00:30:32.861+0000] {processor.py:925} INFO - DAG(s) 'fraud_detection_training' retrieved from /opt/airflow/dags/fraud_detection_training_dag.py
[2025-06-27T00:30:32.890+0000] {logging_mixin.py:190} INFO - [2025-06-27T00:30:32.889+0000] {dag.py:3239} INFO - Sync 1 DAGs
[2025-06-27T00:30:32.916+0000] {logging_mixin.py:190} INFO - [2025-06-27T00:30:32.916+0000] {dag.py:4180} INFO - Setting next_dagrun for fraud_detection_training to 2025-06-26 03:00:00+00:00, run_after=2025-06-27 03:00:00+00:00
[2025-06-27T00:30:32.942+0000] {processor.py:208} INFO - Processing /opt/airflow/dags/fraud_detection_training_dag.py took 0.109 seconds
[2025-06-27T00:31:03.073+0000] {processor.py:186} INFO - Started process (PID=12774) to work on /opt/airflow/dags/fraud_detection_training_dag.py
[2025-06-27T00:31:03.075+0000] {processor.py:914} INFO - Processing file /opt/airflow/dags/fraud_detection_training_dag.py for tasks to queue
[2025-06-27T00:31:03.079+0000] {logging_mixin.py:190} INFO - [2025-06-27T00:31:03.079+0000] {dagbag.py:588} INFO - Filling up the DagBag from /opt/airflow/dags/fraud_detection_training_dag.py
[2025-06-27T00:31:03.108+0000] {processor.py:925} INFO - DAG(s) 'fraud_detection_training' retrieved from /opt/airflow/dags/fraud_detection_training_dag.py
[2025-06-27T00:31:03.151+0000] {logging_mixin.py:190} INFO - [2025-06-27T00:31:03.150+0000] {dag.py:3239} INFO - Sync 1 DAGs
[2025-06-27T00:31:03.184+0000] {logging_mixin.py:190} INFO - [2025-06-27T00:31:03.184+0000] {dag.py:4180} INFO - Setting next_dagrun for fraud_detection_training to 2025-06-26 03:00:00+00:00, run_after=2025-06-27 03:00:00+00:00
[2025-06-27T00:31:03.206+0000] {processor.py:208} INFO - Processing /opt/airflow/dags/fraud_detection_training_dag.py took 0.144 seconds
[2025-06-27T00:31:33.343+0000] {processor.py:186} INFO - Started process (PID=12781) to work on /opt/airflow/dags/fraud_detection_training_dag.py
[2025-06-27T00:31:33.344+0000] {processor.py:914} INFO - Processing file /opt/airflow/dags/fraud_detection_training_dag.py for tasks to queue
[2025-06-27T00:31:33.348+0000] {logging_mixin.py:190} INFO - [2025-06-27T00:31:33.347+0000] {dagbag.py:588} INFO - Filling up the DagBag from /opt/airflow/dags/fraud_detection_training_dag.py
[2025-06-27T00:31:33.368+0000] {processor.py:925} INFO - DAG(s) 'fraud_detection_training' retrieved from /opt/airflow/dags/fraud_detection_training_dag.py
[2025-06-27T00:31:33.398+0000] {logging_mixin.py:190} INFO - [2025-06-27T00:31:33.398+0000] {dag.py:3239} INFO - Sync 1 DAGs
[2025-06-27T00:31:33.427+0000] {logging_mixin.py:190} INFO - [2025-06-27T00:31:33.426+0000] {dag.py:4180} INFO - Setting next_dagrun for fraud_detection_training to 2025-06-26 03:00:00+00:00, run_after=2025-06-27 03:00:00+00:00
[2025-06-27T00:31:33.451+0000] {processor.py:208} INFO - Processing /opt/airflow/dags/fraud_detection_training_dag.py took 0.114 seconds
[2025-06-27T00:32:03.595+0000] {processor.py:186} INFO - Started process (PID=12788) to work on /opt/airflow/dags/fraud_detection_training_dag.py
[2025-06-27T00:32:03.597+0000] {processor.py:914} INFO - Processing file /opt/airflow/dags/fraud_detection_training_dag.py for tasks to queue
[2025-06-27T00:32:03.600+0000] {logging_mixin.py:190} INFO - [2025-06-27T00:32:03.600+0000] {dagbag.py:588} INFO - Filling up the DagBag from /opt/airflow/dags/fraud_detection_training_dag.py
[2025-06-27T00:32:03.617+0000] {processor.py:925} INFO - DAG(s) 'fraud_detection_training' retrieved from /opt/airflow/dags/fraud_detection_training_dag.py
[2025-06-27T00:32:03.643+0000] {logging_mixin.py:190} INFO - [2025-06-27T00:32:03.642+0000] {dag.py:3239} INFO - Sync 1 DAGs
[2025-06-27T00:32:03.668+0000] {logging_mixin.py:190} INFO - [2025-06-27T00:32:03.668+0000] {dag.py:4180} INFO - Setting next_dagrun for fraud_detection_training to 2025-06-26 03:00:00+00:00, run_after=2025-06-27 03:00:00+00:00
[2025-06-27T00:32:03.685+0000] {processor.py:208} INFO - Processing /opt/airflow/dags/fraud_detection_training_dag.py took 0.096 seconds
[2025-06-27T00:32:33.848+0000] {processor.py:186} INFO - Started process (PID=12795) to work on /opt/airflow/dags/fraud_detection_training_dag.py
[2025-06-27T00:32:33.849+0000] {processor.py:914} INFO - Processing file /opt/airflow/dags/fraud_detection_training_dag.py for tasks to queue
[2025-06-27T00:32:33.851+0000] {logging_mixin.py:190} INFO - [2025-06-27T00:32:33.851+0000] {dagbag.py:588} INFO - Filling up the DagBag from /opt/airflow/dags/fraud_detection_training_dag.py
[2025-06-27T00:32:33.872+0000] {processor.py:925} INFO - DAG(s) 'fraud_detection_training' retrieved from /opt/airflow/dags/fraud_detection_training_dag.py
[2025-06-27T00:32:33.902+0000] {logging_mixin.py:190} INFO - [2025-06-27T00:32:33.902+0000] {dag.py:3239} INFO - Sync 1 DAGs
[2025-06-27T00:32:33.931+0000] {logging_mixin.py:190} INFO - [2025-06-27T00:32:33.931+0000] {dag.py:4180} INFO - Setting next_dagrun for fraud_detection_training to 2025-06-26 03:00:00+00:00, run_after=2025-06-27 03:00:00+00:00
[2025-06-27T00:32:33.950+0000] {processor.py:208} INFO - Processing /opt/airflow/dags/fraud_detection_training_dag.py took 0.109 seconds
