[2025-06-17T18:43:50.978+0000] {local_task_job_runner.py:123} INFO - ::group::Pre task execution logs
[2025-06-17T18:43:51.013+0000] {taskinstance.py:2614} INFO - Dependencies all met for dep_context=non-requeueable deps ti=<TaskInstance: fraud_detection_training.execute_training manual__2025-06-17T18:43:47.801462+00:00 [queued]>
[2025-06-17T18:43:51.030+0000] {taskinstance.py:2614} INFO - Dependencies all met for dep_context=requeueable deps ti=<TaskInstance: fraud_detection_training.execute_training manual__2025-06-17T18:43:47.801462+00:00 [queued]>
[2025-06-17T18:43:51.031+0000] {taskinstance.py:2867} INFO - Starting attempt 1 of 1
[2025-06-17T18:43:51.053+0000] {taskinstance.py:2890} INFO - Executing <Task(PythonOperator): execute_training> on 2025-06-17 18:43:47.801462+00:00
[2025-06-17T18:43:51.064+0000] {warnings.py:112} WARNING - /home/***/.local/lib/python3.12/site-packages/***/task/task_runner/standard_task_runner.py:70: DeprecationWarning: This process (pid=5488) is multi-threaded, use of fork() may lead to deadlocks in the child.
  pid = os.fork()

[2025-06-17T18:43:51.067+0000] {standard_task_runner.py:72} INFO - Started process 5489 to run task
[2025-06-17T18:43:51.066+0000] {standard_task_runner.py:104} INFO - Running: ['***', 'tasks', 'run', 'fraud_detection_training', 'execute_training', 'manual__2025-06-17T18:43:47.801462+00:00', '--job-id', '33', '--raw', '--subdir', 'DAGS_FOLDER/fraud_detection_training_dag.py', '--cfg-path', '/tmp/tmpa0t99wwz']
[2025-06-17T18:43:51.069+0000] {standard_task_runner.py:105} INFO - Job 33: Subtask execute_training
[2025-06-17T18:43:51.155+0000] {task_command.py:467} INFO - Running <TaskInstance: fraud_detection_training.execute_training manual__2025-06-17T18:43:47.801462+00:00 [running]> on host 0879d5bf0a82
[2025-06-17T18:43:51.314+0000] {taskinstance.py:3134} INFO - Exporting env vars: AIRFLOW_CTX_DAG_OWNER='Jasjot Parmar' AIRFLOW_CTX_DAG_ID='fraud_detection_training' AIRFLOW_CTX_TASK_ID='execute_training' AIRFLOW_CTX_EXECUTION_DATE='2025-06-17T18:43:47.801462+00:00' AIRFLOW_CTX_TRY_NUMBER='1' AIRFLOW_CTX_DAG_RUN_ID='manual__2025-06-17T18:43:47.801462+00:00'
[2025-06-17T18:43:51.315+0000] {taskinstance.py:732} INFO - ::endgroup::
[2025-06-17T18:43:51.344+0000] {fraud_detection_training_dag.py:23} INFO - Initializing fraud detection training...
[2025-06-17T18:43:59.697+0000] {fraud_detection_training_dag.py:26} INFO - Imported FraudDetectionTraining successfully.
[2025-06-17T18:43:59.718+0000] {fraud_detection_training.py:46} INFO - Configuration loaded successfully
[2025-06-17T18:44:00.859+0000] {fraud_detection_training.py:77} INFO - Minio connection verified. Buckets: ['mlflow']
[2025-06-17T18:44:04.383+0000] {logging_mixin.py:190} WARNING - 2025/06/17 18:44:04 INFO mlflow.tracking.fluent: Experiment with name 'fraud_detection_' does not exist. Creating a new experiment.
[2025-06-17T18:44:07.783+0000] {fraud_detection_training_dag.py:29} INFO - Trainer initialized successfully.
[2025-06-17T18:44:07.784+0000] {python.py:240} INFO - Done. Returned value was: {'status': 'success'}
[2025-06-17T18:44:07.822+0000] {taskinstance.py:341} INFO - ::group::Post task execution logs
[2025-06-17T18:44:07.823+0000] {taskinstance.py:353} INFO - Marking task as SUCCESS. dag_id=fraud_detection_training, task_id=execute_training, run_id=manual__2025-06-17T18:43:47.801462+00:00, execution_date=20250617T184347, start_date=20250617T184351, end_date=20250617T184407
[2025-06-17T18:44:07.935+0000] {local_task_job_runner.py:266} INFO - Task exited with return code 0
[2025-06-17T18:44:07.967+0000] {taskinstance.py:3901} INFO - 1 downstream tasks scheduled from follow-on schedule check
[2025-06-17T18:44:07.971+0000] {local_task_job_runner.py:245} INFO - ::endgroup::
