[2025-06-19T00:00:24.961+0000] {processor.py:186} INFO - Started process (PID=19236) to work on /opt/airflow/dags/fraud_detection_training_dag.py
[2025-06-19T00:00:24.963+0000] {processor.py:914} INFO - Processing file /opt/airflow/dags/fraud_detection_training_dag.py for tasks to queue
[2025-06-19T00:00:24.966+0000] {logging_mixin.py:190} INFO - [2025-06-19T00:00:24.965+0000] {dagbag.py:588} INFO - Filling up the DagBag from /opt/airflow/dags/fraud_detection_training_dag.py
[2025-06-19T00:00:25.007+0000] {processor.py:925} INFO - DAG(s) 'fraud_detection_training' retrieved from /opt/airflow/dags/fraud_detection_training_dag.py
[2025-06-19T00:00:25.055+0000] {logging_mixin.py:190} INFO - [2025-06-19T00:00:25.055+0000] {dag.py:3239} INFO - Sync 1 DAGs
[2025-06-19T00:00:25.101+0000] {logging_mixin.py:190} INFO - [2025-06-19T00:00:25.101+0000] {dag.py:4180} INFO - Setting next_dagrun for fraud_detection_training to 2025-06-18 03:00:00+00:00, run_after=2025-06-19 03:00:00+00:00
[2025-06-19T00:00:25.137+0000] {processor.py:208} INFO - Processing /opt/airflow/dags/fraud_detection_training_dag.py took 0.186 seconds
[2025-06-19T00:00:55.295+0000] {processor.py:186} INFO - Started process (PID=19244) to work on /opt/airflow/dags/fraud_detection_training_dag.py
[2025-06-19T00:00:55.297+0000] {processor.py:914} INFO - Processing file /opt/airflow/dags/fraud_detection_training_dag.py for tasks to queue
[2025-06-19T00:00:55.301+0000] {logging_mixin.py:190} INFO - [2025-06-19T00:00:55.300+0000] {dagbag.py:588} INFO - Filling up the DagBag from /opt/airflow/dags/fraud_detection_training_dag.py
[2025-06-19T00:00:55.335+0000] {processor.py:925} INFO - DAG(s) 'fraud_detection_training' retrieved from /opt/airflow/dags/fraud_detection_training_dag.py
[2025-06-19T00:00:55.383+0000] {logging_mixin.py:190} INFO - [2025-06-19T00:00:55.383+0000] {dag.py:3239} INFO - Sync 1 DAGs
[2025-06-19T00:00:55.428+0000] {logging_mixin.py:190} INFO - [2025-06-19T00:00:55.428+0000] {dag.py:4180} INFO - Setting next_dagrun for fraud_detection_training to 2025-06-18 03:00:00+00:00, run_after=2025-06-19 03:00:00+00:00
[2025-06-19T00:00:55.461+0000] {processor.py:208} INFO - Processing /opt/airflow/dags/fraud_detection_training_dag.py took 0.175 seconds
[2025-06-19T00:01:25.767+0000] {processor.py:186} INFO - Started process (PID=19251) to work on /opt/airflow/dags/fraud_detection_training_dag.py
[2025-06-19T00:01:25.772+0000] {processor.py:914} INFO - Processing file /opt/airflow/dags/fraud_detection_training_dag.py for tasks to queue
[2025-06-19T00:01:25.776+0000] {logging_mixin.py:190} INFO - [2025-06-19T00:01:25.775+0000] {dagbag.py:588} INFO - Filling up the DagBag from /opt/airflow/dags/fraud_detection_training_dag.py
[2025-06-19T00:01:25.825+0000] {processor.py:925} INFO - DAG(s) 'fraud_detection_training' retrieved from /opt/airflow/dags/fraud_detection_training_dag.py
[2025-06-19T00:01:25.880+0000] {logging_mixin.py:190} INFO - [2025-06-19T00:01:25.879+0000] {dag.py:3239} INFO - Sync 1 DAGs
[2025-06-19T00:01:25.930+0000] {logging_mixin.py:190} INFO - [2025-06-19T00:01:25.930+0000] {dag.py:4180} INFO - Setting next_dagrun for fraud_detection_training to 2025-06-18 03:00:00+00:00, run_after=2025-06-19 03:00:00+00:00
[2025-06-19T00:01:25.964+0000] {processor.py:208} INFO - Processing /opt/airflow/dags/fraud_detection_training_dag.py took 0.210 seconds
[2025-06-19T00:01:56.243+0000] {processor.py:186} INFO - Started process (PID=19258) to work on /opt/airflow/dags/fraud_detection_training_dag.py
[2025-06-19T00:01:56.244+0000] {processor.py:914} INFO - Processing file /opt/airflow/dags/fraud_detection_training_dag.py for tasks to queue
[2025-06-19T00:01:56.247+0000] {logging_mixin.py:190} INFO - [2025-06-19T00:01:56.246+0000] {dagbag.py:588} INFO - Filling up the DagBag from /opt/airflow/dags/fraud_detection_training_dag.py
[2025-06-19T00:01:56.286+0000] {processor.py:925} INFO - DAG(s) 'fraud_detection_training' retrieved from /opt/airflow/dags/fraud_detection_training_dag.py
[2025-06-19T00:01:56.331+0000] {logging_mixin.py:190} INFO - [2025-06-19T00:01:56.330+0000] {dag.py:3239} INFO - Sync 1 DAGs
[2025-06-19T00:01:56.381+0000] {logging_mixin.py:190} INFO - [2025-06-19T00:01:56.381+0000] {dag.py:4180} INFO - Setting next_dagrun for fraud_detection_training to 2025-06-18 03:00:00+00:00, run_after=2025-06-19 03:00:00+00:00
[2025-06-19T00:01:56.418+0000] {processor.py:208} INFO - Processing /opt/airflow/dags/fraud_detection_training_dag.py took 0.186 seconds
[2025-06-19T00:02:26.634+0000] {processor.py:186} INFO - Started process (PID=19265) to work on /opt/airflow/dags/fraud_detection_training_dag.py
[2025-06-19T00:02:26.637+0000] {processor.py:914} INFO - Processing file /opt/airflow/dags/fraud_detection_training_dag.py for tasks to queue
[2025-06-19T00:02:26.655+0000] {logging_mixin.py:190} INFO - [2025-06-19T00:02:26.642+0000] {dagbag.py:588} INFO - Filling up the DagBag from /opt/airflow/dags/fraud_detection_training_dag.py
[2025-06-19T00:02:26.738+0000] {processor.py:925} INFO - DAG(s) 'fraud_detection_training' retrieved from /opt/airflow/dags/fraud_detection_training_dag.py
[2025-06-19T00:02:26.809+0000] {logging_mixin.py:190} INFO - [2025-06-19T00:02:26.808+0000] {dag.py:3239} INFO - Sync 1 DAGs
[2025-06-19T00:02:26.884+0000] {logging_mixin.py:190} INFO - [2025-06-19T00:02:26.883+0000] {dag.py:4180} INFO - Setting next_dagrun for fraud_detection_training to 2025-06-18 03:00:00+00:00, run_after=2025-06-19 03:00:00+00:00
[2025-06-19T00:02:26.918+0000] {processor.py:208} INFO - Processing /opt/airflow/dags/fraud_detection_training_dag.py took 0.298 seconds
[2025-06-19T00:02:57.100+0000] {processor.py:186} INFO - Started process (PID=19272) to work on /opt/airflow/dags/fraud_detection_training_dag.py
[2025-06-19T00:02:57.101+0000] {processor.py:914} INFO - Processing file /opt/airflow/dags/fraud_detection_training_dag.py for tasks to queue
[2025-06-19T00:02:57.104+0000] {logging_mixin.py:190} INFO - [2025-06-19T00:02:57.104+0000] {dagbag.py:588} INFO - Filling up the DagBag from /opt/airflow/dags/fraud_detection_training_dag.py
[2025-06-19T00:02:57.141+0000] {processor.py:925} INFO - DAG(s) 'fraud_detection_training' retrieved from /opt/airflow/dags/fraud_detection_training_dag.py
[2025-06-19T00:02:57.187+0000] {logging_mixin.py:190} INFO - [2025-06-19T00:02:57.186+0000] {dag.py:3239} INFO - Sync 1 DAGs
[2025-06-19T00:02:57.230+0000] {logging_mixin.py:190} INFO - [2025-06-19T00:02:57.230+0000] {dag.py:4180} INFO - Setting next_dagrun for fraud_detection_training to 2025-06-18 03:00:00+00:00, run_after=2025-06-19 03:00:00+00:00
[2025-06-19T00:02:57.271+0000] {processor.py:208} INFO - Processing /opt/airflow/dags/fraud_detection_training_dag.py took 0.181 seconds
[2025-06-19T00:03:27.595+0000] {processor.py:186} INFO - Started process (PID=19279) to work on /opt/airflow/dags/fraud_detection_training_dag.py
[2025-06-19T00:03:27.596+0000] {processor.py:914} INFO - Processing file /opt/airflow/dags/fraud_detection_training_dag.py for tasks to queue
[2025-06-19T00:03:27.599+0000] {logging_mixin.py:190} INFO - [2025-06-19T00:03:27.598+0000] {dagbag.py:588} INFO - Filling up the DagBag from /opt/airflow/dags/fraud_detection_training_dag.py
[2025-06-19T00:03:27.637+0000] {processor.py:925} INFO - DAG(s) 'fraud_detection_training' retrieved from /opt/airflow/dags/fraud_detection_training_dag.py
[2025-06-19T00:03:27.680+0000] {logging_mixin.py:190} INFO - [2025-06-19T00:03:27.680+0000] {dag.py:3239} INFO - Sync 1 DAGs
[2025-06-19T00:03:27.726+0000] {logging_mixin.py:190} INFO - [2025-06-19T00:03:27.725+0000] {dag.py:4180} INFO - Setting next_dagrun for fraud_detection_training to 2025-06-18 03:00:00+00:00, run_after=2025-06-19 03:00:00+00:00
[2025-06-19T00:03:27.769+0000] {processor.py:208} INFO - Processing /opt/airflow/dags/fraud_detection_training_dag.py took 0.183 seconds
[2025-06-19T00:03:57.942+0000] {processor.py:186} INFO - Started process (PID=19286) to work on /opt/airflow/dags/fraud_detection_training_dag.py
[2025-06-19T00:03:57.943+0000] {processor.py:914} INFO - Processing file /opt/airflow/dags/fraud_detection_training_dag.py for tasks to queue
[2025-06-19T00:03:57.946+0000] {logging_mixin.py:190} INFO - [2025-06-19T00:03:57.945+0000] {dagbag.py:588} INFO - Filling up the DagBag from /opt/airflow/dags/fraud_detection_training_dag.py
[2025-06-19T00:03:57.985+0000] {processor.py:925} INFO - DAG(s) 'fraud_detection_training' retrieved from /opt/airflow/dags/fraud_detection_training_dag.py
[2025-06-19T00:03:58.030+0000] {logging_mixin.py:190} INFO - [2025-06-19T00:03:58.029+0000] {dag.py:3239} INFO - Sync 1 DAGs
[2025-06-19T00:03:58.073+0000] {logging_mixin.py:190} INFO - [2025-06-19T00:03:58.072+0000] {dag.py:4180} INFO - Setting next_dagrun for fraud_detection_training to 2025-06-18 03:00:00+00:00, run_after=2025-06-19 03:00:00+00:00
[2025-06-19T00:03:58.112+0000] {processor.py:208} INFO - Processing /opt/airflow/dags/fraud_detection_training_dag.py took 0.181 seconds
[2025-06-19T00:04:28.409+0000] {processor.py:186} INFO - Started process (PID=19293) to work on /opt/airflow/dags/fraud_detection_training_dag.py
[2025-06-19T00:04:28.411+0000] {processor.py:914} INFO - Processing file /opt/airflow/dags/fraud_detection_training_dag.py for tasks to queue
[2025-06-19T00:04:28.413+0000] {logging_mixin.py:190} INFO - [2025-06-19T00:04:28.412+0000] {dagbag.py:588} INFO - Filling up the DagBag from /opt/airflow/dags/fraud_detection_training_dag.py
[2025-06-19T00:04:28.440+0000] {processor.py:925} INFO - DAG(s) 'fraud_detection_training' retrieved from /opt/airflow/dags/fraud_detection_training_dag.py
[2025-06-19T00:04:28.474+0000] {logging_mixin.py:190} INFO - [2025-06-19T00:04:28.473+0000] {dag.py:3239} INFO - Sync 1 DAGs
[2025-06-19T00:04:28.508+0000] {logging_mixin.py:190} INFO - [2025-06-19T00:04:28.508+0000] {dag.py:4180} INFO - Setting next_dagrun for fraud_detection_training to 2025-06-18 03:00:00+00:00, run_after=2025-06-19 03:00:00+00:00
[2025-06-19T00:04:28.543+0000] {processor.py:208} INFO - Processing /opt/airflow/dags/fraud_detection_training_dag.py took 0.140 seconds
[2025-06-19T00:04:58.763+0000] {processor.py:186} INFO - Started process (PID=19300) to work on /opt/airflow/dags/fraud_detection_training_dag.py
[2025-06-19T00:04:58.765+0000] {processor.py:914} INFO - Processing file /opt/airflow/dags/fraud_detection_training_dag.py for tasks to queue
[2025-06-19T00:04:58.768+0000] {logging_mixin.py:190} INFO - [2025-06-19T00:04:58.767+0000] {dagbag.py:588} INFO - Filling up the DagBag from /opt/airflow/dags/fraud_detection_training_dag.py
[2025-06-19T00:04:58.806+0000] {processor.py:925} INFO - DAG(s) 'fraud_detection_training' retrieved from /opt/airflow/dags/fraud_detection_training_dag.py
[2025-06-19T00:04:58.851+0000] {logging_mixin.py:190} INFO - [2025-06-19T00:04:58.850+0000] {dag.py:3239} INFO - Sync 1 DAGs
[2025-06-19T00:04:58.899+0000] {logging_mixin.py:190} INFO - [2025-06-19T00:04:58.899+0000] {dag.py:4180} INFO - Setting next_dagrun for fraud_detection_training to 2025-06-18 03:00:00+00:00, run_after=2025-06-19 03:00:00+00:00
[2025-06-19T00:04:58.935+0000] {processor.py:208} INFO - Processing /opt/airflow/dags/fraud_detection_training_dag.py took 0.185 seconds
[2025-06-19T00:05:29.218+0000] {processor.py:186} INFO - Started process (PID=19307) to work on /opt/airflow/dags/fraud_detection_training_dag.py
[2025-06-19T00:05:29.219+0000] {processor.py:914} INFO - Processing file /opt/airflow/dags/fraud_detection_training_dag.py for tasks to queue
[2025-06-19T00:05:29.222+0000] {logging_mixin.py:190} INFO - [2025-06-19T00:05:29.221+0000] {dagbag.py:588} INFO - Filling up the DagBag from /opt/airflow/dags/fraud_detection_training_dag.py
[2025-06-19T00:05:29.259+0000] {processor.py:925} INFO - DAG(s) 'fraud_detection_training' retrieved from /opt/airflow/dags/fraud_detection_training_dag.py
[2025-06-19T00:05:29.300+0000] {logging_mixin.py:190} INFO - [2025-06-19T00:05:29.300+0000] {dag.py:3239} INFO - Sync 1 DAGs
[2025-06-19T00:05:29.347+0000] {logging_mixin.py:190} INFO - [2025-06-19T00:05:29.347+0000] {dag.py:4180} INFO - Setting next_dagrun for fraud_detection_training to 2025-06-18 03:00:00+00:00, run_after=2025-06-19 03:00:00+00:00
[2025-06-19T00:05:29.386+0000] {processor.py:208} INFO - Processing /opt/airflow/dags/fraud_detection_training_dag.py took 0.177 seconds
[2025-06-19T00:05:59.594+0000] {processor.py:186} INFO - Started process (PID=19314) to work on /opt/airflow/dags/fraud_detection_training_dag.py
[2025-06-19T00:05:59.596+0000] {processor.py:914} INFO - Processing file /opt/airflow/dags/fraud_detection_training_dag.py for tasks to queue
[2025-06-19T00:05:59.598+0000] {logging_mixin.py:190} INFO - [2025-06-19T00:05:59.598+0000] {dagbag.py:588} INFO - Filling up the DagBag from /opt/airflow/dags/fraud_detection_training_dag.py
[2025-06-19T00:05:59.638+0000] {processor.py:925} INFO - DAG(s) 'fraud_detection_training' retrieved from /opt/airflow/dags/fraud_detection_training_dag.py
[2025-06-19T00:05:59.682+0000] {logging_mixin.py:190} INFO - [2025-06-19T00:05:59.682+0000] {dag.py:3239} INFO - Sync 1 DAGs
[2025-06-19T00:05:59.728+0000] {logging_mixin.py:190} INFO - [2025-06-19T00:05:59.727+0000] {dag.py:4180} INFO - Setting next_dagrun for fraud_detection_training to 2025-06-18 03:00:00+00:00, run_after=2025-06-19 03:00:00+00:00
[2025-06-19T00:05:59.768+0000] {processor.py:208} INFO - Processing /opt/airflow/dags/fraud_detection_training_dag.py took 0.192 seconds
[2025-06-19T00:06:30.055+0000] {processor.py:186} INFO - Started process (PID=19321) to work on /opt/airflow/dags/fraud_detection_training_dag.py
[2025-06-19T00:06:30.056+0000] {processor.py:914} INFO - Processing file /opt/airflow/dags/fraud_detection_training_dag.py for tasks to queue
[2025-06-19T00:06:30.059+0000] {logging_mixin.py:190} INFO - [2025-06-19T00:06:30.058+0000] {dagbag.py:588} INFO - Filling up the DagBag from /opt/airflow/dags/fraud_detection_training_dag.py
[2025-06-19T00:06:30.095+0000] {processor.py:925} INFO - DAG(s) 'fraud_detection_training' retrieved from /opt/airflow/dags/fraud_detection_training_dag.py
[2025-06-19T00:06:30.149+0000] {logging_mixin.py:190} INFO - [2025-06-19T00:06:30.147+0000] {dag.py:3239} INFO - Sync 1 DAGs
[2025-06-19T00:06:30.194+0000] {logging_mixin.py:190} INFO - [2025-06-19T00:06:30.194+0000] {dag.py:4180} INFO - Setting next_dagrun for fraud_detection_training to 2025-06-18 03:00:00+00:00, run_after=2025-06-19 03:00:00+00:00
[2025-06-19T00:06:30.231+0000] {processor.py:208} INFO - Processing /opt/airflow/dags/fraud_detection_training_dag.py took 0.188 seconds
[2025-06-19T00:07:00.519+0000] {processor.py:186} INFO - Started process (PID=19328) to work on /opt/airflow/dags/fraud_detection_training_dag.py
[2025-06-19T00:07:00.521+0000] {processor.py:914} INFO - Processing file /opt/airflow/dags/fraud_detection_training_dag.py for tasks to queue
[2025-06-19T00:07:00.523+0000] {logging_mixin.py:190} INFO - [2025-06-19T00:07:00.523+0000] {dagbag.py:588} INFO - Filling up the DagBag from /opt/airflow/dags/fraud_detection_training_dag.py
[2025-06-19T00:07:00.561+0000] {processor.py:925} INFO - DAG(s) 'fraud_detection_training' retrieved from /opt/airflow/dags/fraud_detection_training_dag.py
[2025-06-19T00:07:00.605+0000] {logging_mixin.py:190} INFO - [2025-06-19T00:07:00.604+0000] {dag.py:3239} INFO - Sync 1 DAGs
[2025-06-19T00:07:00.648+0000] {logging_mixin.py:190} INFO - [2025-06-19T00:07:00.648+0000] {dag.py:4180} INFO - Setting next_dagrun for fraud_detection_training to 2025-06-18 03:00:00+00:00, run_after=2025-06-19 03:00:00+00:00
[2025-06-19T00:07:00.688+0000] {processor.py:208} INFO - Processing /opt/airflow/dags/fraud_detection_training_dag.py took 0.178 seconds
[2025-06-19T00:07:30.916+0000] {processor.py:186} INFO - Started process (PID=19336) to work on /opt/airflow/dags/fraud_detection_training_dag.py
[2025-06-19T00:07:30.917+0000] {processor.py:914} INFO - Processing file /opt/airflow/dags/fraud_detection_training_dag.py for tasks to queue
[2025-06-19T00:07:30.920+0000] {logging_mixin.py:190} INFO - [2025-06-19T00:07:30.919+0000] {dagbag.py:588} INFO - Filling up the DagBag from /opt/airflow/dags/fraud_detection_training_dag.py
[2025-06-19T00:07:30.967+0000] {processor.py:925} INFO - DAG(s) 'fraud_detection_training' retrieved from /opt/airflow/dags/fraud_detection_training_dag.py
[2025-06-19T00:07:31.020+0000] {logging_mixin.py:190} INFO - [2025-06-19T00:07:31.019+0000] {dag.py:3239} INFO - Sync 1 DAGs
[2025-06-19T00:07:31.063+0000] {logging_mixin.py:190} INFO - [2025-06-19T00:07:31.063+0000] {dag.py:4180} INFO - Setting next_dagrun for fraud_detection_training to 2025-06-18 03:00:00+00:00, run_after=2025-06-19 03:00:00+00:00
[2025-06-19T00:07:31.102+0000] {processor.py:208} INFO - Processing /opt/airflow/dags/fraud_detection_training_dag.py took 0.197 seconds
[2025-06-19T00:08:01.349+0000] {processor.py:186} INFO - Started process (PID=19343) to work on /opt/airflow/dags/fraud_detection_training_dag.py
[2025-06-19T00:08:01.351+0000] {processor.py:914} INFO - Processing file /opt/airflow/dags/fraud_detection_training_dag.py for tasks to queue
[2025-06-19T00:08:01.353+0000] {logging_mixin.py:190} INFO - [2025-06-19T00:08:01.352+0000] {dagbag.py:588} INFO - Filling up the DagBag from /opt/airflow/dags/fraud_detection_training_dag.py
[2025-06-19T00:08:01.389+0000] {processor.py:925} INFO - DAG(s) 'fraud_detection_training' retrieved from /opt/airflow/dags/fraud_detection_training_dag.py
[2025-06-19T00:08:01.435+0000] {logging_mixin.py:190} INFO - [2025-06-19T00:08:01.434+0000] {dag.py:3239} INFO - Sync 1 DAGs
[2025-06-19T00:08:01.482+0000] {logging_mixin.py:190} INFO - [2025-06-19T00:08:01.482+0000] {dag.py:4180} INFO - Setting next_dagrun for fraud_detection_training to 2025-06-18 03:00:00+00:00, run_after=2025-06-19 03:00:00+00:00
[2025-06-19T00:08:01.528+0000] {processor.py:208} INFO - Processing /opt/airflow/dags/fraud_detection_training_dag.py took 0.188 seconds
[2025-06-19T00:08:31.775+0000] {processor.py:186} INFO - Started process (PID=19350) to work on /opt/airflow/dags/fraud_detection_training_dag.py
[2025-06-19T00:08:31.777+0000] {processor.py:914} INFO - Processing file /opt/airflow/dags/fraud_detection_training_dag.py for tasks to queue
[2025-06-19T00:08:31.779+0000] {logging_mixin.py:190} INFO - [2025-06-19T00:08:31.779+0000] {dagbag.py:588} INFO - Filling up the DagBag from /opt/airflow/dags/fraud_detection_training_dag.py
[2025-06-19T00:08:31.817+0000] {processor.py:925} INFO - DAG(s) 'fraud_detection_training' retrieved from /opt/airflow/dags/fraud_detection_training_dag.py
[2025-06-19T00:08:31.862+0000] {logging_mixin.py:190} INFO - [2025-06-19T00:08:31.861+0000] {dag.py:3239} INFO - Sync 1 DAGs
[2025-06-19T00:08:31.921+0000] {logging_mixin.py:190} INFO - [2025-06-19T00:08:31.921+0000] {dag.py:4180} INFO - Setting next_dagrun for fraud_detection_training to 2025-06-18 03:00:00+00:00, run_after=2025-06-19 03:00:00+00:00
[2025-06-19T00:08:31.957+0000] {processor.py:208} INFO - Processing /opt/airflow/dags/fraud_detection_training_dag.py took 0.196 seconds
[2025-06-19T00:09:02.185+0000] {processor.py:186} INFO - Started process (PID=19357) to work on /opt/airflow/dags/fraud_detection_training_dag.py
[2025-06-19T00:09:02.187+0000] {processor.py:914} INFO - Processing file /opt/airflow/dags/fraud_detection_training_dag.py for tasks to queue
[2025-06-19T00:09:02.190+0000] {logging_mixin.py:190} INFO - [2025-06-19T00:09:02.189+0000] {dagbag.py:588} INFO - Filling up the DagBag from /opt/airflow/dags/fraud_detection_training_dag.py
[2025-06-19T00:09:02.229+0000] {processor.py:925} INFO - DAG(s) 'fraud_detection_training' retrieved from /opt/airflow/dags/fraud_detection_training_dag.py
[2025-06-19T00:09:02.277+0000] {logging_mixin.py:190} INFO - [2025-06-19T00:09:02.276+0000] {dag.py:3239} INFO - Sync 1 DAGs
[2025-06-19T00:09:02.322+0000] {logging_mixin.py:190} INFO - [2025-06-19T00:09:02.322+0000] {dag.py:4180} INFO - Setting next_dagrun for fraud_detection_training to 2025-06-18 03:00:00+00:00, run_after=2025-06-19 03:00:00+00:00
[2025-06-19T00:09:02.363+0000] {processor.py:208} INFO - Processing /opt/airflow/dags/fraud_detection_training_dag.py took 0.189 seconds
[2025-06-19T00:09:32.606+0000] {processor.py:186} INFO - Started process (PID=19364) to work on /opt/airflow/dags/fraud_detection_training_dag.py
[2025-06-19T00:09:32.608+0000] {processor.py:914} INFO - Processing file /opt/airflow/dags/fraud_detection_training_dag.py for tasks to queue
[2025-06-19T00:09:32.610+0000] {logging_mixin.py:190} INFO - [2025-06-19T00:09:32.609+0000] {dagbag.py:588} INFO - Filling up the DagBag from /opt/airflow/dags/fraud_detection_training_dag.py
[2025-06-19T00:09:32.644+0000] {processor.py:925} INFO - DAG(s) 'fraud_detection_training' retrieved from /opt/airflow/dags/fraud_detection_training_dag.py
[2025-06-19T00:09:32.687+0000] {logging_mixin.py:190} INFO - [2025-06-19T00:09:32.687+0000] {dag.py:3239} INFO - Sync 1 DAGs
[2025-06-19T00:09:32.729+0000] {logging_mixin.py:190} INFO - [2025-06-19T00:09:32.729+0000] {dag.py:4180} INFO - Setting next_dagrun for fraud_detection_training to 2025-06-18 03:00:00+00:00, run_after=2025-06-19 03:00:00+00:00
[2025-06-19T00:09:32.772+0000] {processor.py:208} INFO - Processing /opt/airflow/dags/fraud_detection_training_dag.py took 0.175 seconds
[2025-06-19T00:10:03.039+0000] {processor.py:186} INFO - Started process (PID=19371) to work on /opt/airflow/dags/fraud_detection_training_dag.py
[2025-06-19T00:10:03.041+0000] {processor.py:914} INFO - Processing file /opt/airflow/dags/fraud_detection_training_dag.py for tasks to queue
[2025-06-19T00:10:03.044+0000] {logging_mixin.py:190} INFO - [2025-06-19T00:10:03.044+0000] {dagbag.py:588} INFO - Filling up the DagBag from /opt/airflow/dags/fraud_detection_training_dag.py
[2025-06-19T00:10:03.085+0000] {processor.py:925} INFO - DAG(s) 'fraud_detection_training' retrieved from /opt/airflow/dags/fraud_detection_training_dag.py
[2025-06-19T00:10:03.136+0000] {logging_mixin.py:190} INFO - [2025-06-19T00:10:03.135+0000] {dag.py:3239} INFO - Sync 1 DAGs
[2025-06-19T00:10:03.183+0000] {logging_mixin.py:190} INFO - [2025-06-19T00:10:03.182+0000] {dag.py:4180} INFO - Setting next_dagrun for fraud_detection_training to 2025-06-18 03:00:00+00:00, run_after=2025-06-19 03:00:00+00:00
[2025-06-19T00:10:03.224+0000] {processor.py:208} INFO - Processing /opt/airflow/dags/fraud_detection_training_dag.py took 0.195 seconds
[2025-06-19T00:10:33.425+0000] {processor.py:186} INFO - Started process (PID=19378) to work on /opt/airflow/dags/fraud_detection_training_dag.py
[2025-06-19T00:10:33.427+0000] {processor.py:914} INFO - Processing file /opt/airflow/dags/fraud_detection_training_dag.py for tasks to queue
[2025-06-19T00:10:33.429+0000] {logging_mixin.py:190} INFO - [2025-06-19T00:10:33.429+0000] {dagbag.py:588} INFO - Filling up the DagBag from /opt/airflow/dags/fraud_detection_training_dag.py
[2025-06-19T00:10:33.467+0000] {processor.py:925} INFO - DAG(s) 'fraud_detection_training' retrieved from /opt/airflow/dags/fraud_detection_training_dag.py
[2025-06-19T00:10:33.510+0000] {logging_mixin.py:190} INFO - [2025-06-19T00:10:33.509+0000] {dag.py:3239} INFO - Sync 1 DAGs
[2025-06-19T00:10:33.550+0000] {logging_mixin.py:190} INFO - [2025-06-19T00:10:33.549+0000] {dag.py:4180} INFO - Setting next_dagrun for fraud_detection_training to 2025-06-18 03:00:00+00:00, run_after=2025-06-19 03:00:00+00:00
[2025-06-19T00:10:33.586+0000] {processor.py:208} INFO - Processing /opt/airflow/dags/fraud_detection_training_dag.py took 0.170 seconds
[2025-06-19T00:11:03.909+0000] {processor.py:186} INFO - Started process (PID=19385) to work on /opt/airflow/dags/fraud_detection_training_dag.py
[2025-06-19T00:11:03.911+0000] {processor.py:914} INFO - Processing file /opt/airflow/dags/fraud_detection_training_dag.py for tasks to queue
[2025-06-19T00:11:03.913+0000] {logging_mixin.py:190} INFO - [2025-06-19T00:11:03.912+0000] {dagbag.py:588} INFO - Filling up the DagBag from /opt/airflow/dags/fraud_detection_training_dag.py
[2025-06-19T00:11:03.956+0000] {processor.py:925} INFO - DAG(s) 'fraud_detection_training' retrieved from /opt/airflow/dags/fraud_detection_training_dag.py
[2025-06-19T00:11:04.003+0000] {logging_mixin.py:190} INFO - [2025-06-19T00:11:04.002+0000] {dag.py:3239} INFO - Sync 1 DAGs
[2025-06-19T00:11:04.047+0000] {logging_mixin.py:190} INFO - [2025-06-19T00:11:04.047+0000] {dag.py:4180} INFO - Setting next_dagrun for fraud_detection_training to 2025-06-18 03:00:00+00:00, run_after=2025-06-19 03:00:00+00:00
[2025-06-19T00:11:04.091+0000] {processor.py:208} INFO - Processing /opt/airflow/dags/fraud_detection_training_dag.py took 0.192 seconds
[2025-06-19T00:11:34.284+0000] {processor.py:186} INFO - Started process (PID=19392) to work on /opt/airflow/dags/fraud_detection_training_dag.py
[2025-06-19T00:11:34.286+0000] {processor.py:914} INFO - Processing file /opt/airflow/dags/fraud_detection_training_dag.py for tasks to queue
[2025-06-19T00:11:34.289+0000] {logging_mixin.py:190} INFO - [2025-06-19T00:11:34.289+0000] {dagbag.py:588} INFO - Filling up the DagBag from /opt/airflow/dags/fraud_detection_training_dag.py
[2025-06-19T00:11:34.332+0000] {processor.py:925} INFO - DAG(s) 'fraud_detection_training' retrieved from /opt/airflow/dags/fraud_detection_training_dag.py
[2025-06-19T00:11:34.380+0000] {logging_mixin.py:190} INFO - [2025-06-19T00:11:34.380+0000] {dag.py:3239} INFO - Sync 1 DAGs
[2025-06-19T00:11:34.426+0000] {logging_mixin.py:190} INFO - [2025-06-19T00:11:34.426+0000] {dag.py:4180} INFO - Setting next_dagrun for fraud_detection_training to 2025-06-18 03:00:00+00:00, run_after=2025-06-19 03:00:00+00:00
[2025-06-19T00:11:34.464+0000] {processor.py:208} INFO - Processing /opt/airflow/dags/fraud_detection_training_dag.py took 0.195 seconds
[2025-06-19T00:12:04.904+0000] {processor.py:186} INFO - Started process (PID=19399) to work on /opt/airflow/dags/fraud_detection_training_dag.py
[2025-06-19T00:12:04.906+0000] {processor.py:914} INFO - Processing file /opt/airflow/dags/fraud_detection_training_dag.py for tasks to queue
[2025-06-19T00:12:04.908+0000] {logging_mixin.py:190} INFO - [2025-06-19T00:12:04.907+0000] {dagbag.py:588} INFO - Filling up the DagBag from /opt/airflow/dags/fraud_detection_training_dag.py
[2025-06-19T00:12:04.952+0000] {processor.py:925} INFO - DAG(s) 'fraud_detection_training' retrieved from /opt/airflow/dags/fraud_detection_training_dag.py
[2025-06-19T00:12:05.014+0000] {logging_mixin.py:190} INFO - [2025-06-19T00:12:05.014+0000] {dag.py:3239} INFO - Sync 1 DAGs
[2025-06-19T00:12:05.075+0000] {logging_mixin.py:190} INFO - [2025-06-19T00:12:05.074+0000] {dag.py:4180} INFO - Setting next_dagrun for fraud_detection_training to 2025-06-18 03:00:00+00:00, run_after=2025-06-19 03:00:00+00:00
[2025-06-19T00:12:05.130+0000] {processor.py:208} INFO - Processing /opt/airflow/dags/fraud_detection_training_dag.py took 0.237 seconds
[2025-06-19T00:12:35.246+0000] {processor.py:186} INFO - Started process (PID=19407) to work on /opt/airflow/dags/fraud_detection_training_dag.py
[2025-06-19T00:12:35.248+0000] {processor.py:914} INFO - Processing file /opt/airflow/dags/fraud_detection_training_dag.py for tasks to queue
[2025-06-19T00:12:35.257+0000] {logging_mixin.py:190} INFO - [2025-06-19T00:12:35.255+0000] {dagbag.py:588} INFO - Filling up the DagBag from /opt/airflow/dags/fraud_detection_training_dag.py
[2025-06-19T00:12:35.298+0000] {processor.py:925} INFO - DAG(s) 'fraud_detection_training' retrieved from /opt/airflow/dags/fraud_detection_training_dag.py
[2025-06-19T00:12:35.346+0000] {logging_mixin.py:190} INFO - [2025-06-19T00:12:35.346+0000] {dag.py:3239} INFO - Sync 1 DAGs
[2025-06-19T00:12:35.391+0000] {logging_mixin.py:190} INFO - [2025-06-19T00:12:35.390+0000] {dag.py:4180} INFO - Setting next_dagrun for fraud_detection_training to 2025-06-18 03:00:00+00:00, run_after=2025-06-19 03:00:00+00:00
[2025-06-19T00:12:35.434+0000] {processor.py:208} INFO - Processing /opt/airflow/dags/fraud_detection_training_dag.py took 0.199 seconds
[2025-06-19T00:13:05.786+0000] {processor.py:186} INFO - Started process (PID=19414) to work on /opt/airflow/dags/fraud_detection_training_dag.py
[2025-06-19T00:13:05.789+0000] {processor.py:914} INFO - Processing file /opt/airflow/dags/fraud_detection_training_dag.py for tasks to queue
[2025-06-19T00:13:05.792+0000] {logging_mixin.py:190} INFO - [2025-06-19T00:13:05.792+0000] {dagbag.py:588} INFO - Filling up the DagBag from /opt/airflow/dags/fraud_detection_training_dag.py
[2025-06-19T00:13:05.831+0000] {processor.py:925} INFO - DAG(s) 'fraud_detection_training' retrieved from /opt/airflow/dags/fraud_detection_training_dag.py
[2025-06-19T00:13:05.876+0000] {logging_mixin.py:190} INFO - [2025-06-19T00:13:05.876+0000] {dag.py:3239} INFO - Sync 1 DAGs
[2025-06-19T00:13:05.923+0000] {logging_mixin.py:190} INFO - [2025-06-19T00:13:05.922+0000] {dag.py:4180} INFO - Setting next_dagrun for fraud_detection_training to 2025-06-18 03:00:00+00:00, run_after=2025-06-19 03:00:00+00:00
[2025-06-19T00:13:05.964+0000] {processor.py:208} INFO - Processing /opt/airflow/dags/fraud_detection_training_dag.py took 0.189 seconds
[2025-06-19T00:13:36.129+0000] {processor.py:186} INFO - Started process (PID=19421) to work on /opt/airflow/dags/fraud_detection_training_dag.py
[2025-06-19T00:13:36.130+0000] {processor.py:914} INFO - Processing file /opt/airflow/dags/fraud_detection_training_dag.py for tasks to queue
[2025-06-19T00:13:36.133+0000] {logging_mixin.py:190} INFO - [2025-06-19T00:13:36.132+0000] {dagbag.py:588} INFO - Filling up the DagBag from /opt/airflow/dags/fraud_detection_training_dag.py
[2025-06-19T00:13:36.169+0000] {processor.py:925} INFO - DAG(s) 'fraud_detection_training' retrieved from /opt/airflow/dags/fraud_detection_training_dag.py
[2025-06-19T00:13:36.216+0000] {logging_mixin.py:190} INFO - [2025-06-19T00:13:36.216+0000] {dag.py:3239} INFO - Sync 1 DAGs
[2025-06-19T00:13:36.262+0000] {logging_mixin.py:190} INFO - [2025-06-19T00:13:36.261+0000] {dag.py:4180} INFO - Setting next_dagrun for fraud_detection_training to 2025-06-18 03:00:00+00:00, run_after=2025-06-19 03:00:00+00:00
[2025-06-19T00:13:36.302+0000] {processor.py:208} INFO - Processing /opt/airflow/dags/fraud_detection_training_dag.py took 0.183 seconds
[2025-06-19T00:14:06.648+0000] {processor.py:186} INFO - Started process (PID=19428) to work on /opt/airflow/dags/fraud_detection_training_dag.py
[2025-06-19T00:14:06.649+0000] {processor.py:914} INFO - Processing file /opt/airflow/dags/fraud_detection_training_dag.py for tasks to queue
[2025-06-19T00:14:06.652+0000] {logging_mixin.py:190} INFO - [2025-06-19T00:14:06.651+0000] {dagbag.py:588} INFO - Filling up the DagBag from /opt/airflow/dags/fraud_detection_training_dag.py
[2025-06-19T00:14:06.692+0000] {processor.py:925} INFO - DAG(s) 'fraud_detection_training' retrieved from /opt/airflow/dags/fraud_detection_training_dag.py
[2025-06-19T00:14:06.737+0000] {logging_mixin.py:190} INFO - [2025-06-19T00:14:06.736+0000] {dag.py:3239} INFO - Sync 1 DAGs
[2025-06-19T00:14:06.787+0000] {logging_mixin.py:190} INFO - [2025-06-19T00:14:06.787+0000] {dag.py:4180} INFO - Setting next_dagrun for fraud_detection_training to 2025-06-18 03:00:00+00:00, run_after=2025-06-19 03:00:00+00:00
[2025-06-19T00:14:06.822+0000] {processor.py:208} INFO - Processing /opt/airflow/dags/fraud_detection_training_dag.py took 0.186 seconds
[2025-06-19T00:14:36.980+0000] {processor.py:186} INFO - Started process (PID=19435) to work on /opt/airflow/dags/fraud_detection_training_dag.py
[2025-06-19T00:14:36.982+0000] {processor.py:914} INFO - Processing file /opt/airflow/dags/fraud_detection_training_dag.py for tasks to queue
[2025-06-19T00:14:36.985+0000] {logging_mixin.py:190} INFO - [2025-06-19T00:14:36.984+0000] {dagbag.py:588} INFO - Filling up the DagBag from /opt/airflow/dags/fraud_detection_training_dag.py
[2025-06-19T00:14:37.026+0000] {processor.py:925} INFO - DAG(s) 'fraud_detection_training' retrieved from /opt/airflow/dags/fraud_detection_training_dag.py
[2025-06-19T00:14:37.074+0000] {logging_mixin.py:190} INFO - [2025-06-19T00:14:37.073+0000] {dag.py:3239} INFO - Sync 1 DAGs
[2025-06-19T00:14:37.120+0000] {logging_mixin.py:190} INFO - [2025-06-19T00:14:37.120+0000] {dag.py:4180} INFO - Setting next_dagrun for fraud_detection_training to 2025-06-18 03:00:00+00:00, run_after=2025-06-19 03:00:00+00:00
[2025-06-19T00:14:37.156+0000] {processor.py:208} INFO - Processing /opt/airflow/dags/fraud_detection_training_dag.py took 0.187 seconds
[2025-06-19T00:15:07.296+0000] {processor.py:186} INFO - Started process (PID=19442) to work on /opt/airflow/dags/fraud_detection_training_dag.py
[2025-06-19T00:15:07.298+0000] {processor.py:914} INFO - Processing file /opt/airflow/dags/fraud_detection_training_dag.py for tasks to queue
[2025-06-19T00:15:07.300+0000] {logging_mixin.py:190} INFO - [2025-06-19T00:15:07.299+0000] {dagbag.py:588} INFO - Filling up the DagBag from /opt/airflow/dags/fraud_detection_training_dag.py
[2025-06-19T00:15:07.338+0000] {processor.py:925} INFO - DAG(s) 'fraud_detection_training' retrieved from /opt/airflow/dags/fraud_detection_training_dag.py
[2025-06-19T00:15:07.399+0000] {logging_mixin.py:190} INFO - [2025-06-19T00:15:07.399+0000] {dag.py:3239} INFO - Sync 1 DAGs
[2025-06-19T00:15:07.443+0000] {logging_mixin.py:190} INFO - [2025-06-19T00:15:07.443+0000] {dag.py:4180} INFO - Setting next_dagrun for fraud_detection_training to 2025-06-18 03:00:00+00:00, run_after=2025-06-19 03:00:00+00:00
[2025-06-19T00:15:07.476+0000] {processor.py:208} INFO - Processing /opt/airflow/dags/fraud_detection_training_dag.py took 0.188 seconds
[2025-06-19T00:15:37.819+0000] {processor.py:186} INFO - Started process (PID=19449) to work on /opt/airflow/dags/fraud_detection_training_dag.py
[2025-06-19T00:15:37.820+0000] {processor.py:914} INFO - Processing file /opt/airflow/dags/fraud_detection_training_dag.py for tasks to queue
[2025-06-19T00:15:37.824+0000] {logging_mixin.py:190} INFO - [2025-06-19T00:15:37.823+0000] {dagbag.py:588} INFO - Filling up the DagBag from /opt/airflow/dags/fraud_detection_training_dag.py
[2025-06-19T00:15:37.868+0000] {processor.py:925} INFO - DAG(s) 'fraud_detection_training' retrieved from /opt/airflow/dags/fraud_detection_training_dag.py
[2025-06-19T00:15:37.922+0000] {logging_mixin.py:190} INFO - [2025-06-19T00:15:37.921+0000] {dag.py:3239} INFO - Sync 1 DAGs
[2025-06-19T00:15:37.982+0000] {logging_mixin.py:190} INFO - [2025-06-19T00:15:37.981+0000] {dag.py:4180} INFO - Setting next_dagrun for fraud_detection_training to 2025-06-18 03:00:00+00:00, run_after=2025-06-19 03:00:00+00:00
[2025-06-19T00:15:38.036+0000] {processor.py:208} INFO - Processing /opt/airflow/dags/fraud_detection_training_dag.py took 0.230 seconds
[2025-06-19T00:16:08.184+0000] {processor.py:186} INFO - Started process (PID=19456) to work on /opt/airflow/dags/fraud_detection_training_dag.py
[2025-06-19T00:16:08.186+0000] {processor.py:914} INFO - Processing file /opt/airflow/dags/fraud_detection_training_dag.py for tasks to queue
[2025-06-19T00:16:08.188+0000] {logging_mixin.py:190} INFO - [2025-06-19T00:16:08.188+0000] {dagbag.py:588} INFO - Filling up the DagBag from /opt/airflow/dags/fraud_detection_training_dag.py
[2025-06-19T00:16:08.223+0000] {processor.py:925} INFO - DAG(s) 'fraud_detection_training' retrieved from /opt/airflow/dags/fraud_detection_training_dag.py
[2025-06-19T00:16:08.274+0000] {logging_mixin.py:190} INFO - [2025-06-19T00:16:08.274+0000] {dag.py:3239} INFO - Sync 1 DAGs
[2025-06-19T00:16:08.320+0000] {logging_mixin.py:190} INFO - [2025-06-19T00:16:08.319+0000] {dag.py:4180} INFO - Setting next_dagrun for fraud_detection_training to 2025-06-18 03:00:00+00:00, run_after=2025-06-19 03:00:00+00:00
[2025-06-19T00:16:08.355+0000] {processor.py:208} INFO - Processing /opt/airflow/dags/fraud_detection_training_dag.py took 0.181 seconds
[2025-06-19T00:16:38.705+0000] {processor.py:186} INFO - Started process (PID=19463) to work on /opt/airflow/dags/fraud_detection_training_dag.py
[2025-06-19T00:16:38.707+0000] {processor.py:914} INFO - Processing file /opt/airflow/dags/fraud_detection_training_dag.py for tasks to queue
[2025-06-19T00:16:38.709+0000] {logging_mixin.py:190} INFO - [2025-06-19T00:16:38.709+0000] {dagbag.py:588} INFO - Filling up the DagBag from /opt/airflow/dags/fraud_detection_training_dag.py
[2025-06-19T00:16:38.748+0000] {processor.py:925} INFO - DAG(s) 'fraud_detection_training' retrieved from /opt/airflow/dags/fraud_detection_training_dag.py
[2025-06-19T00:16:38.790+0000] {logging_mixin.py:190} INFO - [2025-06-19T00:16:38.790+0000] {dag.py:3239} INFO - Sync 1 DAGs
[2025-06-19T00:16:38.832+0000] {logging_mixin.py:190} INFO - [2025-06-19T00:16:38.832+0000] {dag.py:4180} INFO - Setting next_dagrun for fraud_detection_training to 2025-06-18 03:00:00+00:00, run_after=2025-06-19 03:00:00+00:00
[2025-06-19T00:16:38.872+0000] {processor.py:208} INFO - Processing /opt/airflow/dags/fraud_detection_training_dag.py took 0.175 seconds
[2025-06-19T00:17:09.131+0000] {processor.py:186} INFO - Started process (PID=19470) to work on /opt/airflow/dags/fraud_detection_training_dag.py
[2025-06-19T00:17:09.133+0000] {processor.py:914} INFO - Processing file /opt/airflow/dags/fraud_detection_training_dag.py for tasks to queue
[2025-06-19T00:17:09.136+0000] {logging_mixin.py:190} INFO - [2025-06-19T00:17:09.136+0000] {dagbag.py:588} INFO - Filling up the DagBag from /opt/airflow/dags/fraud_detection_training_dag.py
[2025-06-19T00:17:09.173+0000] {processor.py:925} INFO - DAG(s) 'fraud_detection_training' retrieved from /opt/airflow/dags/fraud_detection_training_dag.py
[2025-06-19T00:17:09.215+0000] {logging_mixin.py:190} INFO - [2025-06-19T00:17:09.215+0000] {dag.py:3239} INFO - Sync 1 DAGs
[2025-06-19T00:17:09.257+0000] {logging_mixin.py:190} INFO - [2025-06-19T00:17:09.256+0000] {dag.py:4180} INFO - Setting next_dagrun for fraud_detection_training to 2025-06-18 03:00:00+00:00, run_after=2025-06-19 03:00:00+00:00
[2025-06-19T00:17:09.296+0000] {processor.py:208} INFO - Processing /opt/airflow/dags/fraud_detection_training_dag.py took 0.173 seconds
[2025-06-19T00:17:39.513+0000] {processor.py:186} INFO - Started process (PID=19477) to work on /opt/airflow/dags/fraud_detection_training_dag.py
[2025-06-19T00:17:39.515+0000] {processor.py:914} INFO - Processing file /opt/airflow/dags/fraud_detection_training_dag.py for tasks to queue
[2025-06-19T00:17:39.517+0000] {logging_mixin.py:190} INFO - [2025-06-19T00:17:39.516+0000] {dagbag.py:588} INFO - Filling up the DagBag from /opt/airflow/dags/fraud_detection_training_dag.py
[2025-06-19T00:17:39.554+0000] {processor.py:925} INFO - DAG(s) 'fraud_detection_training' retrieved from /opt/airflow/dags/fraud_detection_training_dag.py
[2025-06-19T00:17:39.601+0000] {logging_mixin.py:190} INFO - [2025-06-19T00:17:39.601+0000] {dag.py:3239} INFO - Sync 1 DAGs
[2025-06-19T00:17:39.645+0000] {logging_mixin.py:190} INFO - [2025-06-19T00:17:39.645+0000] {dag.py:4180} INFO - Setting next_dagrun for fraud_detection_training to 2025-06-18 03:00:00+00:00, run_after=2025-06-19 03:00:00+00:00
[2025-06-19T00:17:39.685+0000] {processor.py:208} INFO - Processing /opt/airflow/dags/fraud_detection_training_dag.py took 0.181 seconds
[2025-06-19T00:18:09.931+0000] {processor.py:186} INFO - Started process (PID=19484) to work on /opt/airflow/dags/fraud_detection_training_dag.py
[2025-06-19T00:18:09.933+0000] {processor.py:914} INFO - Processing file /opt/airflow/dags/fraud_detection_training_dag.py for tasks to queue
[2025-06-19T00:18:09.935+0000] {logging_mixin.py:190} INFO - [2025-06-19T00:18:09.934+0000] {dagbag.py:588} INFO - Filling up the DagBag from /opt/airflow/dags/fraud_detection_training_dag.py
[2025-06-19T00:18:09.974+0000] {processor.py:925} INFO - DAG(s) 'fraud_detection_training' retrieved from /opt/airflow/dags/fraud_detection_training_dag.py
[2025-06-19T00:18:10.020+0000] {logging_mixin.py:190} INFO - [2025-06-19T00:18:10.020+0000] {dag.py:3239} INFO - Sync 1 DAGs
[2025-06-19T00:18:10.069+0000] {logging_mixin.py:190} INFO - [2025-06-19T00:18:10.068+0000] {dag.py:4180} INFO - Setting next_dagrun for fraud_detection_training to 2025-06-18 03:00:00+00:00, run_after=2025-06-19 03:00:00+00:00
[2025-06-19T00:18:10.107+0000] {processor.py:208} INFO - Processing /opt/airflow/dags/fraud_detection_training_dag.py took 0.186 seconds
[2025-06-19T00:18:40.305+0000] {processor.py:186} INFO - Started process (PID=19491) to work on /opt/airflow/dags/fraud_detection_training_dag.py
[2025-06-19T00:18:40.307+0000] {processor.py:914} INFO - Processing file /opt/airflow/dags/fraud_detection_training_dag.py for tasks to queue
[2025-06-19T00:18:40.308+0000] {logging_mixin.py:190} INFO - [2025-06-19T00:18:40.308+0000] {dagbag.py:588} INFO - Filling up the DagBag from /opt/airflow/dags/fraud_detection_training_dag.py
[2025-06-19T00:18:40.337+0000] {processor.py:925} INFO - DAG(s) 'fraud_detection_training' retrieved from /opt/airflow/dags/fraud_detection_training_dag.py
[2025-06-19T00:18:40.373+0000] {logging_mixin.py:190} INFO - [2025-06-19T00:18:40.372+0000] {dag.py:3239} INFO - Sync 1 DAGs
[2025-06-19T00:18:40.410+0000] {logging_mixin.py:190} INFO - [2025-06-19T00:18:40.410+0000] {dag.py:4180} INFO - Setting next_dagrun for fraud_detection_training to 2025-06-18 03:00:00+00:00, run_after=2025-06-19 03:00:00+00:00
[2025-06-19T00:18:40.441+0000] {processor.py:208} INFO - Processing /opt/airflow/dags/fraud_detection_training_dag.py took 0.144 seconds
[2025-06-19T00:19:10.738+0000] {processor.py:186} INFO - Started process (PID=19504) to work on /opt/airflow/dags/fraud_detection_training_dag.py
[2025-06-19T00:19:10.739+0000] {processor.py:914} INFO - Processing file /opt/airflow/dags/fraud_detection_training_dag.py for tasks to queue
[2025-06-19T00:19:10.741+0000] {logging_mixin.py:190} INFO - [2025-06-19T00:19:10.741+0000] {dagbag.py:588} INFO - Filling up the DagBag from /opt/airflow/dags/fraud_detection_training_dag.py
[2025-06-19T00:19:10.777+0000] {processor.py:925} INFO - DAG(s) 'fraud_detection_training' retrieved from /opt/airflow/dags/fraud_detection_training_dag.py
[2025-06-19T00:19:10.816+0000] {logging_mixin.py:190} INFO - [2025-06-19T00:19:10.816+0000] {dag.py:3239} INFO - Sync 1 DAGs
[2025-06-19T00:19:10.857+0000] {logging_mixin.py:190} INFO - [2025-06-19T00:19:10.856+0000] {dag.py:4180} INFO - Setting next_dagrun for fraud_detection_training to 2025-06-18 03:00:00+00:00, run_after=2025-06-19 03:00:00+00:00
[2025-06-19T00:19:10.886+0000] {processor.py:208} INFO - Processing /opt/airflow/dags/fraud_detection_training_dag.py took 0.157 seconds
[2025-06-19T00:19:41.102+0000] {processor.py:186} INFO - Started process (PID=19511) to work on /opt/airflow/dags/fraud_detection_training_dag.py
[2025-06-19T00:19:41.104+0000] {processor.py:914} INFO - Processing file /opt/airflow/dags/fraud_detection_training_dag.py for tasks to queue
[2025-06-19T00:19:41.106+0000] {logging_mixin.py:190} INFO - [2025-06-19T00:19:41.105+0000] {dagbag.py:588} INFO - Filling up the DagBag from /opt/airflow/dags/fraud_detection_training_dag.py
[2025-06-19T00:19:41.138+0000] {processor.py:925} INFO - DAG(s) 'fraud_detection_training' retrieved from /opt/airflow/dags/fraud_detection_training_dag.py
[2025-06-19T00:19:41.190+0000] {logging_mixin.py:190} INFO - [2025-06-19T00:19:41.189+0000] {dag.py:3239} INFO - Sync 1 DAGs
[2025-06-19T00:19:41.242+0000] {logging_mixin.py:190} INFO - [2025-06-19T00:19:41.242+0000] {dag.py:4180} INFO - Setting next_dagrun for fraud_detection_training to 2025-06-18 03:00:00+00:00, run_after=2025-06-19 03:00:00+00:00
[2025-06-19T00:19:41.285+0000] {processor.py:208} INFO - Processing /opt/airflow/dags/fraud_detection_training_dag.py took 0.192 seconds
[2025-06-19T00:20:11.575+0000] {processor.py:186} INFO - Started process (PID=19518) to work on /opt/airflow/dags/fraud_detection_training_dag.py
[2025-06-19T00:20:11.578+0000] {processor.py:914} INFO - Processing file /opt/airflow/dags/fraud_detection_training_dag.py for tasks to queue
[2025-06-19T00:20:11.582+0000] {logging_mixin.py:190} INFO - [2025-06-19T00:20:11.582+0000] {dagbag.py:588} INFO - Filling up the DagBag from /opt/airflow/dags/fraud_detection_training_dag.py
[2025-06-19T00:20:11.622+0000] {processor.py:925} INFO - DAG(s) 'fraud_detection_training' retrieved from /opt/airflow/dags/fraud_detection_training_dag.py
[2025-06-19T00:20:11.679+0000] {logging_mixin.py:190} INFO - [2025-06-19T00:20:11.678+0000] {dag.py:3239} INFO - Sync 1 DAGs
[2025-06-19T00:20:11.735+0000] {logging_mixin.py:190} INFO - [2025-06-19T00:20:11.735+0000] {dag.py:4180} INFO - Setting next_dagrun for fraud_detection_training to 2025-06-18 03:00:00+00:00, run_after=2025-06-19 03:00:00+00:00
[2025-06-19T00:20:11.786+0000] {processor.py:208} INFO - Processing /opt/airflow/dags/fraud_detection_training_dag.py took 0.221 seconds
[2025-06-19T00:20:41.938+0000] {processor.py:186} INFO - Started process (PID=19525) to work on /opt/airflow/dags/fraud_detection_training_dag.py
[2025-06-19T00:20:41.940+0000] {processor.py:914} INFO - Processing file /opt/airflow/dags/fraud_detection_training_dag.py for tasks to queue
[2025-06-19T00:20:41.943+0000] {logging_mixin.py:190} INFO - [2025-06-19T00:20:41.942+0000] {dagbag.py:588} INFO - Filling up the DagBag from /opt/airflow/dags/fraud_detection_training_dag.py
[2025-06-19T00:20:41.980+0000] {processor.py:925} INFO - DAG(s) 'fraud_detection_training' retrieved from /opt/airflow/dags/fraud_detection_training_dag.py
[2025-06-19T00:20:42.023+0000] {logging_mixin.py:190} INFO - [2025-06-19T00:20:42.023+0000] {dag.py:3239} INFO - Sync 1 DAGs
[2025-06-19T00:20:42.064+0000] {logging_mixin.py:190} INFO - [2025-06-19T00:20:42.064+0000] {dag.py:4180} INFO - Setting next_dagrun for fraud_detection_training to 2025-06-18 03:00:00+00:00, run_after=2025-06-19 03:00:00+00:00
[2025-06-19T00:20:42.118+0000] {processor.py:208} INFO - Processing /opt/airflow/dags/fraud_detection_training_dag.py took 0.190 seconds
[2025-06-19T00:21:12.487+0000] {processor.py:186} INFO - Started process (PID=19532) to work on /opt/airflow/dags/fraud_detection_training_dag.py
[2025-06-19T00:21:12.490+0000] {processor.py:914} INFO - Processing file /opt/airflow/dags/fraud_detection_training_dag.py for tasks to queue
[2025-06-19T00:21:12.492+0000] {logging_mixin.py:190} INFO - [2025-06-19T00:21:12.492+0000] {dagbag.py:588} INFO - Filling up the DagBag from /opt/airflow/dags/fraud_detection_training_dag.py
[2025-06-19T00:21:12.533+0000] {processor.py:925} INFO - DAG(s) 'fraud_detection_training' retrieved from /opt/airflow/dags/fraud_detection_training_dag.py
[2025-06-19T00:21:12.579+0000] {logging_mixin.py:190} INFO - [2025-06-19T00:21:12.578+0000] {dag.py:3239} INFO - Sync 1 DAGs
[2025-06-19T00:21:12.625+0000] {logging_mixin.py:190} INFO - [2025-06-19T00:21:12.624+0000] {dag.py:4180} INFO - Setting next_dagrun for fraud_detection_training to 2025-06-18 03:00:00+00:00, run_after=2025-06-19 03:00:00+00:00
[2025-06-19T00:21:12.664+0000] {processor.py:208} INFO - Processing /opt/airflow/dags/fraud_detection_training_dag.py took 0.187 seconds
[2025-06-19T00:21:42.831+0000] {processor.py:186} INFO - Started process (PID=19539) to work on /opt/airflow/dags/fraud_detection_training_dag.py
[2025-06-19T00:21:42.832+0000] {processor.py:914} INFO - Processing file /opt/airflow/dags/fraud_detection_training_dag.py for tasks to queue
[2025-06-19T00:21:42.834+0000] {logging_mixin.py:190} INFO - [2025-06-19T00:21:42.833+0000] {dagbag.py:588} INFO - Filling up the DagBag from /opt/airflow/dags/fraud_detection_training_dag.py
[2025-06-19T00:21:42.869+0000] {processor.py:925} INFO - DAG(s) 'fraud_detection_training' retrieved from /opt/airflow/dags/fraud_detection_training_dag.py
[2025-06-19T00:21:42.913+0000] {logging_mixin.py:190} INFO - [2025-06-19T00:21:42.912+0000] {dag.py:3239} INFO - Sync 1 DAGs
[2025-06-19T00:21:42.966+0000] {logging_mixin.py:190} INFO - [2025-06-19T00:21:42.965+0000] {dag.py:4180} INFO - Setting next_dagrun for fraud_detection_training to 2025-06-18 03:00:00+00:00, run_after=2025-06-19 03:00:00+00:00
[2025-06-19T00:21:43.016+0000] {processor.py:208} INFO - Processing /opt/airflow/dags/fraud_detection_training_dag.py took 0.196 seconds
[2025-06-19T00:22:13.424+0000] {processor.py:186} INFO - Started process (PID=19547) to work on /opt/airflow/dags/fraud_detection_training_dag.py
[2025-06-19T00:22:13.426+0000] {processor.py:914} INFO - Processing file /opt/airflow/dags/fraud_detection_training_dag.py for tasks to queue
[2025-06-19T00:22:13.428+0000] {logging_mixin.py:190} INFO - [2025-06-19T00:22:13.427+0000] {dagbag.py:588} INFO - Filling up the DagBag from /opt/airflow/dags/fraud_detection_training_dag.py
[2025-06-19T00:22:13.463+0000] {processor.py:925} INFO - DAG(s) 'fraud_detection_training' retrieved from /opt/airflow/dags/fraud_detection_training_dag.py
[2025-06-19T00:22:13.510+0000] {logging_mixin.py:190} INFO - [2025-06-19T00:22:13.509+0000] {dag.py:3239} INFO - Sync 1 DAGs
[2025-06-19T00:22:13.554+0000] {logging_mixin.py:190} INFO - [2025-06-19T00:22:13.554+0000] {dag.py:4180} INFO - Setting next_dagrun for fraud_detection_training to 2025-06-18 03:00:00+00:00, run_after=2025-06-19 03:00:00+00:00
[2025-06-19T00:22:13.594+0000] {processor.py:208} INFO - Processing /opt/airflow/dags/fraud_detection_training_dag.py took 0.179 seconds
[2025-06-19T00:22:43.763+0000] {processor.py:186} INFO - Started process (PID=19554) to work on /opt/airflow/dags/fraud_detection_training_dag.py
[2025-06-19T00:22:43.765+0000] {processor.py:914} INFO - Processing file /opt/airflow/dags/fraud_detection_training_dag.py for tasks to queue
[2025-06-19T00:22:43.770+0000] {logging_mixin.py:190} INFO - [2025-06-19T00:22:43.768+0000] {dagbag.py:588} INFO - Filling up the DagBag from /opt/airflow/dags/fraud_detection_training_dag.py
[2025-06-19T00:22:43.810+0000] {processor.py:925} INFO - DAG(s) 'fraud_detection_training' retrieved from /opt/airflow/dags/fraud_detection_training_dag.py
[2025-06-19T00:22:43.854+0000] {logging_mixin.py:190} INFO - [2025-06-19T00:22:43.854+0000] {dag.py:3239} INFO - Sync 1 DAGs
[2025-06-19T00:22:43.895+0000] {logging_mixin.py:190} INFO - [2025-06-19T00:22:43.895+0000] {dag.py:4180} INFO - Setting next_dagrun for fraud_detection_training to 2025-06-18 03:00:00+00:00, run_after=2025-06-19 03:00:00+00:00
[2025-06-19T00:22:43.927+0000] {processor.py:208} INFO - Processing /opt/airflow/dags/fraud_detection_training_dag.py took 0.172 seconds
[2025-06-19T00:23:14.107+0000] {processor.py:186} INFO - Started process (PID=19562) to work on /opt/airflow/dags/fraud_detection_training_dag.py
[2025-06-19T00:23:14.109+0000] {processor.py:914} INFO - Processing file /opt/airflow/dags/fraud_detection_training_dag.py for tasks to queue
[2025-06-19T00:23:14.112+0000] {logging_mixin.py:190} INFO - [2025-06-19T00:23:14.112+0000] {dagbag.py:588} INFO - Filling up the DagBag from /opt/airflow/dags/fraud_detection_training_dag.py
[2025-06-19T00:23:14.149+0000] {processor.py:925} INFO - DAG(s) 'fraud_detection_training' retrieved from /opt/airflow/dags/fraud_detection_training_dag.py
[2025-06-19T00:23:14.205+0000] {logging_mixin.py:190} INFO - [2025-06-19T00:23:14.204+0000] {dag.py:3239} INFO - Sync 1 DAGs
[2025-06-19T00:23:14.259+0000] {logging_mixin.py:190} INFO - [2025-06-19T00:23:14.258+0000] {dag.py:4180} INFO - Setting next_dagrun for fraud_detection_training to 2025-06-18 03:00:00+00:00, run_after=2025-06-19 03:00:00+00:00
[2025-06-19T00:23:14.307+0000] {processor.py:208} INFO - Processing /opt/airflow/dags/fraud_detection_training_dag.py took 0.214 seconds
[2025-06-19T00:23:44.610+0000] {processor.py:186} INFO - Started process (PID=19569) to work on /opt/airflow/dags/fraud_detection_training_dag.py
[2025-06-19T00:23:44.612+0000] {processor.py:914} INFO - Processing file /opt/airflow/dags/fraud_detection_training_dag.py for tasks to queue
[2025-06-19T00:23:44.614+0000] {logging_mixin.py:190} INFO - [2025-06-19T00:23:44.614+0000] {dagbag.py:588} INFO - Filling up the DagBag from /opt/airflow/dags/fraud_detection_training_dag.py
[2025-06-19T00:23:44.654+0000] {processor.py:925} INFO - DAG(s) 'fraud_detection_training' retrieved from /opt/airflow/dags/fraud_detection_training_dag.py
[2025-06-19T00:23:44.700+0000] {logging_mixin.py:190} INFO - [2025-06-19T00:23:44.699+0000] {dag.py:3239} INFO - Sync 1 DAGs
[2025-06-19T00:23:44.745+0000] {logging_mixin.py:190} INFO - [2025-06-19T00:23:44.745+0000] {dag.py:4180} INFO - Setting next_dagrun for fraud_detection_training to 2025-06-18 03:00:00+00:00, run_after=2025-06-19 03:00:00+00:00
[2025-06-19T00:23:44.785+0000] {processor.py:208} INFO - Processing /opt/airflow/dags/fraud_detection_training_dag.py took 0.186 seconds
[2025-06-19T00:24:14.958+0000] {processor.py:186} INFO - Started process (PID=19577) to work on /opt/airflow/dags/fraud_detection_training_dag.py
[2025-06-19T00:24:14.960+0000] {processor.py:914} INFO - Processing file /opt/airflow/dags/fraud_detection_training_dag.py for tasks to queue
[2025-06-19T00:24:14.963+0000] {logging_mixin.py:190} INFO - [2025-06-19T00:24:14.962+0000] {dagbag.py:588} INFO - Filling up the DagBag from /opt/airflow/dags/fraud_detection_training_dag.py
[2025-06-19T00:24:15.002+0000] {processor.py:925} INFO - DAG(s) 'fraud_detection_training' retrieved from /opt/airflow/dags/fraud_detection_training_dag.py
[2025-06-19T00:24:15.057+0000] {logging_mixin.py:190} INFO - [2025-06-19T00:24:15.056+0000] {dag.py:3239} INFO - Sync 1 DAGs
[2025-06-19T00:24:15.116+0000] {logging_mixin.py:190} INFO - [2025-06-19T00:24:15.115+0000] {dag.py:4180} INFO - Setting next_dagrun for fraud_detection_training to 2025-06-18 03:00:00+00:00, run_after=2025-06-19 03:00:00+00:00
[2025-06-19T00:24:15.161+0000] {processor.py:208} INFO - Processing /opt/airflow/dags/fraud_detection_training_dag.py took 0.218 seconds
[2025-06-19T00:24:45.472+0000] {processor.py:186} INFO - Started process (PID=19584) to work on /opt/airflow/dags/fraud_detection_training_dag.py
[2025-06-19T00:24:45.473+0000] {processor.py:914} INFO - Processing file /opt/airflow/dags/fraud_detection_training_dag.py for tasks to queue
[2025-06-19T00:24:45.476+0000] {logging_mixin.py:190} INFO - [2025-06-19T00:24:45.475+0000] {dagbag.py:588} INFO - Filling up the DagBag from /opt/airflow/dags/fraud_detection_training_dag.py
[2025-06-19T00:24:45.517+0000] {processor.py:925} INFO - DAG(s) 'fraud_detection_training' retrieved from /opt/airflow/dags/fraud_detection_training_dag.py
[2025-06-19T00:24:45.563+0000] {logging_mixin.py:190} INFO - [2025-06-19T00:24:45.562+0000] {dag.py:3239} INFO - Sync 1 DAGs
[2025-06-19T00:24:45.618+0000] {logging_mixin.py:190} INFO - [2025-06-19T00:24:45.618+0000] {dag.py:4180} INFO - Setting next_dagrun for fraud_detection_training to 2025-06-18 03:00:00+00:00, run_after=2025-06-19 03:00:00+00:00
[2025-06-19T00:24:45.660+0000] {processor.py:208} INFO - Processing /opt/airflow/dags/fraud_detection_training_dag.py took 0.199 seconds
[2025-06-19T00:25:15.830+0000] {processor.py:186} INFO - Started process (PID=19591) to work on /opt/airflow/dags/fraud_detection_training_dag.py
[2025-06-19T00:25:15.831+0000] {processor.py:914} INFO - Processing file /opt/airflow/dags/fraud_detection_training_dag.py for tasks to queue
[2025-06-19T00:25:15.834+0000] {logging_mixin.py:190} INFO - [2025-06-19T00:25:15.833+0000] {dagbag.py:588} INFO - Filling up the DagBag from /opt/airflow/dags/fraud_detection_training_dag.py
[2025-06-19T00:25:15.874+0000] {processor.py:925} INFO - DAG(s) 'fraud_detection_training' retrieved from /opt/airflow/dags/fraud_detection_training_dag.py
[2025-06-19T00:25:15.915+0000] {logging_mixin.py:190} INFO - [2025-06-19T00:25:15.915+0000] {dag.py:3239} INFO - Sync 1 DAGs
[2025-06-19T00:25:15.956+0000] {logging_mixin.py:190} INFO - [2025-06-19T00:25:15.955+0000] {dag.py:4180} INFO - Setting next_dagrun for fraud_detection_training to 2025-06-18 03:00:00+00:00, run_after=2025-06-19 03:00:00+00:00
[2025-06-19T00:25:15.996+0000] {processor.py:208} INFO - Processing /opt/airflow/dags/fraud_detection_training_dag.py took 0.177 seconds
[2025-06-19T00:25:46.367+0000] {processor.py:186} INFO - Started process (PID=19598) to work on /opt/airflow/dags/fraud_detection_training_dag.py
[2025-06-19T00:25:46.369+0000] {processor.py:914} INFO - Processing file /opt/airflow/dags/fraud_detection_training_dag.py for tasks to queue
[2025-06-19T00:25:46.371+0000] {logging_mixin.py:190} INFO - [2025-06-19T00:25:46.371+0000] {dagbag.py:588} INFO - Filling up the DagBag from /opt/airflow/dags/fraud_detection_training_dag.py
[2025-06-19T00:25:46.411+0000] {processor.py:925} INFO - DAG(s) 'fraud_detection_training' retrieved from /opt/airflow/dags/fraud_detection_training_dag.py
[2025-06-19T00:25:46.457+0000] {logging_mixin.py:190} INFO - [2025-06-19T00:25:46.456+0000] {dag.py:3239} INFO - Sync 1 DAGs
[2025-06-19T00:25:46.501+0000] {logging_mixin.py:190} INFO - [2025-06-19T00:25:46.500+0000] {dag.py:4180} INFO - Setting next_dagrun for fraud_detection_training to 2025-06-18 03:00:00+00:00, run_after=2025-06-19 03:00:00+00:00
[2025-06-19T00:25:46.541+0000] {processor.py:208} INFO - Processing /opt/airflow/dags/fraud_detection_training_dag.py took 0.185 seconds
[2025-06-19T00:26:16.741+0000] {processor.py:186} INFO - Started process (PID=19605) to work on /opt/airflow/dags/fraud_detection_training_dag.py
[2025-06-19T00:26:16.743+0000] {processor.py:914} INFO - Processing file /opt/airflow/dags/fraud_detection_training_dag.py for tasks to queue
[2025-06-19T00:26:16.745+0000] {logging_mixin.py:190} INFO - [2025-06-19T00:26:16.745+0000] {dagbag.py:588} INFO - Filling up the DagBag from /opt/airflow/dags/fraud_detection_training_dag.py
[2025-06-19T00:26:16.795+0000] {processor.py:925} INFO - DAG(s) 'fraud_detection_training' retrieved from /opt/airflow/dags/fraud_detection_training_dag.py
[2025-06-19T00:26:16.844+0000] {logging_mixin.py:190} INFO - [2025-06-19T00:26:16.843+0000] {dag.py:3239} INFO - Sync 1 DAGs
[2025-06-19T00:26:16.887+0000] {logging_mixin.py:190} INFO - [2025-06-19T00:26:16.886+0000] {dag.py:4180} INFO - Setting next_dagrun for fraud_detection_training to 2025-06-18 03:00:00+00:00, run_after=2025-06-19 03:00:00+00:00
[2025-06-19T00:26:16.928+0000] {processor.py:208} INFO - Processing /opt/airflow/dags/fraud_detection_training_dag.py took 0.196 seconds
[2025-06-19T00:26:47.227+0000] {processor.py:186} INFO - Started process (PID=19613) to work on /opt/airflow/dags/fraud_detection_training_dag.py
[2025-06-19T00:26:47.228+0000] {processor.py:914} INFO - Processing file /opt/airflow/dags/fraud_detection_training_dag.py for tasks to queue
[2025-06-19T00:26:47.232+0000] {logging_mixin.py:190} INFO - [2025-06-19T00:26:47.231+0000] {dagbag.py:588} INFO - Filling up the DagBag from /opt/airflow/dags/fraud_detection_training_dag.py
[2025-06-19T00:26:47.271+0000] {processor.py:925} INFO - DAG(s) 'fraud_detection_training' retrieved from /opt/airflow/dags/fraud_detection_training_dag.py
[2025-06-19T00:26:47.322+0000] {logging_mixin.py:190} INFO - [2025-06-19T00:26:47.321+0000] {dag.py:3239} INFO - Sync 1 DAGs
[2025-06-19T00:26:47.373+0000] {logging_mixin.py:190} INFO - [2025-06-19T00:26:47.372+0000] {dag.py:4180} INFO - Setting next_dagrun for fraud_detection_training to 2025-06-18 03:00:00+00:00, run_after=2025-06-19 03:00:00+00:00
[2025-06-19T00:26:47.416+0000] {processor.py:208} INFO - Processing /opt/airflow/dags/fraud_detection_training_dag.py took 0.204 seconds
[2025-06-19T00:27:17.718+0000] {processor.py:186} INFO - Started process (PID=19620) to work on /opt/airflow/dags/fraud_detection_training_dag.py
[2025-06-19T00:27:17.720+0000] {processor.py:914} INFO - Processing file /opt/airflow/dags/fraud_detection_training_dag.py for tasks to queue
[2025-06-19T00:27:17.724+0000] {logging_mixin.py:190} INFO - [2025-06-19T00:27:17.723+0000] {dagbag.py:588} INFO - Filling up the DagBag from /opt/airflow/dags/fraud_detection_training_dag.py
[2025-06-19T00:27:17.758+0000] {processor.py:925} INFO - DAG(s) 'fraud_detection_training' retrieved from /opt/airflow/dags/fraud_detection_training_dag.py
[2025-06-19T00:27:17.807+0000] {logging_mixin.py:190} INFO - [2025-06-19T00:27:17.806+0000] {dag.py:3239} INFO - Sync 1 DAGs
[2025-06-19T00:27:17.863+0000] {logging_mixin.py:190} INFO - [2025-06-19T00:27:17.862+0000] {dag.py:4180} INFO - Setting next_dagrun for fraud_detection_training to 2025-06-18 03:00:00+00:00, run_after=2025-06-19 03:00:00+00:00
[2025-06-19T00:27:17.911+0000] {processor.py:208} INFO - Processing /opt/airflow/dags/fraud_detection_training_dag.py took 0.204 seconds
[2025-06-19T00:27:48.103+0000] {processor.py:186} INFO - Started process (PID=19627) to work on /opt/airflow/dags/fraud_detection_training_dag.py
[2025-06-19T00:27:48.104+0000] {processor.py:914} INFO - Processing file /opt/airflow/dags/fraud_detection_training_dag.py for tasks to queue
[2025-06-19T00:27:48.107+0000] {logging_mixin.py:190} INFO - [2025-06-19T00:27:48.106+0000] {dagbag.py:588} INFO - Filling up the DagBag from /opt/airflow/dags/fraud_detection_training_dag.py
[2025-06-19T00:27:48.142+0000] {processor.py:925} INFO - DAG(s) 'fraud_detection_training' retrieved from /opt/airflow/dags/fraud_detection_training_dag.py
[2025-06-19T00:27:48.190+0000] {logging_mixin.py:190} INFO - [2025-06-19T00:27:48.190+0000] {dag.py:3239} INFO - Sync 1 DAGs
[2025-06-19T00:27:48.246+0000] {logging_mixin.py:190} INFO - [2025-06-19T00:27:48.245+0000] {dag.py:4180} INFO - Setting next_dagrun for fraud_detection_training to 2025-06-18 03:00:00+00:00, run_after=2025-06-19 03:00:00+00:00
[2025-06-19T00:27:48.286+0000] {processor.py:208} INFO - Processing /opt/airflow/dags/fraud_detection_training_dag.py took 0.194 seconds
[2025-06-19T00:28:18.635+0000] {processor.py:186} INFO - Started process (PID=19634) to work on /opt/airflow/dags/fraud_detection_training_dag.py
[2025-06-19T00:28:18.636+0000] {processor.py:914} INFO - Processing file /opt/airflow/dags/fraud_detection_training_dag.py for tasks to queue
[2025-06-19T00:28:18.639+0000] {logging_mixin.py:190} INFO - [2025-06-19T00:28:18.638+0000] {dagbag.py:588} INFO - Filling up the DagBag from /opt/airflow/dags/fraud_detection_training_dag.py
[2025-06-19T00:28:18.672+0000] {processor.py:925} INFO - DAG(s) 'fraud_detection_training' retrieved from /opt/airflow/dags/fraud_detection_training_dag.py
[2025-06-19T00:28:18.712+0000] {logging_mixin.py:190} INFO - [2025-06-19T00:28:18.711+0000] {dag.py:3239} INFO - Sync 1 DAGs
[2025-06-19T00:28:18.756+0000] {logging_mixin.py:190} INFO - [2025-06-19T00:28:18.756+0000] {dag.py:4180} INFO - Setting next_dagrun for fraud_detection_training to 2025-06-18 03:00:00+00:00, run_after=2025-06-19 03:00:00+00:00
[2025-06-19T00:28:18.795+0000] {processor.py:208} INFO - Processing /opt/airflow/dags/fraud_detection_training_dag.py took 0.170 seconds
[2025-06-19T00:28:49.000+0000] {processor.py:186} INFO - Started process (PID=19641) to work on /opt/airflow/dags/fraud_detection_training_dag.py
[2025-06-19T00:28:49.002+0000] {processor.py:914} INFO - Processing file /opt/airflow/dags/fraud_detection_training_dag.py for tasks to queue
[2025-06-19T00:28:49.004+0000] {logging_mixin.py:190} INFO - [2025-06-19T00:28:49.004+0000] {dagbag.py:588} INFO - Filling up the DagBag from /opt/airflow/dags/fraud_detection_training_dag.py
[2025-06-19T00:28:49.045+0000] {processor.py:925} INFO - DAG(s) 'fraud_detection_training' retrieved from /opt/airflow/dags/fraud_detection_training_dag.py
[2025-06-19T00:28:49.092+0000] {logging_mixin.py:190} INFO - [2025-06-19T00:28:49.092+0000] {dag.py:3239} INFO - Sync 1 DAGs
[2025-06-19T00:28:49.137+0000] {logging_mixin.py:190} INFO - [2025-06-19T00:28:49.136+0000] {dag.py:4180} INFO - Setting next_dagrun for fraud_detection_training to 2025-06-18 03:00:00+00:00, run_after=2025-06-19 03:00:00+00:00
[2025-06-19T00:28:49.179+0000] {processor.py:208} INFO - Processing /opt/airflow/dags/fraud_detection_training_dag.py took 0.188 seconds
[2025-06-19T00:29:19.453+0000] {processor.py:186} INFO - Started process (PID=19648) to work on /opt/airflow/dags/fraud_detection_training_dag.py
[2025-06-19T00:29:19.455+0000] {processor.py:914} INFO - Processing file /opt/airflow/dags/fraud_detection_training_dag.py for tasks to queue
[2025-06-19T00:29:19.457+0000] {logging_mixin.py:190} INFO - [2025-06-19T00:29:19.457+0000] {dagbag.py:588} INFO - Filling up the DagBag from /opt/airflow/dags/fraud_detection_training_dag.py
[2025-06-19T00:29:19.498+0000] {processor.py:925} INFO - DAG(s) 'fraud_detection_training' retrieved from /opt/airflow/dags/fraud_detection_training_dag.py
[2025-06-19T00:29:19.549+0000] {logging_mixin.py:190} INFO - [2025-06-19T00:29:19.548+0000] {dag.py:3239} INFO - Sync 1 DAGs
[2025-06-19T00:29:19.597+0000] {logging_mixin.py:190} INFO - [2025-06-19T00:29:19.597+0000] {dag.py:4180} INFO - Setting next_dagrun for fraud_detection_training to 2025-06-18 03:00:00+00:00, run_after=2025-06-19 03:00:00+00:00
[2025-06-19T00:29:19.642+0000] {processor.py:208} INFO - Processing /opt/airflow/dags/fraud_detection_training_dag.py took 0.198 seconds
[2025-06-19T00:29:49.846+0000] {processor.py:186} INFO - Started process (PID=19655) to work on /opt/airflow/dags/fraud_detection_training_dag.py
[2025-06-19T00:29:49.848+0000] {processor.py:914} INFO - Processing file /opt/airflow/dags/fraud_detection_training_dag.py for tasks to queue
[2025-06-19T00:29:49.850+0000] {logging_mixin.py:190} INFO - [2025-06-19T00:29:49.849+0000] {dagbag.py:588} INFO - Filling up the DagBag from /opt/airflow/dags/fraud_detection_training_dag.py
[2025-06-19T00:29:49.888+0000] {processor.py:925} INFO - DAG(s) 'fraud_detection_training' retrieved from /opt/airflow/dags/fraud_detection_training_dag.py
[2025-06-19T00:29:49.929+0000] {logging_mixin.py:190} INFO - [2025-06-19T00:29:49.929+0000] {dag.py:3239} INFO - Sync 1 DAGs
[2025-06-19T00:29:49.973+0000] {logging_mixin.py:190} INFO - [2025-06-19T00:29:49.973+0000] {dag.py:4180} INFO - Setting next_dagrun for fraud_detection_training to 2025-06-18 03:00:00+00:00, run_after=2025-06-19 03:00:00+00:00
[2025-06-19T00:29:50.013+0000] {processor.py:208} INFO - Processing /opt/airflow/dags/fraud_detection_training_dag.py took 0.176 seconds
[2025-06-19T00:30:20.319+0000] {processor.py:186} INFO - Started process (PID=19663) to work on /opt/airflow/dags/fraud_detection_training_dag.py
[2025-06-19T00:30:20.321+0000] {processor.py:914} INFO - Processing file /opt/airflow/dags/fraud_detection_training_dag.py for tasks to queue
[2025-06-19T00:30:20.323+0000] {logging_mixin.py:190} INFO - [2025-06-19T00:30:20.323+0000] {dagbag.py:588} INFO - Filling up the DagBag from /opt/airflow/dags/fraud_detection_training_dag.py
[2025-06-19T00:30:20.357+0000] {processor.py:925} INFO - DAG(s) 'fraud_detection_training' retrieved from /opt/airflow/dags/fraud_detection_training_dag.py
[2025-06-19T00:30:20.400+0000] {logging_mixin.py:190} INFO - [2025-06-19T00:30:20.400+0000] {dag.py:3239} INFO - Sync 1 DAGs
[2025-06-19T00:30:20.446+0000] {logging_mixin.py:190} INFO - [2025-06-19T00:30:20.446+0000] {dag.py:4180} INFO - Setting next_dagrun for fraud_detection_training to 2025-06-18 03:00:00+00:00, run_after=2025-06-19 03:00:00+00:00
[2025-06-19T00:30:20.482+0000] {processor.py:208} INFO - Processing /opt/airflow/dags/fraud_detection_training_dag.py took 0.175 seconds
[2025-06-19T00:30:50.684+0000] {processor.py:186} INFO - Started process (PID=19670) to work on /opt/airflow/dags/fraud_detection_training_dag.py
[2025-06-19T00:30:50.688+0000] {processor.py:914} INFO - Processing file /opt/airflow/dags/fraud_detection_training_dag.py for tasks to queue
[2025-06-19T00:30:50.690+0000] {logging_mixin.py:190} INFO - [2025-06-19T00:30:50.689+0000] {dagbag.py:588} INFO - Filling up the DagBag from /opt/airflow/dags/fraud_detection_training_dag.py
[2025-06-19T00:30:50.731+0000] {processor.py:925} INFO - DAG(s) 'fraud_detection_training' retrieved from /opt/airflow/dags/fraud_detection_training_dag.py
[2025-06-19T00:30:50.779+0000] {logging_mixin.py:190} INFO - [2025-06-19T00:30:50.778+0000] {dag.py:3239} INFO - Sync 1 DAGs
[2025-06-19T00:30:50.820+0000] {logging_mixin.py:190} INFO - [2025-06-19T00:30:50.819+0000] {dag.py:4180} INFO - Setting next_dagrun for fraud_detection_training to 2025-06-18 03:00:00+00:00, run_after=2025-06-19 03:00:00+00:00
[2025-06-19T00:30:50.859+0000] {processor.py:208} INFO - Processing /opt/airflow/dags/fraud_detection_training_dag.py took 0.196 seconds
[2025-06-19T00:31:21.134+0000] {processor.py:186} INFO - Started process (PID=19678) to work on /opt/airflow/dags/fraud_detection_training_dag.py
[2025-06-19T00:31:21.136+0000] {processor.py:914} INFO - Processing file /opt/airflow/dags/fraud_detection_training_dag.py for tasks to queue
[2025-06-19T00:31:21.138+0000] {logging_mixin.py:190} INFO - [2025-06-19T00:31:21.137+0000] {dagbag.py:588} INFO - Filling up the DagBag from /opt/airflow/dags/fraud_detection_training_dag.py
[2025-06-19T00:31:21.177+0000] {processor.py:925} INFO - DAG(s) 'fraud_detection_training' retrieved from /opt/airflow/dags/fraud_detection_training_dag.py
[2025-06-19T00:31:21.223+0000] {logging_mixin.py:190} INFO - [2025-06-19T00:31:21.223+0000] {dag.py:3239} INFO - Sync 1 DAGs
[2025-06-19T00:31:21.274+0000] {logging_mixin.py:190} INFO - [2025-06-19T00:31:21.274+0000] {dag.py:4180} INFO - Setting next_dagrun for fraud_detection_training to 2025-06-18 03:00:00+00:00, run_after=2025-06-19 03:00:00+00:00
[2025-06-19T00:31:21.314+0000] {processor.py:208} INFO - Processing /opt/airflow/dags/fraud_detection_training_dag.py took 0.191 seconds
[2025-06-19T00:31:51.523+0000] {processor.py:186} INFO - Started process (PID=19685) to work on /opt/airflow/dags/fraud_detection_training_dag.py
[2025-06-19T00:31:51.524+0000] {processor.py:914} INFO - Processing file /opt/airflow/dags/fraud_detection_training_dag.py for tasks to queue
[2025-06-19T00:31:51.527+0000] {logging_mixin.py:190} INFO - [2025-06-19T00:31:51.526+0000] {dagbag.py:588} INFO - Filling up the DagBag from /opt/airflow/dags/fraud_detection_training_dag.py
[2025-06-19T00:31:51.566+0000] {processor.py:925} INFO - DAG(s) 'fraud_detection_training' retrieved from /opt/airflow/dags/fraud_detection_training_dag.py
[2025-06-19T00:31:51.606+0000] {logging_mixin.py:190} INFO - [2025-06-19T00:31:51.606+0000] {dag.py:3239} INFO - Sync 1 DAGs
[2025-06-19T00:31:51.652+0000] {logging_mixin.py:190} INFO - [2025-06-19T00:31:51.652+0000] {dag.py:4180} INFO - Setting next_dagrun for fraud_detection_training to 2025-06-18 03:00:00+00:00, run_after=2025-06-19 03:00:00+00:00
[2025-06-19T00:31:51.698+0000] {processor.py:208} INFO - Processing /opt/airflow/dags/fraud_detection_training_dag.py took 0.184 seconds
[2025-06-19T00:32:22.070+0000] {processor.py:186} INFO - Started process (PID=19693) to work on /opt/airflow/dags/fraud_detection_training_dag.py
[2025-06-19T00:32:22.072+0000] {processor.py:914} INFO - Processing file /opt/airflow/dags/fraud_detection_training_dag.py for tasks to queue
[2025-06-19T00:32:22.074+0000] {logging_mixin.py:190} INFO - [2025-06-19T00:32:22.074+0000] {dagbag.py:588} INFO - Filling up the DagBag from /opt/airflow/dags/fraud_detection_training_dag.py
[2025-06-19T00:32:22.113+0000] {processor.py:925} INFO - DAG(s) 'fraud_detection_training' retrieved from /opt/airflow/dags/fraud_detection_training_dag.py
[2025-06-19T00:32:22.159+0000] {logging_mixin.py:190} INFO - [2025-06-19T00:32:22.159+0000] {dag.py:3239} INFO - Sync 1 DAGs
[2025-06-19T00:32:22.202+0000] {logging_mixin.py:190} INFO - [2025-06-19T00:32:22.202+0000] {dag.py:4180} INFO - Setting next_dagrun for fraud_detection_training to 2025-06-18 03:00:00+00:00, run_after=2025-06-19 03:00:00+00:00
[2025-06-19T00:32:22.244+0000] {processor.py:208} INFO - Processing /opt/airflow/dags/fraud_detection_training_dag.py took 0.184 seconds
[2025-06-19T00:32:52.428+0000] {processor.py:186} INFO - Started process (PID=19701) to work on /opt/airflow/dags/fraud_detection_training_dag.py
[2025-06-19T00:32:52.430+0000] {processor.py:914} INFO - Processing file /opt/airflow/dags/fraud_detection_training_dag.py for tasks to queue
[2025-06-19T00:32:52.436+0000] {logging_mixin.py:190} INFO - [2025-06-19T00:32:52.433+0000] {dagbag.py:588} INFO - Filling up the DagBag from /opt/airflow/dags/fraud_detection_training_dag.py
[2025-06-19T00:32:52.478+0000] {processor.py:925} INFO - DAG(s) 'fraud_detection_training' retrieved from /opt/airflow/dags/fraud_detection_training_dag.py
[2025-06-19T00:32:52.532+0000] {logging_mixin.py:190} INFO - [2025-06-19T00:32:52.531+0000] {dag.py:3239} INFO - Sync 1 DAGs
[2025-06-19T00:32:52.578+0000] {logging_mixin.py:190} INFO - [2025-06-19T00:32:52.578+0000] {dag.py:4180} INFO - Setting next_dagrun for fraud_detection_training to 2025-06-18 03:00:00+00:00, run_after=2025-06-19 03:00:00+00:00
[2025-06-19T00:32:52.621+0000] {processor.py:208} INFO - Processing /opt/airflow/dags/fraud_detection_training_dag.py took 0.204 seconds
[2025-06-19T00:33:22.913+0000] {processor.py:186} INFO - Started process (PID=19709) to work on /opt/airflow/dags/fraud_detection_training_dag.py
[2025-06-19T00:33:22.915+0000] {processor.py:914} INFO - Processing file /opt/airflow/dags/fraud_detection_training_dag.py for tasks to queue
[2025-06-19T00:33:22.918+0000] {logging_mixin.py:190} INFO - [2025-06-19T00:33:22.917+0000] {dagbag.py:588} INFO - Filling up the DagBag from /opt/airflow/dags/fraud_detection_training_dag.py
[2025-06-19T00:33:22.954+0000] {processor.py:925} INFO - DAG(s) 'fraud_detection_training' retrieved from /opt/airflow/dags/fraud_detection_training_dag.py
[2025-06-19T00:33:22.998+0000] {logging_mixin.py:190} INFO - [2025-06-19T00:33:22.998+0000] {dag.py:3239} INFO - Sync 1 DAGs
[2025-06-19T00:33:23.042+0000] {logging_mixin.py:190} INFO - [2025-06-19T00:33:23.042+0000] {dag.py:4180} INFO - Setting next_dagrun for fraud_detection_training to 2025-06-18 03:00:00+00:00, run_after=2025-06-19 03:00:00+00:00
[2025-06-19T00:33:23.082+0000] {processor.py:208} INFO - Processing /opt/airflow/dags/fraud_detection_training_dag.py took 0.179 seconds
[2025-06-19T00:33:53.331+0000] {processor.py:186} INFO - Started process (PID=19717) to work on /opt/airflow/dags/fraud_detection_training_dag.py
[2025-06-19T00:33:53.333+0000] {processor.py:914} INFO - Processing file /opt/airflow/dags/fraud_detection_training_dag.py for tasks to queue
[2025-06-19T00:33:53.336+0000] {logging_mixin.py:190} INFO - [2025-06-19T00:33:53.335+0000] {dagbag.py:588} INFO - Filling up the DagBag from /opt/airflow/dags/fraud_detection_training_dag.py
[2025-06-19T00:33:53.376+0000] {processor.py:925} INFO - DAG(s) 'fraud_detection_training' retrieved from /opt/airflow/dags/fraud_detection_training_dag.py
[2025-06-19T00:33:53.421+0000] {logging_mixin.py:190} INFO - [2025-06-19T00:33:53.421+0000] {dag.py:3239} INFO - Sync 1 DAGs
[2025-06-19T00:33:53.461+0000] {logging_mixin.py:190} INFO - [2025-06-19T00:33:53.460+0000] {dag.py:4180} INFO - Setting next_dagrun for fraud_detection_training to 2025-06-18 03:00:00+00:00, run_after=2025-06-19 03:00:00+00:00
[2025-06-19T00:33:53.495+0000] {processor.py:208} INFO - Processing /opt/airflow/dags/fraud_detection_training_dag.py took 0.178 seconds
[2025-06-19T00:34:23.752+0000] {processor.py:186} INFO - Started process (PID=19724) to work on /opt/airflow/dags/fraud_detection_training_dag.py
[2025-06-19T00:34:23.754+0000] {processor.py:914} INFO - Processing file /opt/airflow/dags/fraud_detection_training_dag.py for tasks to queue
[2025-06-19T00:34:23.757+0000] {logging_mixin.py:190} INFO - [2025-06-19T00:34:23.756+0000] {dagbag.py:588} INFO - Filling up the DagBag from /opt/airflow/dags/fraud_detection_training_dag.py
[2025-06-19T00:34:23.799+0000] {processor.py:925} INFO - DAG(s) 'fraud_detection_training' retrieved from /opt/airflow/dags/fraud_detection_training_dag.py
[2025-06-19T00:34:23.850+0000] {logging_mixin.py:190} INFO - [2025-06-19T00:34:23.849+0000] {dag.py:3239} INFO - Sync 1 DAGs
[2025-06-19T00:34:23.906+0000] {logging_mixin.py:190} INFO - [2025-06-19T00:34:23.905+0000] {dag.py:4180} INFO - Setting next_dagrun for fraud_detection_training to 2025-06-18 03:00:00+00:00, run_after=2025-06-19 03:00:00+00:00
[2025-06-19T00:34:23.946+0000] {processor.py:208} INFO - Processing /opt/airflow/dags/fraud_detection_training_dag.py took 0.208 seconds
[2025-06-19T00:34:54.143+0000] {processor.py:186} INFO - Started process (PID=19731) to work on /opt/airflow/dags/fraud_detection_training_dag.py
[2025-06-19T00:34:54.145+0000] {processor.py:914} INFO - Processing file /opt/airflow/dags/fraud_detection_training_dag.py for tasks to queue
[2025-06-19T00:34:54.147+0000] {logging_mixin.py:190} INFO - [2025-06-19T00:34:54.146+0000] {dagbag.py:588} INFO - Filling up the DagBag from /opt/airflow/dags/fraud_detection_training_dag.py
[2025-06-19T00:34:54.181+0000] {processor.py:925} INFO - DAG(s) 'fraud_detection_training' retrieved from /opt/airflow/dags/fraud_detection_training_dag.py
[2025-06-19T00:34:54.224+0000] {logging_mixin.py:190} INFO - [2025-06-19T00:34:54.224+0000] {dag.py:3239} INFO - Sync 1 DAGs
[2025-06-19T00:34:54.266+0000] {logging_mixin.py:190} INFO - [2025-06-19T00:34:54.266+0000] {dag.py:4180} INFO - Setting next_dagrun for fraud_detection_training to 2025-06-18 03:00:00+00:00, run_after=2025-06-19 03:00:00+00:00
[2025-06-19T00:34:54.304+0000] {processor.py:208} INFO - Processing /opt/airflow/dags/fraud_detection_training_dag.py took 0.171 seconds
[2025-06-19T00:35:24.633+0000] {processor.py:186} INFO - Started process (PID=19739) to work on /opt/airflow/dags/fraud_detection_training_dag.py
[2025-06-19T00:35:24.634+0000] {processor.py:914} INFO - Processing file /opt/airflow/dags/fraud_detection_training_dag.py for tasks to queue
[2025-06-19T00:35:24.636+0000] {logging_mixin.py:190} INFO - [2025-06-19T00:35:24.636+0000] {dagbag.py:588} INFO - Filling up the DagBag from /opt/airflow/dags/fraud_detection_training_dag.py
[2025-06-19T00:35:24.681+0000] {processor.py:925} INFO - DAG(s) 'fraud_detection_training' retrieved from /opt/airflow/dags/fraud_detection_training_dag.py
[2025-06-19T00:35:24.731+0000] {logging_mixin.py:190} INFO - [2025-06-19T00:35:24.730+0000] {dag.py:3239} INFO - Sync 1 DAGs
[2025-06-19T00:35:24.780+0000] {logging_mixin.py:190} INFO - [2025-06-19T00:35:24.780+0000] {dag.py:4180} INFO - Setting next_dagrun for fraud_detection_training to 2025-06-18 03:00:00+00:00, run_after=2025-06-19 03:00:00+00:00
[2025-06-19T00:35:24.815+0000] {processor.py:208} INFO - Processing /opt/airflow/dags/fraud_detection_training_dag.py took 0.194 seconds
[2025-06-19T00:35:54.958+0000] {processor.py:186} INFO - Started process (PID=19746) to work on /opt/airflow/dags/fraud_detection_training_dag.py
[2025-06-19T00:35:54.960+0000] {processor.py:914} INFO - Processing file /opt/airflow/dags/fraud_detection_training_dag.py for tasks to queue
[2025-06-19T00:35:54.962+0000] {logging_mixin.py:190} INFO - [2025-06-19T00:35:54.961+0000] {dagbag.py:588} INFO - Filling up the DagBag from /opt/airflow/dags/fraud_detection_training_dag.py
[2025-06-19T00:35:54.999+0000] {processor.py:925} INFO - DAG(s) 'fraud_detection_training' retrieved from /opt/airflow/dags/fraud_detection_training_dag.py
[2025-06-19T00:35:55.045+0000] {logging_mixin.py:190} INFO - [2025-06-19T00:35:55.045+0000] {dag.py:3239} INFO - Sync 1 DAGs
[2025-06-19T00:35:55.100+0000] {logging_mixin.py:190} INFO - [2025-06-19T00:35:55.099+0000] {dag.py:4180} INFO - Setting next_dagrun for fraud_detection_training to 2025-06-18 03:00:00+00:00, run_after=2025-06-19 03:00:00+00:00
[2025-06-19T00:35:55.141+0000] {processor.py:208} INFO - Processing /opt/airflow/dags/fraud_detection_training_dag.py took 0.193 seconds
[2025-06-19T00:36:25.481+0000] {processor.py:186} INFO - Started process (PID=19753) to work on /opt/airflow/dags/fraud_detection_training_dag.py
[2025-06-19T00:36:25.483+0000] {processor.py:914} INFO - Processing file /opt/airflow/dags/fraud_detection_training_dag.py for tasks to queue
[2025-06-19T00:36:25.486+0000] {logging_mixin.py:190} INFO - [2025-06-19T00:36:25.485+0000] {dagbag.py:588} INFO - Filling up the DagBag from /opt/airflow/dags/fraud_detection_training_dag.py
[2025-06-19T00:36:25.524+0000] {processor.py:925} INFO - DAG(s) 'fraud_detection_training' retrieved from /opt/airflow/dags/fraud_detection_training_dag.py
[2025-06-19T00:36:25.572+0000] {logging_mixin.py:190} INFO - [2025-06-19T00:36:25.572+0000] {dag.py:3239} INFO - Sync 1 DAGs
[2025-06-19T00:36:25.622+0000] {logging_mixin.py:190} INFO - [2025-06-19T00:36:25.622+0000] {dag.py:4180} INFO - Setting next_dagrun for fraud_detection_training to 2025-06-18 03:00:00+00:00, run_after=2025-06-19 03:00:00+00:00
[2025-06-19T00:36:25.661+0000] {processor.py:208} INFO - Processing /opt/airflow/dags/fraud_detection_training_dag.py took 0.189 seconds
[2025-06-19T00:36:55.914+0000] {processor.py:186} INFO - Started process (PID=19760) to work on /opt/airflow/dags/fraud_detection_training_dag.py
[2025-06-19T00:36:55.916+0000] {processor.py:914} INFO - Processing file /opt/airflow/dags/fraud_detection_training_dag.py for tasks to queue
[2025-06-19T00:36:55.919+0000] {logging_mixin.py:190} INFO - [2025-06-19T00:36:55.918+0000] {dagbag.py:588} INFO - Filling up the DagBag from /opt/airflow/dags/fraud_detection_training_dag.py
[2025-06-19T00:36:55.955+0000] {processor.py:925} INFO - DAG(s) 'fraud_detection_training' retrieved from /opt/airflow/dags/fraud_detection_training_dag.py
[2025-06-19T00:36:55.997+0000] {logging_mixin.py:190} INFO - [2025-06-19T00:36:55.997+0000] {dag.py:3239} INFO - Sync 1 DAGs
[2025-06-19T00:36:56.044+0000] {logging_mixin.py:190} INFO - [2025-06-19T00:36:56.044+0000] {dag.py:4180} INFO - Setting next_dagrun for fraud_detection_training to 2025-06-18 03:00:00+00:00, run_after=2025-06-19 03:00:00+00:00
[2025-06-19T00:36:56.084+0000] {processor.py:208} INFO - Processing /opt/airflow/dags/fraud_detection_training_dag.py took 0.180 seconds
[2025-06-19T00:37:26.301+0000] {processor.py:186} INFO - Started process (PID=19767) to work on /opt/airflow/dags/fraud_detection_training_dag.py
[2025-06-19T00:37:26.302+0000] {processor.py:914} INFO - Processing file /opt/airflow/dags/fraud_detection_training_dag.py for tasks to queue
[2025-06-19T00:37:26.305+0000] {logging_mixin.py:190} INFO - [2025-06-19T00:37:26.304+0000] {dagbag.py:588} INFO - Filling up the DagBag from /opt/airflow/dags/fraud_detection_training_dag.py
[2025-06-19T00:37:26.335+0000] {processor.py:925} INFO - DAG(s) 'fraud_detection_training' retrieved from /opt/airflow/dags/fraud_detection_training_dag.py
[2025-06-19T00:37:26.376+0000] {logging_mixin.py:190} INFO - [2025-06-19T00:37:26.376+0000] {dag.py:3239} INFO - Sync 1 DAGs
[2025-06-19T00:37:26.417+0000] {logging_mixin.py:190} INFO - [2025-06-19T00:37:26.417+0000] {dag.py:4180} INFO - Setting next_dagrun for fraud_detection_training to 2025-06-18 03:00:00+00:00, run_after=2025-06-19 03:00:00+00:00
[2025-06-19T00:37:26.453+0000] {processor.py:208} INFO - Processing /opt/airflow/dags/fraud_detection_training_dag.py took 0.163 seconds
[2025-06-19T00:37:56.737+0000] {processor.py:186} INFO - Started process (PID=19774) to work on /opt/airflow/dags/fraud_detection_training_dag.py
[2025-06-19T00:37:56.739+0000] {processor.py:914} INFO - Processing file /opt/airflow/dags/fraud_detection_training_dag.py for tasks to queue
[2025-06-19T00:37:56.742+0000] {logging_mixin.py:190} INFO - [2025-06-19T00:37:56.741+0000] {dagbag.py:588} INFO - Filling up the DagBag from /opt/airflow/dags/fraud_detection_training_dag.py
[2025-06-19T00:37:56.786+0000] {processor.py:925} INFO - DAG(s) 'fraud_detection_training' retrieved from /opt/airflow/dags/fraud_detection_training_dag.py
[2025-06-19T00:37:56.845+0000] {logging_mixin.py:190} INFO - [2025-06-19T00:37:56.844+0000] {dag.py:3239} INFO - Sync 1 DAGs
[2025-06-19T00:37:56.918+0000] {logging_mixin.py:190} INFO - [2025-06-19T00:37:56.918+0000] {dag.py:4180} INFO - Setting next_dagrun for fraud_detection_training to 2025-06-18 03:00:00+00:00, run_after=2025-06-19 03:00:00+00:00
[2025-06-19T00:37:56.954+0000] {processor.py:208} INFO - Processing /opt/airflow/dags/fraud_detection_training_dag.py took 0.232 seconds
