[2025-06-22T03:20:19.402+0000] {local_task_job_runner.py:123} INFO - ::group::Pre task execution logs
[2025-06-22T03:20:19.970+0000] {taskinstance.py:2614} INFO - Dependencies all met for dep_context=non-requeueable deps ti=<TaskInstance: fraud_detection_training.cleanup_resources manual__2025-06-22T02:44:18.531786+00:00 [queued]>
[2025-06-22T03:20:20.013+0000] {taskinstance.py:2614} INFO - Dependencies all met for dep_context=requeueable deps ti=<TaskInstance: fraud_detection_training.cleanup_resources manual__2025-06-22T02:44:18.531786+00:00 [queued]>
[2025-06-22T03:20:20.014+0000] {taskinstance.py:2867} INFO - Starting attempt 1 of 1
[2025-06-22T03:20:20.089+0000] {taskinstance.py:2890} INFO - Executing <Task(BashOperator): cleanup_resources> on 2025-06-22 02:44:18.531786+00:00
[2025-06-22T03:20:20.116+0000] {warnings.py:112} WARNING - /home/***/.local/lib/python3.12/site-packages/***/task/task_runner/standard_task_runner.py:70: DeprecationWarning: This process (pid=4419) is multi-threaded, use of fork() may lead to deadlocks in the child.
  pid = os.fork()

[2025-06-22T03:20:20.134+0000] {standard_task_runner.py:104} INFO - Running: ['***', 'tasks', 'run', 'fraud_detection_training', 'cleanup_resources', 'manual__2025-06-22T02:44:18.531786+00:00', '--job-id', '140', '--raw', '--subdir', 'DAGS_FOLDER/fraud_detection_training_dag.py', '--cfg-path', '/tmp/tmplb6cogfv']
[2025-06-22T03:20:20.145+0000] {standard_task_runner.py:105} INFO - Job 140: Subtask cleanup_resources
[2025-06-22T03:20:20.145+0000] {standard_task_runner.py:72} INFO - Started process 4420 to run task
[2025-06-22T03:20:20.854+0000] {task_command.py:467} INFO - Running <TaskInstance: fraud_detection_training.cleanup_resources manual__2025-06-22T02:44:18.531786+00:00 [running]> on host 8e3e0e7b2f03
[2025-06-22T03:20:21.296+0000] {taskinstance.py:3134} INFO - Exporting env vars: AIRFLOW_CTX_DAG_OWNER='Jasjot Parmar' AIRFLOW_CTX_DAG_ID='fraud_detection_training' AIRFLOW_CTX_TASK_ID='cleanup_resources' AIRFLOW_CTX_EXECUTION_DATE='2025-06-22T02:44:18.531786+00:00' AIRFLOW_CTX_TRY_NUMBER='1' AIRFLOW_CTX_DAG_RUN_ID='manual__2025-06-22T02:44:18.531786+00:00'
[2025-06-22T03:20:21.300+0000] {taskinstance.py:732} INFO - ::endgroup::
[2025-06-22T03:20:21.532+0000] {subprocess.py:78} INFO - Tmp dir root location: /tmp
[2025-06-22T03:20:21.547+0000] {subprocess.py:88} INFO - Running command: ['/usr/bin/bash', '-c', 'rm -f /app/tmp/*.pkl']
[2025-06-22T03:20:21.588+0000] {subprocess.py:99} INFO - Output:
[2025-06-22T03:20:21.604+0000] {subprocess.py:110} INFO - Command exited with return code 0
[2025-06-22T03:20:21.670+0000] {taskinstance.py:341} INFO - ::group::Post task execution logs
[2025-06-22T03:20:21.671+0000] {taskinstance.py:353} INFO - Marking task as SUCCESS. dag_id=fraud_detection_training, task_id=cleanup_resources, run_id=manual__2025-06-22T02:44:18.531786+00:00, execution_date=20250622T024418, start_date=20250622T032019, end_date=20250622T032021
[2025-06-22T03:20:21.773+0000] {local_task_job_runner.py:266} INFO - Task exited with return code 0
[2025-06-22T03:20:21.803+0000] {taskinstance.py:3901} INFO - 0 downstream tasks scheduled from follow-on schedule check
[2025-06-22T03:20:21.806+0000] {local_task_job_runner.py:245} INFO - ::endgroup::
