[2025-06-21T07:29:33.308+0000] {local_task_job_runner.py:123} INFO - ::group::Pre task execution logs
[2025-06-21T07:29:33.335+0000] {taskinstance.py:2614} INFO - Dependencies all met for dep_context=non-requeueable deps ti=<TaskInstance: fraud_detection_training.cleanup_resources manual__2025-06-21T07:19:58.702319+00:00 [queued]>
[2025-06-21T07:29:33.345+0000] {taskinstance.py:2614} INFO - Dependencies all met for dep_context=requeueable deps ti=<TaskInstance: fraud_detection_training.cleanup_resources manual__2025-06-21T07:19:58.702319+00:00 [queued]>
[2025-06-21T07:29:33.346+0000] {taskinstance.py:2867} INFO - Starting attempt 1 of 1
[2025-06-21T07:29:33.359+0000] {taskinstance.py:2890} INFO - Executing <Task(BashOperator): cleanup_resources> on 2025-06-21 07:19:58.702319+00:00
[2025-06-21T07:29:33.370+0000] {standard_task_runner.py:104} INFO - Running: ['***', 'tasks', 'run', 'fraud_detection_training', 'cleanup_resources', 'manual__2025-06-21T07:19:58.702319+00:00', '--job-id', '129', '--raw', '--subdir', 'DAGS_FOLDER/fraud_detection_training_dag.py', '--cfg-path', '/tmp/tmp_71dnug9']
[2025-06-21T07:29:33.369+0000] {warnings.py:112} WARNING - /home/***/.local/lib/python3.12/site-packages/***/task/task_runner/standard_task_runner.py:70: DeprecationWarning: This process (pid=222) is multi-threaded, use of fork() may lead to deadlocks in the child.
  pid = os.fork()

[2025-06-21T07:29:33.372+0000] {standard_task_runner.py:105} INFO - Job 129: Subtask cleanup_resources
[2025-06-21T07:29:33.372+0000] {standard_task_runner.py:72} INFO - Started process 223 to run task
[2025-06-21T07:29:33.443+0000] {task_command.py:467} INFO - Running <TaskInstance: fraud_detection_training.cleanup_resources manual__2025-06-21T07:19:58.702319+00:00 [running]> on host 8e3e0e7b2f03
[2025-06-21T07:29:33.571+0000] {taskinstance.py:3134} INFO - Exporting env vars: AIRFLOW_CTX_DAG_OWNER='Jasjot Parmar' AIRFLOW_CTX_DAG_ID='fraud_detection_training' AIRFLOW_CTX_TASK_ID='cleanup_resources' AIRFLOW_CTX_EXECUTION_DATE='2025-06-21T07:19:58.702319+00:00' AIRFLOW_CTX_TRY_NUMBER='1' AIRFLOW_CTX_DAG_RUN_ID='manual__2025-06-21T07:19:58.702319+00:00'
[2025-06-21T07:29:33.572+0000] {taskinstance.py:732} INFO - ::endgroup::
[2025-06-21T07:29:33.597+0000] {subprocess.py:78} INFO - Tmp dir root location: /tmp
[2025-06-21T07:29:33.599+0000] {subprocess.py:88} INFO - Running command: ['/usr/bin/bash', '-c', 'rm -f /app/tmp/*.pkl']
[2025-06-21T07:29:33.614+0000] {subprocess.py:99} INFO - Output:
[2025-06-21T07:29:33.622+0000] {subprocess.py:110} INFO - Command exited with return code 0
[2025-06-21T07:29:33.649+0000] {taskinstance.py:341} INFO - ::group::Post task execution logs
[2025-06-21T07:29:33.649+0000] {taskinstance.py:353} INFO - Marking task as SUCCESS. dag_id=fraud_detection_training, task_id=cleanup_resources, run_id=manual__2025-06-21T07:19:58.702319+00:00, execution_date=20250621T071958, start_date=20250621T072933, end_date=20250621T072933
[2025-06-21T07:29:33.711+0000] {local_task_job_runner.py:266} INFO - Task exited with return code 0
[2025-06-21T07:29:33.729+0000] {taskinstance.py:3901} INFO - 0 downstream tasks scheduled from follow-on schedule check
[2025-06-21T07:29:33.731+0000] {local_task_job_runner.py:245} INFO - ::endgroup::
