[2025-06-22T05:11:29.766+0000] {local_task_job_runner.py:123} INFO - ::group::Pre task execution logs
[2025-06-22T05:11:29.793+0000] {taskinstance.py:2614} INFO - Dependencies all met for dep_context=non-requeueable deps ti=<TaskInstance: fraud_detection_training.cleanup_resources manual__2025-06-22T04:51:24.337883+00:00 [queued]>
[2025-06-22T05:11:29.804+0000] {taskinstance.py:2614} INFO - Dependencies all met for dep_context=requeueable deps ti=<TaskInstance: fraud_detection_training.cleanup_resources manual__2025-06-22T04:51:24.337883+00:00 [queued]>
[2025-06-22T05:11:29.806+0000] {taskinstance.py:2867} INFO - Starting attempt 1 of 1
[2025-06-22T05:11:29.818+0000] {taskinstance.py:2890} INFO - Executing <Task(BashOperator): cleanup_resources> on 2025-06-22 04:51:24.337883+00:00
[2025-06-22T05:11:29.826+0000] {warnings.py:112} WARNING - /home/***/.local/lib/python3.12/site-packages/***/task/task_runner/standard_task_runner.py:70: DeprecationWarning: This process (pid=5854) is multi-threaded, use of fork() may lead to deadlocks in the child.
  pid = os.fork()

[2025-06-22T05:11:29.827+0000] {standard_task_runner.py:104} INFO - Running: ['***', 'tasks', 'run', 'fraud_detection_training', 'cleanup_resources', 'manual__2025-06-22T04:51:24.337883+00:00', '--job-id', '147', '--raw', '--subdir', 'DAGS_FOLDER/fraud_detection_training_dag.py', '--cfg-path', '/tmp/tmplnhwy8r8']
[2025-06-22T05:11:29.828+0000] {standard_task_runner.py:72} INFO - Started process 5855 to run task
[2025-06-22T05:11:29.828+0000] {standard_task_runner.py:105} INFO - Job 147: Subtask cleanup_resources
[2025-06-22T05:11:29.885+0000] {task_command.py:467} INFO - Running <TaskInstance: fraud_detection_training.cleanup_resources manual__2025-06-22T04:51:24.337883+00:00 [running]> on host 8e3e0e7b2f03
[2025-06-22T05:11:29.979+0000] {taskinstance.py:3134} INFO - Exporting env vars: AIRFLOW_CTX_DAG_OWNER='Jasjot Parmar' AIRFLOW_CTX_DAG_ID='fraud_detection_training' AIRFLOW_CTX_TASK_ID='cleanup_resources' AIRFLOW_CTX_EXECUTION_DATE='2025-06-22T04:51:24.337883+00:00' AIRFLOW_CTX_TRY_NUMBER='1' AIRFLOW_CTX_DAG_RUN_ID='manual__2025-06-22T04:51:24.337883+00:00'
[2025-06-22T05:11:29.980+0000] {taskinstance.py:732} INFO - ::endgroup::
[2025-06-22T05:11:30.005+0000] {subprocess.py:78} INFO - Tmp dir root location: /tmp
[2025-06-22T05:11:30.007+0000] {subprocess.py:88} INFO - Running command: ['/usr/bin/bash', '-c', 'rm -f /app/tmp/*.pkl']
[2025-06-22T05:11:30.023+0000] {subprocess.py:99} INFO - Output:
[2025-06-22T05:11:30.034+0000] {subprocess.py:110} INFO - Command exited with return code 0
[2025-06-22T05:11:30.072+0000] {taskinstance.py:341} INFO - ::group::Post task execution logs
[2025-06-22T05:11:30.073+0000] {taskinstance.py:353} INFO - Marking task as SUCCESS. dag_id=fraud_detection_training, task_id=cleanup_resources, run_id=manual__2025-06-22T04:51:24.337883+00:00, execution_date=20250622T045124, start_date=20250622T051129, end_date=20250622T051130
[2025-06-22T05:11:30.126+0000] {local_task_job_runner.py:266} INFO - Task exited with return code 0
[2025-06-22T05:11:30.147+0000] {taskinstance.py:3901} INFO - 0 downstream tasks scheduled from follow-on schedule check
[2025-06-22T05:11:30.149+0000] {local_task_job_runner.py:245} INFO - ::endgroup::
