[2025-06-21T03:05:36.403+0000] {local_task_job_runner.py:123} INFO - ::group::Pre task execution logs
[2025-06-21T03:05:36.432+0000] {taskinstance.py:2614} INFO - Dependencies all met for dep_context=non-requeueable deps ti=<TaskInstance: fraud_detection_training.cleanup_resources scheduled__2025-06-20T03:00:00+00:00 [queued]>
[2025-06-21T03:05:36.445+0000] {taskinstance.py:2614} INFO - Dependencies all met for dep_context=requeueable deps ti=<TaskInstance: fraud_detection_training.cleanup_resources scheduled__2025-06-20T03:00:00+00:00 [queued]>
[2025-06-21T03:05:36.446+0000] {taskinstance.py:2867} INFO - Starting attempt 1 of 1
[2025-06-21T03:05:36.464+0000] {taskinstance.py:2890} INFO - Executing <Task(BashOperator): cleanup_resources> on 2025-06-20 03:00:00+00:00
[2025-06-21T03:05:36.474+0000] {warnings.py:112} WARNING - /home/***/.local/lib/python3.12/site-packages/***/task/task_runner/standard_task_runner.py:70: DeprecationWarning: This process (pid=2664) is multi-threaded, use of fork() may lead to deadlocks in the child.
  pid = os.fork()

[2025-06-21T03:05:36.476+0000] {standard_task_runner.py:72} INFO - Started process 2665 to run task
[2025-06-21T03:05:36.476+0000] {standard_task_runner.py:104} INFO - Running: ['***', 'tasks', 'run', 'fraud_detection_training', 'cleanup_resources', 'scheduled__2025-06-20T03:00:00+00:00', '--job-id', '97', '--raw', '--subdir', 'DAGS_FOLDER/fraud_detection_training_dag.py', '--cfg-path', '/tmp/tmp9lcwkpuc']
[2025-06-21T03:05:36.478+0000] {standard_task_runner.py:105} INFO - Job 97: Subtask cleanup_resources
[2025-06-21T03:05:36.537+0000] {task_command.py:467} INFO - Running <TaskInstance: fraud_detection_training.cleanup_resources scheduled__2025-06-20T03:00:00+00:00 [running]> on host 33149e2dec42
[2025-06-21T03:05:36.660+0000] {taskinstance.py:3134} INFO - Exporting env vars: AIRFLOW_CTX_DAG_OWNER='Jasjot Parmar' AIRFLOW_CTX_DAG_ID='fraud_detection_training' AIRFLOW_CTX_TASK_ID='cleanup_resources' AIRFLOW_CTX_EXECUTION_DATE='2025-06-20T03:00:00+00:00' AIRFLOW_CTX_TRY_NUMBER='1' AIRFLOW_CTX_DAG_RUN_ID='scheduled__2025-06-20T03:00:00+00:00'
[2025-06-21T03:05:36.661+0000] {taskinstance.py:732} INFO - ::endgroup::
[2025-06-21T03:05:36.717+0000] {subprocess.py:78} INFO - Tmp dir root location: /tmp
[2025-06-21T03:05:36.719+0000] {subprocess.py:88} INFO - Running command: ['/usr/bin/bash', '-c', 'rm -f /app/tmp/*.pkl']
[2025-06-21T03:05:36.740+0000] {subprocess.py:99} INFO - Output:
[2025-06-21T03:05:36.763+0000] {subprocess.py:110} INFO - Command exited with return code 0
[2025-06-21T03:05:36.797+0000] {taskinstance.py:341} INFO - ::group::Post task execution logs
[2025-06-21T03:05:36.798+0000] {taskinstance.py:353} INFO - Marking task as SUCCESS. dag_id=fraud_detection_training, task_id=cleanup_resources, run_id=scheduled__2025-06-20T03:00:00+00:00, execution_date=20250620T030000, start_date=20250621T030536, end_date=20250621T030536
[2025-06-21T03:05:36.853+0000] {local_task_job_runner.py:266} INFO - Task exited with return code 0
[2025-06-21T03:05:36.875+0000] {taskinstance.py:3901} INFO - 0 downstream tasks scheduled from follow-on schedule check
[2025-06-21T03:05:36.878+0000] {local_task_job_runner.py:245} INFO - ::endgroup::
