[2025-06-26T04:14:49.548+0000] {local_task_job_runner.py:123} INFO - ::group::Pre task execution logs
[2025-06-26T04:14:49.612+0000] {taskinstance.py:2614} INFO - Dependencies all met for dep_context=non-requeueable deps ti=<TaskInstance: fraud_detection_training.cleanup_resources scheduled__2025-06-25T03:00:00+00:00 [queued]>
[2025-06-26T04:14:49.633+0000] {taskinstance.py:2614} INFO - Dependencies all met for dep_context=requeueable deps ti=<TaskInstance: fraud_detection_training.cleanup_resources scheduled__2025-06-25T03:00:00+00:00 [queued]>
[2025-06-26T04:14:49.634+0000] {taskinstance.py:2867} INFO - Starting attempt 1 of 1
[2025-06-26T04:14:49.658+0000] {taskinstance.py:2890} INFO - Executing <Task(BashOperator): cleanup_resources> on 2025-06-25 03:00:00+00:00
[2025-06-26T04:14:49.671+0000] {warnings.py:112} WARNING - /home/***/.local/lib/python3.12/site-packages/***/task/task_runner/standard_task_runner.py:70: DeprecationWarning: This process (pid=5480) is multi-threaded, use of fork() may lead to deadlocks in the child.
  pid = os.fork()

[2025-06-26T04:14:49.674+0000] {standard_task_runner.py:104} INFO - Running: ['***', 'tasks', 'run', 'fraud_detection_training', 'cleanup_resources', 'scheduled__2025-06-25T03:00:00+00:00', '--job-id', '296', '--raw', '--subdir', 'DAGS_FOLDER/fraud_detection_training_dag.py', '--cfg-path', '/tmp/tmpslc0dh3q']
[2025-06-26T04:14:49.677+0000] {standard_task_runner.py:72} INFO - Started process 5481 to run task
[2025-06-26T04:14:49.678+0000] {standard_task_runner.py:105} INFO - Job 296: Subtask cleanup_resources
[2025-06-26T04:14:49.768+0000] {task_command.py:467} INFO - Running <TaskInstance: fraud_detection_training.cleanup_resources scheduled__2025-06-25T03:00:00+00:00 [running]> on host 003a60651790
[2025-06-26T04:14:50.049+0000] {taskinstance.py:3134} INFO - Exporting env vars: AIRFLOW_CTX_DAG_OWNER='Jasjot Parmar' AIRFLOW_CTX_DAG_ID='fraud_detection_training' AIRFLOW_CTX_TASK_ID='cleanup_resources' AIRFLOW_CTX_EXECUTION_DATE='2025-06-25T03:00:00+00:00' AIRFLOW_CTX_TRY_NUMBER='1' AIRFLOW_CTX_DAG_RUN_ID='scheduled__2025-06-25T03:00:00+00:00'
[2025-06-26T04:14:50.051+0000] {taskinstance.py:732} INFO - ::endgroup::
[2025-06-26T04:14:50.129+0000] {subprocess.py:78} INFO - Tmp dir root location: /tmp
[2025-06-26T04:14:50.137+0000] {subprocess.py:88} INFO - Running command: ['/usr/bin/bash', '-c', 'rm -f /app/tmp/*.pkl']
[2025-06-26T04:14:50.161+0000] {subprocess.py:99} INFO - Output:
[2025-06-26T04:14:50.194+0000] {subprocess.py:110} INFO - Command exited with return code 0
[2025-06-26T04:14:50.239+0000] {taskinstance.py:341} INFO - ::group::Post task execution logs
[2025-06-26T04:14:50.240+0000] {taskinstance.py:353} INFO - Marking task as SUCCESS. dag_id=fraud_detection_training, task_id=cleanup_resources, run_id=scheduled__2025-06-25T03:00:00+00:00, execution_date=20250625T030000, start_date=20250626T041449, end_date=20250626T041450
[2025-06-26T04:14:50.314+0000] {local_task_job_runner.py:266} INFO - Task exited with return code 0
[2025-06-26T04:14:50.346+0000] {taskinstance.py:3901} INFO - 0 downstream tasks scheduled from follow-on schedule check
[2025-06-26T04:14:50.349+0000] {local_task_job_runner.py:245} INFO - ::endgroup::
