[2025-07-12T03:00:39.383+0000] {local_task_job_runner.py:123} INFO - ::group::Pre task execution logs
[2025-07-12T03:00:39.447+0000] {taskinstance.py:2614} INFO - Dependencies all met for dep_context=non-requeueable deps ti=<TaskInstance: fraud_detection_training.cleanup_resources scheduled__2025-07-11T03:00:00+00:00 [queued]>
[2025-07-12T03:00:39.476+0000] {taskinstance.py:2614} INFO - Dependencies all met for dep_context=requeueable deps ti=<TaskInstance: fraud_detection_training.cleanup_resources scheduled__2025-07-11T03:00:00+00:00 [queued]>
[2025-07-12T03:00:39.478+0000] {taskinstance.py:2867} INFO - Starting attempt 1 of 1
[2025-07-12T03:00:39.521+0000] {taskinstance.py:2890} INFO - Executing <Task(BashOperator): cleanup_resources> on 2025-07-11 03:00:00+00:00
[2025-07-12T03:00:39.553+0000] {warnings.py:112} WARNING - /home/***/.local/lib/python3.12/site-packages/***/task/task_runner/standard_task_runner.py:70: DeprecationWarning: This process (pid=15623) is multi-threaded, use of fork() may lead to deadlocks in the child.
  pid = os.fork()

[2025-07-12T03:00:39.552+0000] {standard_task_runner.py:104} INFO - Running: ['***', 'tasks', 'run', 'fraud_detection_training', 'cleanup_resources', 'scheduled__2025-07-11T03:00:00+00:00', '--job-id', '74', '--raw', '--subdir', 'DAGS_FOLDER/fraud_detection_training_dag.py', '--cfg-path', '/tmp/tmp8prk40ra']
[2025-07-12T03:00:39.557+0000] {standard_task_runner.py:72} INFO - Started process 15624 to run task
[2025-07-12T03:00:39.557+0000] {standard_task_runner.py:105} INFO - Job 74: Subtask cleanup_resources
[2025-07-12T03:00:39.676+0000] {task_command.py:467} INFO - Running <TaskInstance: fraud_detection_training.cleanup_resources scheduled__2025-07-11T03:00:00+00:00 [running]> on host 4b05f88abac2
[2025-07-12T03:00:39.902+0000] {taskinstance.py:3134} INFO - Exporting env vars: AIRFLOW_CTX_DAG_OWNER='Jasjot Parmar' AIRFLOW_CTX_DAG_ID='fraud_detection_training' AIRFLOW_CTX_TASK_ID='cleanup_resources' AIRFLOW_CTX_EXECUTION_DATE='2025-07-11T03:00:00+00:00' AIRFLOW_CTX_TRY_NUMBER='1' AIRFLOW_CTX_DAG_RUN_ID='scheduled__2025-07-11T03:00:00+00:00'
[2025-07-12T03:00:39.904+0000] {taskinstance.py:732} INFO - ::endgroup::
[2025-07-12T03:00:39.953+0000] {subprocess.py:78} INFO - Tmp dir root location: /tmp
[2025-07-12T03:00:39.957+0000] {subprocess.py:88} INFO - Running command: ['/usr/bin/bash', '-c', 'rm -f /app/tmp/*.pkl']
[2025-07-12T03:00:39.991+0000] {subprocess.py:99} INFO - Output:
[2025-07-12T03:00:40.006+0000] {subprocess.py:110} INFO - Command exited with return code 0
[2025-07-12T03:00:40.090+0000] {taskinstance.py:341} INFO - ::group::Post task execution logs
[2025-07-12T03:00:40.092+0000] {taskinstance.py:353} INFO - Marking task as SUCCESS. dag_id=fraud_detection_training, task_id=cleanup_resources, run_id=scheduled__2025-07-11T03:00:00+00:00, execution_date=20250711T030000, start_date=20250712T030039, end_date=20250712T030040
[2025-07-12T03:00:40.264+0000] {local_task_job_runner.py:266} INFO - Task exited with return code 0
[2025-07-12T03:00:40.310+0000] {taskinstance.py:3901} INFO - 0 downstream tasks scheduled from follow-on schedule check
[2025-07-12T03:00:40.315+0000] {local_task_job_runner.py:245} INFO - ::endgroup::
